<SessionReport version="2" startTime="0" startTimestamp="Dec 24, 2025 14:16:01.164" key="/library/metadata/390" session="kq2g1movx2fzah7558ewwznc" transcode="6tzqdxurv4xndwcerrs9qkjy">
<User id="1" thumb="https://plex.tv/users/a4b2edb13f508413/avatar?c=1766473066" title="rostas44" />
<Player address="192.168.1.137" device="OSX" machineIdentifier="1n5l82qnliqyklyrncc2oi35" model="bundled" platform="Safari" platformVersion="18.6" playbackId="5c2bf8c3-6beb-4a80-8b1f-63437e964ce9" product="Plex Web" remotePublicAddress="3.99.160.149" title="Safari" version="4.147.1" local="1" relayed="0" secure="1" userID="1" />
<Variants>
<Variant id="9ca03138-fe2d-4a63-bc84-6bd62b4f4b84" targetBitrate="21092" context="streaming" sourceVideoCodec="h264" sourceAudioCodec="aac" videoDecision="transcode" audioDecision="copy" protocol="dash" container="mp4" videoCodec="h264" audioCodec="aac" audioChannels="2" transcodeHwRequested="0" transcodeHwFullPipeline="0">
<Media audioProfile="lc" id="411" videoProfile="high" audioChannels="2" audioCodec="aac" bitrate="20191" container="mp4" duration="4182" height="1920" optimizedForStreaming="1" protocol="dash" videoCodec="h264" videoFrameRate="NTSC" videoResolution="1080p" width="1080" selected="1">
<Part audioProfile="lc" deepAnalysisVersion="6" id="411" requiredBandwidths="7324,7245,7245,7245,7245,7245,7245,7245" videoProfile="high" bitrate="20191" container="mp4" duration="4182" height="1920" optimizedForStreaming="1" protocol="dash" width="1080" decision="transcode" selected="1">
<Stream bitDepth="8" bitrate="20000" codec="h264" colorTrc="bt709" default="1" displayTitle="1080p" extendedDisplayTitle="1080p (H.264)" frameRate="29.988" height="1920" id="372" requiredBandwidths="7148,7148,7148,7148,7148,7148,7148,7148" streamType="1" width="1080" decision="transcode" location="segments-video" />
<Stream bitrate="191" bitrateMode="cbr" channels="2" codec="aac" default="1" displayTitle="Unknown (AAC Stereo)" extendedDisplayTitle="Unknown (AAC Stereo)" id="371" profile="lc" requiredBandwidths="87,87,87,87,87,87,87,87" samplingRate="44100" selected="1" streamType="2" decision="copy" location="segments-audio" />
</Part>
</Media>
</Variant>
</Variants>
<SegmentList>
<Segment duration="4134" startOffset="0" endOffset="4134">
<File name="chunk-stream0-00001.m4s" type="video">
<FileVariant size="12290811" variant="9ca03138-fe2d-4a63-bc84-6bd62b4f4b84" />
</File>
<File name="chunk-stream1-00001.m4s" type="audio">
<FileVariant size="100225" variant="9ca03138-fe2d-4a63-bc84-6bd62b4f4b84" />
</File>
<Timelines>
<Transcode startTime="71" endTime="3461" complete="1" fileType="video" variant="9ca03138-fe2d-4a63-bc84-6bd62b4f4b84" />
<Transcode startTime="71" endTime="3461" complete="1" fileType="audio" variant="9ca03138-fe2d-4a63-bc84-6bd62b4f4b84" />
<Download startTime="3539" endTime="4084" complete="1" fileType="video" variant="9ca03138-fe2d-4a63-bc84-6bd62b4f4b84" />
<Download startTime="3548" endTime="3548" complete="1" fileType="audio" variant="9ca03138-fe2d-4a63-bc84-6bd62b4f4b84" />
</Timelines>
</Segment>
</SegmentList>
<PlaybackReports>
<Playback startTime="4372" endTime="4376" state="stopped" progress="0" />
<Playback startTime="4376" endTime="6308" state="playing" progress="0" />
<Playback startTime="6308" endTime="6322" state="stopped" progress="0" />
</PlaybackReports>
<StateReports />
<StateReports />
</SessionReport>
