Dec 23, 2025 02:02:39.379 [140732488969720] INFO - Plex Media Scanner v1.42.2.10156-f737b826c - Docker Docker Container (LinuxServer.io) aarch64 - build: linux-aarch64 - GMT 00:00
Dec 23, 2025 02:02:39.380 [140732488969720] INFO - Linux version: 6.12.47+rpt-rpi-2712, language: en-US
Dec 23, 2025 02:02:39.380 [140732488969720] INFO - Processor: 4-core ARM Cortex-A76
Dec 23, 2025 02:02:39.380 [140732488969720] INFO - /usr/lib/plexmediaserver/Plex Media Scanner --generate --chapter-thumbs-only --item 552 --log-file-suffix  Chapter Thumbnails
Dec 23, 2025 02:02:39.380 [140732569725240] DEBUG - Opening 20 database sessions to library (com.plexapp.plugins.library), SQLite 3.39.4, threadsafe=1
Dec 23, 2025 02:02:39.464 [140732569725240] DEBUG - Created chapter thumbnail for metadata item 552, media item 655 for chapter number 1:0 at "/config/Library/Application Support/Plex Media Server/Media/localhost/4/66d03c2e899ae850cd328e69a27874f9c96be39.bundle/Contents/Chapters/chapter1.jpg"
Dec 23, 2025 02:02:39.464 [140732569725240] DEBUG - Created chapter thumbnail for metadata item 552, media item 655 for chapter number 2:289247 at "/config/Library/Application Support/Plex Media Server/Media/localhost/4/66d03c2e899ae850cd328e69a27874f9c96be39.bundle/Contents/Chapters/chapter2.jpg"
Dec 23, 2025 02:02:39.464 [140732569725240] DEBUG - Created chapter thumbnail for metadata item 552, media item 655 for chapter number 3:704579 at "/config/Library/Application Support/Plex Media Server/Media/localhost/4/66d03c2e899ae850cd328e69a27874f9c96be39.bundle/Contents/Chapters/chapter3.jpg"
Dec 23, 2025 02:02:39.464 [140732569725240] DEBUG - Created chapter thumbnail for metadata item 552, media item 655 for chapter number 4:1053390 at "/config/Library/Application Support/Plex Media Server/Media/localhost/4/66d03c2e899ae850cd328e69a27874f9c96be39.bundle/Contents/Chapters/chapter4.jpg"
Dec 23, 2025 02:02:39.464 [140732569725240] DEBUG - Created chapter thumbnail for metadata item 552, media item 655 for chapter number 5:1288000 at "/config/Library/Application Support/Plex Media Server/Media/localhost/4/66d03c2e899ae850cd328e69a27874f9c96be39.bundle/Contents/Chapters/chapter5.jpg"
Dec 23, 2025 02:02:39.464 [140732569725240] DEBUG - Created chapter thumbnail for metadata item 552, media item 655 for chapter number 6:1732440 at "/config/Library/Application Support/Plex Media Server/Media/localhost/4/66d03c2e899ae850cd328e69a27874f9c96be39.bundle/Contents/Chapters/chapter6.jpg"
Dec 23, 2025 02:02:39.464 [140732569725240] DEBUG - Created chapter thumbnail for metadata item 552, media item 655 for chapter number 7:2027570 at "/config/Library/Application Support/Plex Media Server/Media/localhost/4/66d03c2e899ae850cd328e69a27874f9c96be39.bundle/Contents/Chapters/chapter7.jpg"
Dec 23, 2025 02:02:39.464 [140732569725240] DEBUG - Created chapter thumbnail for metadata item 552, media item 655 for chapter number 8:2308180 at "/config/Library/Application Support/Plex Media Server/Media/localhost/4/66d03c2e899ae850cd328e69a27874f9c96be39.bundle/Contents/Chapters/chapter8.jpg"
Dec 23, 2025 02:02:39.464 [140732569725240] DEBUG - Created chapter thumbnail for metadata item 552, media item 655 for chapter number 9:2630800 at "/config/Library/Application Support/Plex Media Server/Media/localhost/4/66d03c2e899ae850cd328e69a27874f9c96be39.bundle/Contents/Chapters/chapter9.jpg"
Dec 23, 2025 02:02:39.464 [140732569725240] DEBUG - Created chapter thumbnail for metadata item 552, media item 655 for chapter number 10:3014060 at "/config/Library/Application Support/Plex Media Server/Media/localhost/4/66d03c2e899ae850cd328e69a27874f9c96be39.bundle/Contents/Chapters/chapter10.jpg"
Dec 23, 2025 02:02:39.464 [140732569725240] DEBUG - Created chapter thumbnail for metadata item 552, media item 655 for chapter number 11:3375330 at "/config/Library/Application Support/Plex Media Server/Media/localhost/4/66d03c2e899ae850cd328e69a27874f9c96be39.bundle/Contents/Chapters/chapter11.jpg"
Dec 23, 2025 02:02:39.464 [140732569725240] DEBUG - Created chapter thumbnail for metadata item 552, media item 655 for chapter number 12:3554050 at "/config/Library/Application Support/Plex Media Server/Media/localhost/4/66d03c2e899ae850cd328e69a27874f9c96be39.bundle/Contents/Chapters/chapter12.jpg"
Dec 23, 2025 02:02:39.464 [140732569725240] DEBUG - Created chapter thumbnail for metadata item 552, media item 655 for chapter number 13:4034990 at "/config/Library/Application Support/Plex Media Server/Media/localhost/4/66d03c2e899ae850cd328e69a27874f9c96be39.bundle/Contents/Chapters/chapter13.jpg"
Dec 23, 2025 02:02:39.464 [140732569725240] DEBUG - Created chapter thumbnail for metadata item 552, media item 655 for chapter number 14:4286080 at "/config/Library/Application Support/Plex Media Server/Media/localhost/4/66d03c2e899ae850cd328e69a27874f9c96be39.bundle/Contents/Chapters/chapter14.jpg"
Dec 23, 2025 02:02:39.464 [140732569725240] DEBUG - Created chapter thumbnail for metadata item 552, media item 655 for chapter number 15:4677470 at "/config/Library/Application Support/Plex Media Server/Media/localhost/4/66d03c2e899ae850cd328e69a27874f9c96be39.bundle/Contents/Chapters/chapter15.jpg"
Dec 23, 2025 02:02:39.464 [140732569725240] DEBUG - Created chapter thumbnail for metadata item 552, media item 655 for chapter number 16:4970260 at "/config/Library/Application Support/Plex Media Server/Media/localhost/4/66d03c2e899ae850cd328e69a27874f9c96be39.bundle/Contents/Chapters/chapter16.jpg"
Dec 23, 2025 02:02:39.465 [140732569725240] DEBUG - Generated new chapter thumbnails for Sisu - A bosszú útja.
