<SessionReport version="2" startTime="0" startTimestamp="Dec 24, 2025 14:16:19.643" key="/library/metadata/331" session="kq2g1movx2fzah7558ewwznc" transcode="usakdnwaqwoesfhl75ib64c4">
<User id="1" thumb="https://plex.tv/users/a4b2edb13f508413/avatar?c=1766473066" title="rostas44" />
<Player address="192.168.1.137" device="OSX" machineIdentifier="1n5l82qnliqyklyrncc2oi35" model="bundled" platform="Safari" platformVersion="18.6" playbackId="a1549e48-4299-404f-8880-bebc2e4be665" product="Plex Web" remotePublicAddress="3.99.160.149" title="Safari" version="4.147.1" local="1" relayed="0" secure="1" userID="1" />
<Variants>
<Variant id="7340659f-4980-468f-812b-a04d9a6adcc9" targetBitrate="21140" context="streaming" sourceVideoCodec="hevc" sourceAudioCodec="aac" videoDecision="transcode" audioDecision="copy" protocol="dash" container="mp4" videoCodec="h264" audioCodec="aac" audioChannels="2" transcodeHwRequested="0" transcodeHwFullPipeline="0">
<Media audioProfile="lc" id="353" videoProfile="main 10" audioChannels="2" audioCodec="aac" bitrate="20190" container="mp4" duration="11516" height="1920" optimizedForStreaming="1" protocol="dash" videoCodec="h264" videoFrameRate="NTSC" videoResolution="1080p" width="1080" selected="1">
<Part audioProfile="lc" deepAnalysisVersion="6" id="353" requiredBandwidths="5415,5415,5415,5415,5415,5415,5415,5415" videoProfile="main 10" bitrate="20190" container="mp4" duration="11516" height="1920" optimizedForStreaming="1" protocol="dash" width="1080" decision="transcode" selected="1">
<Stream bitDepth="8" bitrate="20000" codec="h264" default="1" displayTitle="1080p DoVi/HLG" extendedDisplayTitle="1080p DoVi/HLG (HEVC Main 10)" frameRate="29.996000289916992" height="1920" id="303" requiredBandwidths="5281,5281,5281,5281,5281,5281,5281,5281" streamType="1" width="1080" decision="transcode" location="segments-video" />
<Stream bitrate="190" bitrateMode="cbr" channels="2" codec="aac" default="1" displayTitle="Unknown (AAC Stereo)" extendedDisplayTitle="Unknown (AAC Stereo)" id="304" profile="lc" requiredBandwidths="133,133,133,133,133,133,133,133" samplingRate="44100" selected="1" streamType="2" decision="copy" location="segments-audio" />
</Part>
</Media>
</Variant>
</Variants>
<SegmentList>
<Segment duration="5000" startOffset="0" endOffset="5000">
<File name="chunk-stream0-00001.m4s" type="video">
<FileVariant size="5722538" variant="7340659f-4980-468f-812b-a04d9a6adcc9" />
</File>
<File name="chunk-stream1-00001.m4s" type="audio">
<FileVariant size="117545" variant="7340659f-4980-468f-812b-a04d9a6adcc9" />
</File>
<Timelines>
<Transcode startTime="17" endTime="5913" complete="1" fileType="video" variant="7340659f-4980-468f-812b-a04d9a6adcc9" />
<Transcode startTime="17" endTime="5913" complete="1" fileType="audio" variant="7340659f-4980-468f-812b-a04d9a6adcc9" />
<Download startTime="6056" endTime="6057" complete="1" fileType="audio" variant="7340659f-4980-468f-812b-a04d9a6adcc9" />
<Download startTime="6056" endTime="6270" complete="1" fileType="video" variant="7340659f-4980-468f-812b-a04d9a6adcc9" />
</Timelines>
</Segment>
<Segment duration="5000" startOffset="5000" endOffset="10001">
<File name="chunk-stream0-00002.m4s" type="video">
<FileVariant size="5371434" variant="7340659f-4980-468f-812b-a04d9a6adcc9" />
</File>
<File name="chunk-stream1-00002.m4s" type="audio">
<FileVariant size="120933" variant="7340659f-4980-468f-812b-a04d9a6adcc9" />
</File>
<Timelines>
<Download startTime="6113" endTime="11276" complete="1" fileType="audio" variant="7340659f-4980-468f-812b-a04d9a6adcc9">
<Pause type="segmentWait" startTime="6113" endTime="11275" />
</Download>
<Download startTime="6428" endTime="11580" complete="1" fileType="video" variant="7340659f-4980-468f-812b-a04d9a6adcc9">
<Pause type="segmentWait" startTime="6428" endTime="11258" />
</Download>
<Transcode startTime="5913" endTime="11253" complete="1" fileType="video" variant="7340659f-4980-468f-812b-a04d9a6adcc9" />
<Transcode startTime="5913" endTime="11253" complete="1" fileType="audio" variant="7340659f-4980-468f-812b-a04d9a6adcc9" />
</Timelines>
</Segment>
<Segment duration="0" startOffset="-1" endOffset="-1">
<Timelines>
<Download startTime="11430" fileType="audio" variant="7340659f-4980-468f-812b-a04d9a6adcc9" />
<Download startTime="11743" fileType="video" variant="7340659f-4980-468f-812b-a04d9a6adcc9" />
</Timelines>
</Segment>
</SegmentList>
<PlaybackReports>
<Playback startTime="7048" endTime="12159" state="buffering" progress="0" />
<Playback startTime="12159" endTime="12159" state="stopped" progress="0" />
</PlaybackReports>
<StateReports />
<StateReports />
</SessionReport>
