Dec 03, 2025 19:55:25.771 [140732173496544] INFO - Plex Media Server v1.42.2.10156-f737b826c - Docker Docker Container (LinuxServer.io) aarch64 - build: linux-aarch64 debian - GMT 00:00
Dec 03, 2025 19:55:25.771 [140732173496544] INFO - Linux version: 6.12.47+rpt-rpi-2712, language: en-US
Dec 03, 2025 19:55:25.771 [140732173496544] INFO - Processor: 4-core ARM Cortex-A76
Dec 03, 2025 19:55:25.771 [140732173496544] INFO - Compiler is - Clang 11.0.1 (https://plex.tv 9b997da8e5b47bdb4a9425b3a3b290be393b4b1f)
Dec 03, 2025 19:55:25.771 [140732173496544] INFO - /usr/lib/plexmediaserver/Plex Media Server
Dec 03, 2025 19:55:25.773 [140732236738176] DEBUG - BPQ: [Idle] -> [Starting]
Dec 03, 2025 19:55:25.774 [140732236738176] DEBUG - FeatureManager: Using cached data for features list
Dec 03, 2025 19:55:25.780 [140732236738176] DEBUG - MyPlex: mapping state set to 'Unknown'.
Dec 03, 2025 19:55:25.781 [140732236738176] DEBUG - Relay: read 1 cached entries from hosts file
Dec 03, 2025 19:55:25.782 [140732236738176] DEBUG - Opening 20 database sessions to library (com.plexapp.plugins.library), SQLite 3.39.4, threadsafe=1
Dec 03, 2025 19:55:25.836 [140732236738176] DEBUG - MyPlex: using cached data for request for https://plex.tv/api/v2/server/users/features
Dec 03, 2025 19:55:25.859 [140732236738176] DEBUG - [CERT] Subject name is /CN=*.c3bc5a2b79d840cb8670740fa0cc0232.plex.direct
Dec 03, 2025 19:55:25.860 [140732236738176] DEBUG - [CERT] Installed certificate with fingerprint 88:67:64:71:9f:e8:cd:4a:d6:bf:a5:90:35:ee:ff:2d:28:b1:cc:78.
Dec 03, 2025 19:55:25.860 [140732236738176] DEBUG - [CERT/OCSP] no URL available
Dec 03, 2025 19:55:25.860 [140732236738176] WARN - [CERT/OCSP] getCertInfo failed; skipping stapling
Dec 03, 2025 19:55:25.860 [140732236738176] DEBUG - HttpServer: Listening on IPv6 as well as IPv4.
Dec 03, 2025 19:55:25.860 [140732236738176] DEBUG - HttpServer: Listening on port 32400.
Dec 03, 2025 19:55:25.860 [140732236738176] DEBUG - HttpServer: Listening on port 32401.
Dec 03, 2025 19:55:25.860 [140732236738176] DEBUG - Running server...
Dec 03, 2025 19:55:25.861 [140732236738176] INFO - Running migrations. (EPG 0)
Dec 03, 2025 19:55:25.861 [140732156145888] DEBUG - HttpServer: Set up a thread pool with 2 threads.
Dec 03, 2025 19:55:25.861 [140732236738176] DEBUG - Captured session 0.
Dec 03, 2025 19:55:25.861 [140732236738176] DEBUG - Captured session 1.
Dec 03, 2025 19:55:25.861 [140732236738176] DEBUG - Captured session 2.
Dec 03, 2025 19:55:25.861 [140732236738176] DEBUG - Captured session 3.
Dec 03, 2025 19:55:25.861 [140732236738176] DEBUG - Captured session 4.
Dec 03, 2025 19:55:25.861 [140732236738176] DEBUG - Captured session 5.
Dec 03, 2025 19:55:25.861 [140732236738176] DEBUG - Captured session 6.
Dec 03, 2025 19:55:25.861 [140732236738176] DEBUG - Captured session 7.
Dec 03, 2025 19:55:25.861 [140732236738176] DEBUG - Captured session 8.
Dec 03, 2025 19:55:25.861 [140732236738176] DEBUG - Captured session 9.
Dec 03, 2025 19:55:25.861 [140732236738176] DEBUG - Captured session 10.
Dec 03, 2025 19:55:25.861 [140732236738176] DEBUG - Captured session 11.
Dec 03, 2025 19:55:25.861 [140732236738176] DEBUG - Captured session 12.
Dec 03, 2025 19:55:25.861 [140732236738176] DEBUG - Captured session 13.
Dec 03, 2025 19:55:25.861 [140732236738176] DEBUG - Captured session 14.
Dec 03, 2025 19:55:25.861 [140732236738176] DEBUG - Captured session 15.
Dec 03, 2025 19:55:25.861 [140732236738176] DEBUG - Captured session 16.
Dec 03, 2025 19:55:25.861 [140732236738176] DEBUG - Captured session 17.
Dec 03, 2025 19:55:25.861 [140732236738176] DEBUG - Captured session 18.
Dec 03, 2025 19:55:25.861 [140732236738176] DEBUG - Captured session 19.
Dec 03, 2025 19:55:25.865 [140732236738176] DEBUG - ChangestampAllocator: initialized to 3822
Dec 03, 2025 19:55:25.865 [140732236738176] DEBUG - Opening 2 database sessions to library (com.plexapp.plugins.library.blobs), SQLite 3.39.4, threadsafe=1
Dec 03, 2025 19:55:25.869 [140732236738176] INFO - Running migrations. (EPG 0)
Dec 03, 2025 19:55:25.869 [140732236738176] DEBUG - Captured session 0.
Dec 03, 2025 19:55:25.869 [140732236738176] DEBUG - Captured session 1.
Dec 03, 2025 19:55:25.903 [140732168892640] DEBUG - Grabber: Cleaning up orphaned grabs.
Dec 03, 2025 19:55:25.904 [140732168892640] DEBUG - Grabber: Cleaned up 0 decrepit directories in 0.0 sec.
Dec 03, 2025 19:55:25.904 [140732236738176] DEBUG - Media Provider: Registering provider com.plexapp.plugins.library
Dec 03, 2025 19:55:25.904 [140732236738176] DEBUG - Auth: Refreshing tokens inside the token-based authentication filter.
Dec 03, 2025 19:55:25.904 [140732236738176] DEBUG - MyPlex: using cached data for request for https://plex.tv/api/v2/server/access_tokens?auth_token=xxxxxxxxxxxxxxxxxxxx
Dec 03, 2025 19:55:25.904 [140732236738176] DEBUG - MyPlex: updating with 6 access tokens
Dec 03, 2025 19:55:25.906 [140732236738176] DEBUG - MyPlex: using cached data for request for https://plex.tv/api/v2/server/users?auth_token=xxxxxxxxxxxxxxxxxxxx
Dec 03, 2025 19:55:25.906 [140732236738176] DEBUG - MyPlex: using cached data for request for https://plex.tv/api/v2/server/users/subscriptions?auth_token=xxxxxxxxxxxxxxxxxxxx
Dec 03, 2025 19:55:25.906 [140732236738176] DEBUG - MyPlex: using cached data for request for https://plex.tv/api/v2/server/users/services?auth_token=xxxxxxxxxxxxxxxxxxxx
Dec 03, 2025 19:55:25.906 [140732168892640] DEBUG - Auth: Refreshing tokens inside the token-based authentication filter.
Dec 03, 2025 19:55:25.906 [140732168892640] DEBUG - [HCl#1] HTTP requesting GET https://plex.tv/api/v2/server/access_tokens?auth_token=xxxxxxxxxxxxxxxxxxxx
Dec 03, 2025 19:55:25.906 [140732236738176] DEBUG - Opening 1 database sessions to library (), SQLite 3.39.4, threadsafe=1
Dec 03, 2025 19:55:25.914 [140732140400864] DEBUG - File "/usr/lib/plexmediaserver/Resources/Plug-ins-f737b826c" changed: -1 => 2025-11-24 09:32:50 (1763976770).
Dec 03, 2025 19:55:25.914 [140732140400864] DEBUG - File "/config/Library/Application Support/Plex Media Server/Plug-ins" changed: -1 => 2025-11-29 22:10:45 (1764454245).
Dec 03, 2025 19:55:25.914 [140732140400864] DEBUG - Scanning for plug-ins in "/usr/lib/plexmediaserver/Resources/Plug-ins-f737b826c"
Dec 03, 2025 19:55:25.915 [140732140400864] DEBUG - Scanning for plug-ins in "/config/Library/Application Support/Plex Media Server/Plug-ins"
Dec 03, 2025 19:55:25.915 [140732140400864] DEBUG - PluginRepository::setStartState: 1, startingSystem
Dec 03, 2025 19:55:25.916 [140732140400864] DEBUG - Starting plug-in /usr/lib/plexmediaserver/Resources/Plug-ins-f737b826c/System.bundle.
Dec 03, 2025 19:55:25.916 [140732140400864] DEBUG - [com.plexapp.system] Setting plug-in to always running (daemon mode).
Dec 03, 2025 19:55:25.916 [140732140400864] DEBUG - Starting file watcher for com.plexapp.system
Dec 03, 2025 19:55:25.916 [140732140400864] DEBUG - Plugin: setting environment variable: 'PYTHONHOME=/usr/lib/plexmediaserver/Resources/Python'
Dec 03, 2025 19:55:25.916 [140732140400864] DEBUG - Plugin: setting environment variable: 'PYTHONPATH=/usr/lib/plexmediaserver/Resources/Python/python27.zip:/usr/lib/plexmediaserver/Resources/Python/lib/python2.7/site-packages'
Dec 03, 2025 19:55:25.917 [140732140400864] DEBUG - Spawned plug-in com.plexapp.system with PID 211
Dec 03, 2025 19:55:25.917 [140732140400864] DEBUG - [com.plexapp.system] Sending command: GET /:/prefixes
Dec 03, 2025 19:55:26.308 [140732144972000] DEBUG - [HttpClient/HCl#1] HTTP/1.1 (0.4s) 200 response from GET https://plex.tv/api/v2/server/access_tokens?auth_token=xxxxxxxxxxxxxxxxxxxx
Dec 03, 2025 19:55:26.309 [140732168892640] DEBUG - MyPlex: updating with 6 access tokens
Dec 03, 2025 19:55:26.310 [140732168892640] DEBUG - [HCl#2] HTTP requesting GET https://plex.tv/api/v2/server/users?auth_token=xxxxxxxxxxxxxxxxxxxx
Dec 03, 2025 19:55:26.413 [140732144972000] DEBUG - [HttpClient/HCl#2] HTTP/1.1 (0.1s) 200 response from GET https://plex.tv/api/v2/server/users?auth_token=xxxxxxxxxxxxxxxxxxxx (reused)
Dec 03, 2025 19:55:26.419 [140732136141024] DEBUG - [HCl#3] HTTP requesting GET https://plex.tv/api/v2/server/users/subscriptions?auth_token=xxxxxxxxxxxxxxxxxxxx
Dec 03, 2025 19:55:26.522 [140732144972000] DEBUG - [HttpClient/HCl#3] HTTP/1.1 (0.1s) 200 response from GET https://plex.tv/api/v2/server/users/subscriptions?auth_token=xxxxxxxxxxxxxxxxxxxx (reused)
Dec 03, 2025 19:55:26.522 [140732136141024] DEBUG - MyPlex: using cached data for request for https://plex.tv/api/v2/server/users/services?auth_token=xxxxxxxxxxxxxxxxxxxx
Dec 03, 2025 19:55:26.735 [140732159373536] DEBUG - Request: didn't get any data from [::1]:34818: End of file
Dec 03, 2025 19:55:27.086 [140732131881184] DEBUG - Request: [127.0.0.1:41290 (Loopback)] GET /:/plugins/com.plexapp.system/messaging/function/X0J1bmRsZVNlcnZpY2U6QWxsU2VydmljZXM_/Y2VyZWFsMQoxCmxpc3QKMApyMAo_/Y2VyZWFsMQoxCmRpY3QKMApyMAo_ (4 live) #3 GZIP Token ()
Dec 03, 2025 19:55:27.087 [140732159373536] DEBUG - Completed: [127.0.0.1:41290] 503 GET /:/plugins/com.plexapp.system/messaging/function/X0J1bmRsZVNlcnZpY2U6QWxsU2VydmljZXM_/Y2VyZWFsMQoxCmxpc3QKMApyMAo_/Y2VyZWFsMQoxCmRpY3QKMApyMAo_ (4 live) #3 GZIP 1ms 436 bytes
Dec 03, 2025 19:55:27.104 [140732131881184] DEBUG - Request: [127.0.0.1:41296 (Loopback)] GET / (3 live) #4 GZIP Token ()
Dec 03, 2025 19:55:27.105 [140732159373536] DEBUG - Completed: [127.0.0.1:41296] 503 GET / (3 live) #4 GZIP 1ms 436 bytes
Dec 03, 2025 19:55:27.770 [140732134011104] DEBUG - [JobRunner] Job running: /usr/lib/plexmediaserver/CrashUploader "--directory=/config/Library/Application Support/Plex Media Server/Crash Reports/1.42.2.10156-f737b826c" --version=1.42.2.10156-f737b826c --platform=Linux --platformVersion=6.12.47+rpt-rpi-2712 --serverUuid=23cd5ae240c6f4722845bb5b0293884128c30b3d --userId=rostas881122@gmail.com --sentryUrl=https://o17675.ingest.sentry.io/api/1233455/ --sentryKey=xxxxxxxxxxxxxxxxxxxxxxxxxxxxxxxx --vendor=Docker --model=aarch64 "--device=Docker Container (LinuxServer.io)"
Dec 03, 2025 19:55:27.771 [140732134011104] DEBUG - [JobRunner] Jobs: Starting child process with pid 246
Dec 03, 2025 19:55:27.786 [140732171301088] DEBUG - Jobs: '/usr/lib/plexmediaserver/CrashUploader' exit code for process 246 is 0 (success)
Dec 03, 2025 19:55:27.932 [140732131881184] DEBUG - Request: [127.0.0.1:41306 (Loopback)] GET /servers (3 live) #5 GZIP Token ()
Dec 03, 2025 19:55:27.933 [140732161503456] DEBUG - Completed: [127.0.0.1:41306] 503 GET /servers (3 live) #5 GZIP 1ms 436 bytes
Dec 03, 2025 19:55:27.948 [140732140400864] DEBUG - Reading 486 bytes in the body, code is 200
Dec 03, 2025 19:55:27.948 [140732140400864] DEBUG - [com.plexapp.system] Plug-in running on port 40963.
Dec 03, 2025 19:55:27.949 [140732140400864] DEBUG -  * Plug-in handles prefix: /system
Dec 03, 2025 19:55:27.949 [140732140400864] DEBUG -  * Plug-in handles prefix: /player
Dec 03, 2025 19:55:27.949 [140732140400864] DEBUG - Read configuration for [com.plexapp.system], had 2 prefixes
Dec 03, 2025 19:55:27.949 [140732140400864] DEBUG - Done with 1 synchronous plug-in starts, starting the rest in parallel.
Dec 03, 2025 19:55:27.949 [140732140400864] DEBUG - PluginRepository::setStartState: 2, startingPlugins
Dec 03, 2025 19:55:27.949 [140732140400864] DEBUG - Updating the list of agents known by the system.
Dec 03, 2025 19:55:27.949 [140732140400864] DEBUG - [com.plexapp.system] Sending command over HTTP (GET): /system/agents
Dec 03, 2025 19:55:27.949 [140732140400864] DEBUG - [HCl#4] HTTP requesting GET http://127.0.0.1:40963/system/agents
Dec 03, 2025 19:55:27.949 [140732236738176] DEBUG - Image transcode cache directory: "/config/Library/Application Support/Plex Media Server/Cache/PhotoTranscoder"
Dec 03, 2025 19:55:27.950 [140732236738176] DEBUG - Transcoder: Cleaning old transcode directories.
Dec 03, 2025 19:55:27.950 [140732236738176] DEBUG - MyPlex: using cached data for request for https://plex.tv/api/v2/server/access_tokens?auth_token=xxxxxxxxxxxxxxxxxxxx
Dec 03, 2025 19:55:27.950 [140732236738176] DEBUG - MyPlex: updating with 6 access tokens
Dec 03, 2025 19:55:27.950 [140732236738176] DEBUG - MyPlex: using cached data for request for https://plex.tv/api/v2/server/users?auth_token=xxxxxxxxxxxxxxxxxxxx
Dec 03, 2025 19:55:27.951 [140732236738176] DEBUG - MyPlex: using cached data for request for https://plex.tv/api/v2/server/users/subscriptions?auth_token=xxxxxxxxxxxxxxxxxxxx
Dec 03, 2025 19:55:27.951 [140732236738176] DEBUG - MyPlex: using cached data for request for https://plex.tv/api/v2/server/users/services?auth_token=xxxxxxxxxxxxxxxxxxxx
Dec 03, 2025 19:55:27.951 [140732236738176] DEBUG - MyPlex: using cached data for request for https://plex.tv/api/v2/user?includeSubscriptions=1&includeProviders=1
Dec 03, 2025 19:55:27.951 [140732236738176] DEBUG - MyPlex: username is rostas44, login is rostas881122@gmail.com, home is 0, no pin
Dec 03, 2025 19:55:27.960 [140732236738176] DEBUG - MyPlex: start public ip check and mapping - current mapped state: 'Unknown'.
Dec 03, 2025 19:55:27.960 [140732236738176] DEBUG - MyPlex: mapping state set to 'Not Mapped'.
Dec 03, 2025 19:55:27.960 [140732236738176] DEBUG - PublicAddressManager: Starting.
Dec 03, 2025 19:55:27.960 [140732236738176] DEBUG - PublicAddressManager: Obtaining public address and mapping port.
Dec 03, 2025 19:55:27.960 [140732168892640] DEBUG - PublicAddressManager: Obtaining public IP.
Dec 03, 2025 19:55:27.960 [140732168892640] DEBUG - [HCl#5] HTTP requesting GET https://v4.plex.tv/pms/:/ip
Dec 03, 2025 19:55:27.960 [140732127621344] DEBUG - [HCl#6] HTTP requesting GET https://plex.tv/api/v2/user?includeSubscriptions=1&includeProviders=1
Dec 03, 2025 19:55:27.961 [140732236738176] DEBUG - NetworkInterface: Starting watch thread.
Dec 03, 2025 19:55:27.961 [140732236738176] DEBUG - Network change.
Dec 03, 2025 19:55:27.961 [140732236738176] DEBUG - NetworkInterface: Notified of network changed (force=0)
Dec 03, 2025 19:55:27.961 [140732125491424] DEBUG - NetworkInterface: Watching for changes on the interfaces.
Dec 03, 2025 19:55:27.961 [140732134011104] DEBUG - NAT: UPnP, attempting port mapping.
Dec 03, 2025 19:55:27.961 [140732236738176] DEBUG - Detected primary interface: 192.168.1.121
Dec 03, 2025 19:55:27.961 [140732236738176] DEBUG - Network interfaces:
Dec 03, 2025 19:55:27.961 [140732236738176] DEBUG -  * 1 lo (127.0.0.1) (00-00-00-00-00-00) (loopback: 1)
Dec 03, 2025 19:55:27.961 [140732236738176] DEBUG -  * 3 wlan0 (192.168.1.121) (88-A2-9E-12-0A-84) (loopback: 0)
Dec 03, 2025 19:55:27.961 [140732236738176] DEBUG -  * 4 docker0 (172.17.0.1) (1E-EF-08-03-CE-65) (loopback: 0)
Dec 03, 2025 19:55:27.961 [140732236738176] DEBUG -  * 5 br-2b78b608ba4f (172.18.0.1) (E6-E4-2D-E4-D5-E8) (loopback: 0)
Dec 03, 2025 19:55:27.961 [140732236738176] DEBUG -  * 1 lo (::1) (00-00-00-00-00-00) (loopback: 1)
Dec 03, 2025 19:55:27.961 [140732236738176] DEBUG -  * 3 wlan0 (2a0a:ef40:180b:db01:6716:8969:bceb:ada) (88-A2-9E-12-0A-84) (loopback: 0)
Dec 03, 2025 19:55:27.961 [140732236738176] DEBUG - Creating NetworkServices singleton.
Dec 03, 2025 19:55:27.961 [140732236738176] DEBUG - NetworkServices: Initializing...
Dec 03, 2025 19:55:27.961 [140732236738176] DEBUG - NetworkService: Creating new service.
Dec 03, 2025 19:55:27.961 [140732236738176] DEBUG - NetworkService: Got notification of changed network (first change: 1)
Dec 03, 2025 19:55:27.961 [140732236738176] DEBUG - NetworkService: Quick dispatch of network change.
Dec 03, 2025 19:55:27.961 [140732236738176] DEBUG - NetworkService: Creating new service.
Dec 03, 2025 19:55:27.961 [140732236738176] DEBUG - NetworkService: Got notification of changed network (first change: 1)
Dec 03, 2025 19:55:27.961 [140732236738176] DEBUG - NetworkService: Quick dispatch of network change.
Dec 03, 2025 19:55:27.961 [140732236738176] DEBUG - NetworkService: Creating new service.
Dec 03, 2025 19:55:27.961 [140732236738176] DEBUG - NetworkService: Got notification of changed network (first change: 1)
Dec 03, 2025 19:55:27.961 [140732236738176] DEBUG - NetworkService: Quick dispatch of network change.
Dec 03, 2025 19:55:27.961 [140732236738176] DEBUG - NetworkService: Creating new service.
Dec 03, 2025 19:55:27.961 [140732236738176] DEBUG - NetworkService: Got notification of changed network (first change: 1)
Dec 03, 2025 19:55:27.961 [140732236738176] DEBUG - NetworkService: Quick dispatch of network change.
Dec 03, 2025 19:55:27.961 [140732236738176] DEBUG - NetworkService: Creating new service.
Dec 03, 2025 19:55:27.961 [140732236738176] DEBUG - NetworkService: Got notification of changed network (first change: 1)
Dec 03, 2025 19:55:27.961 [140732236738176] DEBUG - NetworkService: Quick dispatch of network change.
Dec 03, 2025 19:55:27.961 [140732236738176] DEBUG - NetworkService: Creating new service.
Dec 03, 2025 19:55:27.961 [140732236738176] DEBUG - NetworkService: Got notification of changed network (first change: 1)
Dec 03, 2025 19:55:27.961 [140732236738176] DEBUG - NetworkService: Quick dispatch of network change.
Dec 03, 2025 19:55:27.962 [140732121231584] DEBUG - Network change for advertiser.
Dec 03, 2025 19:55:27.962 [140732121231584] DEBUG - NetworkService: Setting up multicast listener on 0.0.0.0:32414
Dec 03, 2025 19:55:27.962 [140732121231584] DEBUG - Network change for advertiser.
Dec 03, 2025 19:55:27.962 [140732121231584] DEBUG - NetworkService: Setting up multicast listener on 0.0.0.0:32410
Dec 03, 2025 19:55:27.962 [140732121231584] DEBUG - Network change for advertiser.
Dec 03, 2025 19:55:27.962 [140732121231584] DEBUG - NetworkService: Setting up multicast listener on 0.0.0.0:32412
Dec 03, 2025 19:55:27.962 [140732121231584] DEBUG - NetworkService: Network change for browser (polled=0), closing 0 browse sockets.
Dec 03, 2025 19:55:27.962 [140732121231584] DEBUG - NetworkService: Setting up multicast listener on 0.0.0.0:32413
Dec 03, 2025 19:55:27.962 [140732121231584] DEBUG - NetworkService: Browsing on interface 127.0.0.1 on broadcast address 127.255.255.255 (index: 0)
Dec 03, 2025 19:55:27.962 [140732121231584] DEBUG - NetworkService: Browsing on interface 192.168.1.121 on broadcast address 192.168.1.255 (index: 1)
Dec 03, 2025 19:55:27.962 [140732121231584] DEBUG - NetworkService: Browsing on interface 172.17.0.1 on broadcast address 172.17.255.255 (index: 2)
Dec 03, 2025 19:55:27.962 [140732121231584] DEBUG - NetworkService: Browsing on interface 172.18.0.1 on broadcast address 172.18.255.255 (index: 3)
Dec 03, 2025 19:55:27.962 [140732121231584] DEBUG - NetworkService: Network change for browser (polled=1), closing 0 browse sockets.
Dec 03, 2025 19:55:27.962 [140732121231584] DEBUG - NetworkService: Browsing on interface 127.0.0.1 on broadcast address 127.255.255.255 (index: 0)
Dec 03, 2025 19:55:27.962 [140732121231584] DEBUG - NetworkService: Browsing on interface 192.168.1.121 on broadcast address 192.168.1.255 (index: 1)
Dec 03, 2025 19:55:27.963 [140732121231584] DEBUG - NetworkService: Browsing on interface 172.17.0.1 on broadcast address 172.17.255.255 (index: 2)
Dec 03, 2025 19:55:27.963 [140732121231584] DEBUG - NetworkService: Browsing on interface 172.18.0.1 on broadcast address 172.18.255.255 (index: 3)
Dec 03, 2025 19:55:27.963 [140732121231584] DEBUG - NetworkService: Network change for browser (polled=0), closing 0 browse sockets.
Dec 03, 2025 19:55:27.963 [140732121231584] DEBUG - NetworkService: Setting up multicast listener on 0.0.0.0:1901
Dec 03, 2025 19:55:27.963 [140732121231584] DEBUG - NetworkService: Browsing on interface 192.168.1.121 on broadcast address 239.255.255.250 (index: 0)
Dec 03, 2025 19:55:27.963 [140732121231584] DEBUG - NetworkService: Browsing on interface 172.17.0.1 on broadcast address 239.255.255.250 (index: 1)
Dec 03, 2025 19:55:27.963 [140732121231584] DEBUG - NetworkService: Browsing on interface 172.18.0.1 on broadcast address 239.255.255.250 (index: 2)
Dec 03, 2025 19:55:27.964 [140732114841824] DEBUG - [ChildProcessMonitor] Plex Tuner Service starting.
Dec 03, 2025 19:55:27.964 [140732114841824] DEBUG - [ChildProcessMonitor/JobRunner] Job running: "/usr/lib/plexmediaserver/Plex Tuner Service" /usr/lib/plexmediaserver/Resources/Tuner/Private /usr/lib/plexmediaserver/Resources/Tuner/Shared 1.42.2.10156-f737b826c 32600
Dec 03, 2025 19:55:27.966 [140732112711904] DEBUG - [HCl#7] HTTP requesting GET https://plex.tv/api/v2/release_channels?X-Plex-Token=xxxxxxxxxxxxxxxxxxxx
Dec 03, 2025 19:55:27.966 [140732110581984] DEBUG - [HCl#8] HTTP requesting GET https://plex.tv/api/v2/user/privacy?X-Plex-Token=xxxxxxxxxxxxxxxxxxxx
Dec 03, 2025 19:55:27.968 [140732114841824] DEBUG - [ChildProcessMonitor/JobRunner] Jobs: Starting child process with pid 278
Dec 03, 2025 19:55:27.968 [140732119101664] DEBUG - [DatabaseFixups] Running fix-ups.
Dec 03, 2025 19:55:27.968 [140732119101664] DEBUG - [DatabaseFixups/31DatabaseFixupsCleanupRetroGames] Executing fixup
Dec 03, 2025 19:55:27.970 [140732119101664] DEBUG - [DatabaseFixups/31DatabaseFixupsCleanupRetroGames] Fixup completed
Dec 03, 2025 19:55:27.970 [140732119101664] DEBUG - [DatabaseFixups/39DatabaseFixupsEnsureLibrarySectionUuids] Executing fixup
Dec 03, 2025 19:55:27.970 [140732106322144] DEBUG - [HCl#9] HTTP requesting GET https://plex.tv/api/v2/features?X-Plex-Token=xxxxxxxxxxxxxxxxxxxx
Dec 03, 2025 19:55:27.971 [140732119101664] DEBUG - [DatabaseFixups/39DatabaseFixupsEnsureLibrarySectionUuids] Fixup completed
Dec 03, 2025 19:55:27.971 [140732119101664] DEBUG - [DatabaseFixups/38DatabaseFixupsEnsureMetadataItemHashes] Executing fixup
Dec 03, 2025 19:55:27.971 [140732119101664] DEBUG - [DatabaseFixups/38DatabaseFixupsEnsureMetadataItemHashes] Fixup completed
Dec 03, 2025 19:55:27.971 [140732119101664] DEBUG - [DatabaseFixups/39DatabaseFixupsSetDefaultAccountLanguage] Executing fixup
Dec 03, 2025 19:55:27.971 [140732119101664] DEBUG - [DatabaseFixups/39DatabaseFixupsSetDefaultAccountLanguage] Fixup completed
Dec 03, 2025 19:55:27.971 [140732119101664] DEBUG - [DatabaseFixups/52DatabaseFixupsCreateDefaultMediaProcessingTargetTags] Executing fixup
Dec 03, 2025 19:55:27.972 [140732119101664] DEBUG - [DatabaseFixups/52DatabaseFixupsCreateDefaultMediaProcessingTargetTags] Fixup completed
Dec 03, 2025 19:55:27.972 [140732119101664] DEBUG - [DatabaseFixups/43DatabaseFixupsUpdateAutomaticLibraryFolders] Executing fixup
Dec 03, 2025 19:55:27.972 [140732119101664] DEBUG - [DatabaseFixups/43DatabaseFixupsUpdateAutomaticLibraryFolders] Fixup completed
Dec 03, 2025 19:55:27.972 [140732119101664] DEBUG - [DatabaseFixups/29DatabaseFixupsSyncCollections] Executing fixup
Dec 03, 2025 19:55:27.976 [140732236738176] DEBUG - Waiting for server condition to be signaled.
Dec 03, 2025 19:55:27.976 [140732102062304] DEBUG - DVR: Starting up.
Dec 03, 2025 19:55:27.977 [140732102062304] DEBUG - Activity: registered new activity 56ad5211-23a2-4fbd-9c16-976979a67a0c - "Processing subscriptions"
Dec 03, 2025 19:55:27.979 [140732119101664] DEBUG - [DatabaseFixups/29DatabaseFixupsSyncCollections] Collections: Found 0 collections tags in section 2.
Dec 03, 2025 19:55:27.979 [140732119101664] DEBUG - [DatabaseFixups/29DatabaseFixupsSyncCollections] Collections: We had 0 collections in the library already.
Dec 03, 2025 19:55:27.979 [140732119101664] DEBUG - [DatabaseFixups/29DatabaseFixupsSyncCollections] Collections: Synced tags in section 2 in 2ms.
Dec 03, 2025 19:55:27.988 [140732119101664] DEBUG - [DatabaseFixups/29DatabaseFixupsSyncCollections] Collections: Refreshed attributes for 0 collections in section 2 in 9ms.
Dec 03, 2025 19:55:27.989 [140732119101664] DEBUG - [DatabaseFixups/29DatabaseFixupsSyncCollections] Collection: Refreshed visibility in section 2 in 0ms.
Dec 03, 2025 19:55:27.989 [140732119101664] DEBUG - [DatabaseFixups/29DatabaseFixupsSyncCollections] Fixup completed
Dec 03, 2025 19:55:27.989 [140732119101664] DEBUG - [DatabaseFixups/31DatabaseFixupsCleanupActivities] Executing fixup
Dec 03, 2025 19:55:27.992 [140732104192224] DEBUG - Network: 172-17-0-1.abcdefghijklmnopqrstuvwxyz012345.plex.direct failed to resolve to 172.17.0.1 but instead yielded (null)
Dec 03, 2025 19:55:27.992 [140732104192224] DEBUG - PublicAddressManager: Obtaining public address and mapping port.
Dec 03, 2025 19:55:27.992 [140732119101664] DEBUG - [DatabaseFixups/31DatabaseFixupsCleanupActivities] Fixup completed
Dec 03, 2025 19:55:27.992 [140732119101664] DEBUG - [DatabaseFixups/35DatabaseFixupsConsolidatePeopleTags] Executing fixup
Dec 03, 2025 19:55:27.993 [140732119101664] DEBUG - [DatabaseFixups/35DatabaseFixupsConsolidatePeopleTags] Fixup completed
Dec 03, 2025 19:55:27.993 [140732119101664] DEBUG - [DatabaseFixups/54DatabaseFixupsGarbageCollectTransientMetadataRelations] Executing fixup
Dec 03, 2025 19:55:27.993 [140732119101664] DEBUG - [DatabaseFixups/54DatabaseFixupsGarbageCollectTransientMetadataRelations] Fixup completed
Dec 03, 2025 19:55:27.993 [140732119101664] DEBUG - [DatabaseFixups/48DatabaseFixupsResetCorruptedMetadataItemClusters] Executing fixup
Dec 03, 2025 19:55:27.994 [140732119101664] DEBUG - [DatabaseFixups/48DatabaseFixupsResetCorruptedMetadataItemClusters] Fixup completed
Dec 03, 2025 19:55:27.994 [140732119101664] DEBUG - [DatabaseFixups] Running database fix-ups completed in 0.0 seconds.
Dec 03, 2025 19:55:28.026 [140732144972000] DEBUG - [HttpClient/HCl#4] HTTP/1.1 (0.1s) 200 response from GET http://127.0.0.1:40963/system/agents
Dec 03, 2025 19:55:28.026 [140732140400864] DEBUG - [com.plexapp.system] HTTP reply status 200, with 8986 bytes of content.
Dec 03, 2025 19:55:28.028 [140732140400864] DEBUG - The system knows about 12 agents.
Dec 03, 2025 19:55:28.028 [140732123361504] DEBUG - Starting plug-in /usr/lib/plexmediaserver/Resources/Plug-ins-f737b826c/LastFM.bundle.
Dec 03, 2025 19:55:28.028 [140732097802464] DEBUG - Starting plug-in /usr/lib/plexmediaserver/Resources/Plug-ins-f737b826c/TheTVDBv4.bundle.
Dec 03, 2025 19:55:28.028 [140732095672544] DEBUG - Starting plug-in /usr/lib/plexmediaserver/Resources/Plug-ins-f737b826c/WebClient.bundle.
Dec 03, 2025 19:55:28.029 [140732140400864] DEBUG - Waiting for 16 plug-ins to finish starting.
Dec 03, 2025 19:55:28.030 [140732097802464] DEBUG - Perfect cache hit, we don't need to start [com.plexapp.agents.thetvdb] yet.
Dec 03, 2025 19:55:28.030 [140732097802464] DEBUG - Starting plug-in /usr/lib/plexmediaserver/Resources/Plug-ins-f737b826c/TheMovieDB.bundle.
Dec 03, 2025 19:55:28.031 [140732123361504] DEBUG - Perfect cache hit, we don't need to start [com.plexapp.agents.lastfm] yet.
Dec 03, 2025 19:55:28.031 [140732095672544] DEBUG - Starting plug-in /usr/lib/plexmediaserver/Resources/Plug-ins-f737b826c/MoviePosterDB.bundle.
Dec 03, 2025 19:55:28.031 [140732123361504] DEBUG - Starting plug-in /usr/lib/plexmediaserver/Resources/Plug-ins-f737b826c/Musicbrainz.bundle.
Dec 03, 2025 19:55:28.031 [140732097802464] DEBUG - Perfect cache hit, we don't need to start [com.plexapp.agents.themoviedb] yet.
Dec 03, 2025 19:55:28.031 [140732097802464] DEBUG - Starting plug-in /usr/lib/plexmediaserver/Resources/Plug-ins-f737b826c/LocalMedia.bundle.
Dec 03, 2025 19:55:28.032 [140732097802464] DEBUG - Perfect cache hit, we don't need to start [com.plexapp.agents.localmedia] yet.
Dec 03, 2025 19:55:28.032 [140732097802464] DEBUG - Starting plug-in /usr/lib/plexmediaserver/Resources/Plug-ins-f737b826c/LyricFind.bundle.
Dec 03, 2025 19:55:28.032 [140732095672544] DEBUG - Perfect cache hit, we don't need to start [com.plexapp.agents.movieposterdb] yet.
Dec 03, 2025 19:55:28.032 [140732095672544] DEBUG - Starting plug-in /usr/lib/plexmediaserver/Resources/Plug-ins-f737b826c/Media-Flags.bundle.
Dec 03, 2025 19:55:28.033 [140732097802464] DEBUG - Perfect cache hit, we don't need to start [com.plexapp.agents.lyricfind] yet.
Dec 03, 2025 19:55:28.033 [140732097802464] DEBUG - Starting plug-in /usr/lib/plexmediaserver/Resources/Plug-ins-f737b826c/Scanners.bundle.
Dec 03, 2025 19:55:28.033 [140732123361504] DEBUG - Perfect cache hit, we don't need to start [org.musicbrainz.agents.music] yet.
Dec 03, 2025 19:55:28.033 [140732123361504] DEBUG - Starting plug-in /usr/lib/plexmediaserver/Resources/Plug-ins-f737b826c/PlexThemeMusic.bundle.
Dec 03, 2025 19:55:28.034 [140732095672544] DEBUG - Starting plug-in /usr/lib/plexmediaserver/Resources/Plug-ins-f737b826c/PlexMovie.bundle.
Dec 03, 2025 19:55:28.034 [140732097802464] DEBUG - Starting plug-in /usr/lib/plexmediaserver/Resources/Plug-ins-f737b826c/PersonalMedia.bundle.
Dec 03, 2025 19:55:28.035 [140732123361504] DEBUG - Perfect cache hit, we don't need to start [com.plexapp.agents.plexthememusic] yet.
Dec 03, 2025 19:55:28.035 [140732097802464] DEBUG - Perfect cache hit, we don't need to start [com.plexapp.agents.none] yet.
Dec 03, 2025 19:55:28.036 [140732123361504] DEBUG - Starting plug-in /usr/lib/plexmediaserver/Resources/Plug-ins-f737b826c/HTbackdrops.bundle.
Dec 03, 2025 19:55:28.036 [140732097802464] DEBUG - Starting plug-in /usr/lib/plexmediaserver/Resources/Plug-ins-f737b826c/Framework.bundle.
Dec 03, 2025 19:55:28.036 [140732095672544] DEBUG - Perfect cache hit, we don't need to start [com.plexapp.agents.imdb] yet.
Dec 03, 2025 19:55:28.036 [140732095672544] DEBUG - Starting plug-in /usr/lib/plexmediaserver/Resources/Plug-ins-f737b826c/Fanart-TV.bundle.
Dec 03, 2025 19:55:28.037 [140732095672544] DEBUG - Perfect cache hit, we don't need to start [com.plexapp.agents.fanarttv] yet.
Dec 03, 2025 19:55:28.038 [140732123361504] DEBUG - Perfect cache hit, we don't need to start [com.plexapp.agents.htbackdrops] yet.
Dec 03, 2025 19:55:28.040 [140732140400864] DEBUG - Starting scheduled updates, every 3600 seconds
Dec 03, 2025 19:55:28.040 [140732140400864] INFO - LibraryUpdateManager path watching is disabled
Dec 03, 2025 19:55:28.040 [140732140400864] DEBUG - Done waiting for all plug-ins to start.
Dec 03, 2025 19:55:28.040 [140732140400864] DEBUG - PluginRepository::setStartState: 3, complete
Dec 03, 2025 19:55:28.044 [140732108452064] DEBUG - Downloading document http://127.0.0.1:32400/:/plugins/com.plexapp.agents.imdb/prefs
Dec 03, 2025 19:55:28.044 [140732108452064] DEBUG - Translator: Found locale hu
Dec 03, 2025 19:55:28.044 [140732108452064] DEBUG - Translator: Found locale ar
Dec 03, 2025 19:55:28.044 [140732108452064] DEBUG - Translator: Found locale no
Dec 03, 2025 19:55:28.044 [140732108452064] DEBUG - Translator: Found locale sk
Dec 03, 2025 19:55:28.044 [140732108452064] DEBUG - Translator: Found locale cs_CZ
Dec 03, 2025 19:55:28.044 [140732108452064] DEBUG - Translator: Found locale sl
Dec 03, 2025 19:55:28.044 [140732108452064] DEBUG - Translator: Found locale sr
Dec 03, 2025 19:55:28.044 [140732108452064] DEBUG - Translator: Found locale da
Dec 03, 2025 19:55:28.044 [140732108452064] DEBUG - Translator: Found locale it
Dec 03, 2025 19:55:28.044 [140732108452064] DEBUG - Translator: Found locale pt_BR
Dec 03, 2025 19:55:28.044 [140732108452064] DEBUG - Translator: Found locale lt
Dec 03, 2025 19:55:28.044 [140732108452064] DEBUG - Translator: Found locale ru
Dec 03, 2025 19:55:28.044 [140732108452064] DEBUG - Translator: Found locale et_EE
Dec 03, 2025 19:55:28.044 [140732108452064] DEBUG - Translator: Found locale ko
Dec 03, 2025 19:55:28.044 [140732108452064] DEBUG - Translator: Found locale pt
Dec 03, 2025 19:55:28.044 [140732108452064] DEBUG - Translator: Found locale en
Dec 03, 2025 19:55:28.044 [140732108452064] DEBUG - Translator: Found locale nl_BE
Dec 03, 2025 19:55:28.044 [140732108452064] DEBUG - Translator: Found locale he
Dec 03, 2025 19:55:28.044 [140732108452064] DEBUG - Translator: Found locale uk
Dec 03, 2025 19:55:28.044 [140732108452064] DEBUG - Translator: Found locale nl
Dec 03, 2025 19:55:28.044 [140732108452064] DEBUG - Translator: Found locale zh_CN
Dec 03, 2025 19:55:28.044 [140732108452064] DEBUG - Translator: Found locale fr
Dec 03, 2025 19:55:28.044 [140732108452064] DEBUG - Translator: Found locale fi
Dec 03, 2025 19:55:28.044 [140732108452064] DEBUG - Translator: Found locale hu_HU
Dec 03, 2025 19:55:28.044 [140732108452064] DEBUG - Translator: Found locale es
Dec 03, 2025 19:55:28.044 [140732108452064] DEBUG - Translator: Found locale de
Dec 03, 2025 19:55:28.044 [140732108452064] DEBUG - Translator: Found locale hr_HR
Dec 03, 2025 19:55:28.044 [140732108452064] DEBUG - Translator: Found locale pl
Dec 03, 2025 19:55:28.044 [140732108452064] DEBUG - Translator: Found locale ro
Dec 03, 2025 19:55:28.044 [140732108452064] DEBUG - Translator: Found locale af
Dec 03, 2025 19:55:28.044 [140732108452064] DEBUG - Translator: Found locale sv
Dec 03, 2025 19:55:28.044 [140732108452064] DEBUG - Translator: Found locale ja_JP
Dec 03, 2025 19:55:28.049 [140732108452064] DEBUG - [Req#b] Starting file watcher for com.plexapp.agents.imdb
Dec 03, 2025 19:55:28.049 [140732108452064] DEBUG - [Req#b] Plugin: setting environment variable: 'PYTHONHOME=/usr/lib/plexmediaserver/Resources/Python'
Dec 03, 2025 19:55:28.050 [140732108452064] DEBUG - [Req#b] Plugin: setting environment variable: 'PYTHONPATH=/usr/lib/plexmediaserver/Resources/Python/python27.zip:/usr/lib/plexmediaserver/Resources/Python/lib/python2.7/site-packages'
Dec 03, 2025 19:55:28.051 [140732108452064] DEBUG - [Req#b] Spawned plug-in com.plexapp.agents.imdb with PID 311
Dec 03, 2025 19:55:28.051 [140732108452064] DEBUG - [Req#b] [com.plexapp.agents.imdb] Sending command: GET /:/prefixes
Dec 03, 2025 19:55:28.134 [140732144972000] DEBUG - [HttpClient/HCl#6] HTTP/1.1 (0.2s) 200 response from GET https://plex.tv/api/v2/user?includeSubscriptions=1&includeProviders=1 (reused)
Dec 03, 2025 19:55:28.136 [140732136141024] DEBUG - MyPlex: username is rostas44, login is rostas881122@gmail.com, home is 0, no pin
Dec 03, 2025 19:55:28.137 [140732127621344] DEBUG - [HCl#a] HTTP requesting GET https://plex.tv/api/v2/geoip
Dec 03, 2025 19:55:28.233 [140732144972000] DEBUG - [HttpClient/HCl#a] HTTP/1.1 (0.1s) 200 response from GET https://plex.tv/api/v2/geoip (reused)
Dec 03, 2025 19:55:28.234 [140732116971744] DEBUG - [HCl#b] HTTP requesting GET https://plex.tv/api/v2/server/webhooks?X-Plex-Token=xxxxxxxxxxxxxxxxxxxx
Dec 03, 2025 19:55:28.234 [140732159373536] DEBUG - [EventSourceClient/pubsub/178.79.177.129:443] Resolving 178.79.177.129 port 443
Dec 03, 2025 19:55:28.234 [140732159373536] DEBUG - [EventSourceClient/pubsub/178.79.177.129:443] Resolved 178.79.177.129 to 178.79.177.129:443
Dec 03, 2025 19:55:28.234 [140732127621344] DEBUG - [HCl#c] HTTP requesting GET https://plex.tv/api/v2/features?X-Plex-Token=xxxxxxxxxxxxxxxxxxxx
Dec 03, 2025 19:55:28.237 [140732144972000] DEBUG - [HttpClient/HCl#8] HTTP/1.1 (0.3s) 200 response from GET https://plex.tv/api/v2/user/privacy?X-Plex-Token=xxxxxxxxxxxxxxxxxxxx
Dec 03, 2025 19:55:28.237 [140732144972000] DEBUG - [HttpClient/HCl#5] HTTP/1.1 (0.3s) 200 response from GET https://v4.plex.tv/pms/:/ip
Dec 03, 2025 19:55:28.237 [140732168892640] DEBUG - PublicAddressManager: Got public IP from v4.plex.tv: 90.243.247.235
Dec 03, 2025 19:55:28.244 [140732144972000] DEBUG - [HttpClient/HCl#7] HTTP/1.1 (0.3s) 200 response from GET https://plex.tv/api/v2/release_channels?X-Plex-Token=xxxxxxxxxxxxxxxxxxxx
Dec 03, 2025 19:55:28.270 [140732161503456] DEBUG - [EventSourceClient/pubsub/178.79.177.129:443] Connected in 35 ms.
Dec 03, 2025 19:55:28.270 [140732159373536] DEBUG - [EventSourceClient/pubsub/178.79.177.129:443] Wrote data, reading reply.
Dec 03, 2025 19:55:28.304 [140732144972000] DEBUG - [HttpClient/HCl#9] HTTP/1.1 (0.3s) 200 response from GET https://plex.tv/api/v2/features?X-Plex-Token=xxxxxxxxxxxxxxxxxxxx
Dec 03, 2025 19:55:28.305 [140732106322144] DEBUG - [HCl#d] HTTP requesting GET https://plex.tv/api/v2/server/users/features
Dec 03, 2025 19:55:28.344 [140732144972000] DEBUG - [HttpClient/HCl#b] HTTP/1.1 (0.1s) 200 response from GET https://plex.tv/api/v2/server/webhooks?X-Plex-Token=xxxxxxxxxxxxxxxxxxxx (reused)
Dec 03, 2025 19:55:28.407 [140732144972000] DEBUG - [HttpClient/HCl#d] HTTP/1.1 (0.1s) 200 response from GET https://plex.tv/api/v2/server/users/features (reused)
Dec 03, 2025 19:55:28.627 [140732161503456] DEBUG - [EventSourceClient/pubsub/178.79.177.129:443] Read HTTP reply header.
Dec 03, 2025 19:55:28.628 [140732161503456] DEBUG - [EventSourceClient/pubsub/178.79.177.129:443] MyPlex: We appear to have regained Internet connectivity.
Dec 03, 2025 19:55:28.628 [140732144972000] DEBUG - [HttpClient/HCl#c] HTTP/1.1 (0.4s) 200 response from GET https://plex.tv/api/v2/features?X-Plex-Token=xxxxxxxxxxxxxxxxxxxx
Dec 03, 2025 19:55:28.631 [140732127621344] DEBUG - [HCl#e] HTTP requesting GET https://plex.tv/api/v2/server/users/features
Dec 03, 2025 19:55:28.638 [140732161503456] DEBUG - [EventSourceClient/pubsub/178.79.177.129:443] Network: 172-17-0-1.abcdefghijklmnopqrstuvwxyz012345.plex.direct failed to resolve to 172.17.0.1 but instead yielded (null)
Dec 03, 2025 19:55:28.638 [140732161503456] DEBUG - [EventSourceClient/pubsub/178.79.177.129:443] PublicAddressManager: Obtaining public address and mapping port.
Dec 03, 2025 19:55:28.638 [140732161503456] DEBUG - [EventSourceClient/pubsub/178.79.177.129:443] MyPlex: async reachability check - current mapped state: 'Not Mapped'.
Dec 03, 2025 19:55:28.638 [140732161503456] WARN - [EventSourceClient/pubsub/178.79.177.129:443] MyPlex: attempted a reachability check but we're not yet mapped.
Dec 03, 2025 19:55:28.638 [140732161503456] DEBUG - [EventSourceClient/pubsub/178.79.177.129:443] Successfully connected to 178.79.177.129.
Dec 03, 2025 19:55:28.731 [140732144972000] DEBUG - [HttpClient/HCl#e] HTTP/1.1 (0.1s) 200 response from GET https://plex.tv/api/v2/server/users/features (reused)
Dec 03, 2025 19:55:28.732 [140732127621344] DEBUG - [HCl#f] HTTP requesting GET https://plex.tv/api/v2/release_channels?X-Plex-Token=xxxxxxxxxxxxxxxxxxxx
Dec 03, 2025 19:55:28.858 [140732144972000] DEBUG - [HttpClient/HCl#f] HTTP/1.1 (0.1s) 200 response from GET https://plex.tv/api/v2/release_channels?X-Plex-Token=xxxxxxxxxxxxxxxxxxxx (reused)
Dec 03, 2025 19:55:28.859 [140732127621344] DEBUG - [HCl#10] HTTP requesting GET https://plex.tv/api/v2/user/privacy?X-Plex-Token=xxxxxxxxxxxxxxxxxxxx
Dec 03, 2025 19:55:28.922 [140732131881184] DEBUG - Request: [127.0.0.1:41322 (Loopback)] GET /system/messaging/clear_events/com.plexapp.agents.imdb (3 live) #9 GZIP Signed-in Token (rostas44)
Dec 03, 2025 19:55:28.922 [140732131881184] DEBUG - [Req#9] [com.plexapp.system] Sending command over HTTP (GET): /system/messaging/clear_events/com.plexapp.agents.imdb
Dec 03, 2025 19:55:28.922 [140732131881184] DEBUG - [Req#9/HCl#11] HTTP requesting GET http://127.0.0.1:40963/system/messaging/clear_events/com.plexapp.agents.imdb
Dec 03, 2025 19:55:28.948 [140732144972000] DEBUG - [HttpClient/HCl#11] HTTP/1.1 (0.0s) 200 response from GET http://127.0.0.1:40963/system/messaging/clear_events/com.plexapp.agents.imdb
Dec 03, 2025 19:55:28.948 [140732131881184] DEBUG - [Req#9] [com.plexapp.system] HTTP reply status 200, with 0 bytes of content.
Dec 03, 2025 19:55:28.948 [140732161503456] DEBUG - Completed: [127.0.0.1:41322] 200 GET /system/messaging/clear_events/com.plexapp.agents.imdb (3 live) #9 GZIP 29ms 280 bytes
Dec 03, 2025 19:55:28.954 [140732144972000] DEBUG - [HttpClient/HCl#10] HTTP/1.1 (0.1s) 200 response from GET https://plex.tv/api/v2/user/privacy?X-Plex-Token=xxxxxxxxxxxxxxxxxxxx (reused)
Dec 03, 2025 19:55:28.960 [140732127621344] DEBUG - CERT: Certificate will not expire soon; we'll check again in a week.
Dec 03, 2025 19:55:28.960 [140732080697568] DEBUG - MyPlex: sendMapping resetting state - previous mapping state: 'Not Mapped'.
Dec 03, 2025 19:55:28.960 [140732080697568] DEBUG - MyPlex: mapping state set to 'Unknown'.
Dec 03, 2025 19:55:28.961 [140732127621344] DEBUG - MyPlex: Updating device connections (from timer: 0)
Dec 03, 2025 19:55:28.961 [140732127621344] DEBUG - [HCl#12] HTTP requesting PUT https://plex.tv/devices/23cd5ae240c6f4722845bb5b0293884128c30b3d?Connection[][uri]=http://192.168.1.121:32400&Connection[][uri]=http://172.17.0.1:32400&Connection[][uri]=http://172.18.0.1:32400&Connection[][uri]=http://[2a0a:ef40:180b:db01:6716:8969:bceb:ada]:32400&httpsEnabled=1&httpsRequired=0&dnsRebindingProtection=1&X-Plex-Token=xxxxxxxxxxxxxxxxxxxx
Dec 03, 2025 19:55:28.961 [140732080697568] DEBUG - MyPlex: Sending Server Info to myPlex (user=rostas881122@gmail.com, ip=, port=0)
Dec 03, 2025 19:55:28.961 [140732080697568] DEBUG - [HCl#13] HTTP requesting POST https://plex.tv/servers.xml?auth_token=xxxxxxxxxxxxxxxxxxxx
Dec 03, 2025 19:55:29.048 [140732131881184] DEBUG - Request: [127.0.0.1:41338 (Loopback)] GET /:/plugins/com.plexapp.system/resourceHashes (3 live) #c GZIP Signed-in Token (rostas44)
Dec 03, 2025 19:55:29.048 [140732131881184] DEBUG - [Req#c] [com.plexapp.system] Sending command over HTTP (GET): /:/plugins/com.plexapp.system/resourceHashes
Dec 03, 2025 19:55:29.048 [140732131881184] DEBUG - [Req#c/HCl#14] HTTP requesting GET http://127.0.0.1:40963/:/plugins/com.plexapp.system/resourceHashes
Dec 03, 2025 19:55:29.083 [140732144972000] DEBUG - [HttpClient/HCl#12] HTTP/1.1 (0.1s) 200 response from PUT https://plex.tv/devices/23cd5ae240c6f4722845bb5b0293884128c30b3d?Connection[][uri]=http://192.168.1.121:32400&Connection[][uri]=http://172.17.0.1:32400&Connection[][uri]=http://172.18.0.1:32400&Connection[][uri]=http://[2a0a:ef40:180b:db01:6716:8969:bceb:ada]:32400&httpsEnabled=1&httpsRequired=0&dnsRebindingProtection=1&X-Plex-Token=xxxxxxxxxxxxxxxxxxxx (reused)
Dec 03, 2025 19:55:29.121 [140732144972000] DEBUG - [HttpClient/HCl#13] HTTP/1.1 (0.2s) 422 response from POST https://plex.tv/servers.xml?auth_token=xxxxxxxxxxxxxxxxxxxx (reused)
Dec 03, 2025 19:55:29.122 [140732080697568] DEBUG - MyPlex: Published Mapping State response was 422
Dec 03, 2025 19:55:29.122 [140732080697568] DEBUG - MyPlex: Got response for 23cd5ae240c6f4722845bb5b0293884128c30b3d ~ registered :0
Dec 03, 2025 19:55:29.122 [140732080697568] DEBUG - MyPlex: updating mapped state - current state: 'Not Mapped'
Dec 03, 2025 19:55:29.122 [140732080697568] DEBUG - MyPlex: mapping state set to 'Not Mapped'.
Dec 03, 2025 19:55:29.132 [140732144972000] DEBUG - [HttpClient/HCl#14] HTTP/1.1 (0.1s) 404 response from GET http://127.0.0.1:40963/:/plugins/com.plexapp.system/resourceHashes
Dec 03, 2025 19:55:29.133 [140732131881184] DEBUG - [Req#c] [com.plexapp.system] HTTP reply status 404, with 0 bytes of content.
Dec 03, 2025 19:55:29.134 [140732161503456] DEBUG - Completed: [127.0.0.1:41338] 404 GET /:/plugins/com.plexapp.system/resourceHashes (3 live) #c GZIP 85ms 261 bytes
Dec 03, 2025 19:55:29.149 [140732131881184] DEBUG - Request: [127.0.0.1:41342 (Loopback)] GET /:/plugins/com.plexapp.system/messaging/function/X0J1bmRsZVNlcnZpY2U6QWxsU2VydmljZXM_/Y2VyZWFsMQoxCmxpc3QKMApyMAo_/Y2VyZWFsMQoxCmRpY3QKMApyMAo_ (3 live) #14 GZIP Signed-in Token (rostas44)
Dec 03, 2025 19:55:29.149 [140732131881184] DEBUG - [Req#14] [com.plexapp.system] Sending command over HTTP (GET): /:/plugins/com.plexapp.system/messaging/function/X0J1bmRsZVNlcnZpY2U6QWxsU2VydmljZXM_/Y2VyZWFsMQoxCmxpc3QKMApyMAo_/Y2VyZWFsMQoxCmRpY3QKMApyMAo_
Dec 03, 2025 19:55:29.149 [140732131881184] DEBUG - [Req#14/HCl#15] HTTP requesting GET http://127.0.0.1:40963/:/plugins/com.plexapp.system/messaging/function/X0J1bmRsZVNlcnZpY2U6QWxsU2VydmljZXM_/Y2VyZWFsMQoxCmxpc3QKMApyMAo_/Y2VyZWFsMQoxCmRpY3QKMApyMAo_
Dec 03, 2025 19:55:29.173 [140732144972000] DEBUG - [HttpClient/HCl#15] HTTP/1.1 (0.0s) 200 response from GET http://127.0.0.1:40963/:/plugins/com.plexapp.system/messaging/function/X0J1bmRsZVNlcnZpY2U6QWxsU2VydmljZXM_/Y2VyZWFsMQoxCmxpc3QKMApyMAo_/Y2VyZWFsMQoxCmRpY3QKMApyMAo_
Dec 03, 2025 19:55:29.173 [140732131881184] DEBUG - [Req#14] [com.plexapp.system] HTTP reply status 200, with 516 bytes of content.
Dec 03, 2025 19:55:29.174 [140732161503456] DEBUG - Completed: [127.0.0.1:41342] 200 GET /:/plugins/com.plexapp.system/messaging/function/X0J1bmRsZVNlcnZpY2U6QWxsU2VydmljZXM_/Y2VyZWFsMQoxCmxpc3QKMApyMAo_/Y2VyZWFsMQoxCmRpY3QKMApyMAo_ (3 live) #14 GZIP 25ms 746 bytes
Dec 03, 2025 19:55:29.203 [140732131881184] DEBUG - Request: [127.0.0.1:41354 (Loopback)] GET / (3 live) #16 GZIP Signed-in Token (rostas44)
Dec 03, 2025 19:55:29.205 [140732161503456] DEBUG - Completed: [127.0.0.1:41354] 200 GET / (3 live) #16 GZIP 2ms 3901 bytes
Dec 03, 2025 19:55:29.906 [140732131881184] DEBUG - Request: [127.0.0.1:41362 (Loopback)] GET /:/plugins/com.plexapp.system/messaging/function/X0FnZW50U2VydmljZTpVcGRhdGVJbmZv/Y2VyZWFsMQoxCmxpc3QKMApyMAo_/Y2VyZWFsMQo3CmRpY3QKbGlzdApkaWN0Cmxpc3QKbGlzdApsaXN0Cmxpc3QKMgpzMjMKY29tLnBsZXhhcHAuYWdlbnRzLmltZGJzMTAKaWRlbnRpZmllcnIxCnMxMAphZ2VudF9pbmZvMQpyMgoxMApyMwpzMTEKbWVkaWFfdHlwZXNyNApzMTIKYWNjZXB0c19mcm9tbnMxNApmYWxsYmFja19hZ2VudHI1CnMxNApjb250cmlidXRlc190b3I2CnM5Cmxhbmd1YWdlc2IxczIwCnBlcnNpc3Rfc3RvcmVkX2ZpbGVzaTAKczcKdmVyc2lvbmIxczE2CnByaW1hcnlfcHJvdmlkZXJiMXM1CnByZWZzczE5ClBsZXggTW92aWUgKExlZ2FjeSlzNApuYW1lMQpzNQpNb3ZpZTEKczI5CmNvbS5wbGV4YXBwLmFnZW50cy5sb2NhbG1lZGlhMQpzMjkKY29tLnBsZXhhcHAuYWdlbnRzLnRoZW1vdmllZGIzMwpzMgplbnMyCnN2czIKZnJzMgplc3MyCm5sczIKZGVzMgppdHMyCmRhczIKYXJzMgpjYXMyCnpoczIKY3NzMgpldHMyCmZpczIKZWxzMgpoZXMyCmhpczIKaHVzMgppZHMyCmphczIKa29zMgpsdnMyCm5vczIKZmFzMgpwbHMyCnB0czIKcm9zMgpydXMyCnNrczIKdGhzMgp0cnMyCnVrczIKdmlyMAo_ (3 live) #18 GZIP Signed-in Token (rostas44)
Dec 03, 2025 19:55:29.907 [140732131881184] DEBUG - [Req#18] [com.plexapp.system] Sending command over HTTP (GET): /:/plugins/com.plexapp.system/messaging/function/X0FnZW50U2VydmljZTpVcGRhdGVJbmZv/Y2VyZWFsMQoxCmxpc3QKMApyMAo_/Y2VyZWFsMQo3CmRpY3QKbGlzdApkaWN0Cmxpc3QKbGlzdApsaXN0Cmxpc3QKMgpzMjMKY29tLnBsZXhhcHAuYWdlbnRzLmltZGJzMTAKaWRlbnRpZmllcnIxCnMxMAphZ2VudF9pbmZvMQpyMgoxMApyMwpzMTEKbWVkaWFfdHlwZXNyNApzMTIKYWNjZXB0c19mcm9tbnMxNApmYWxsYmFja19hZ2VudHI1CnMxNApjb250cmlidXRlc190b3I2CnM5Cmxhbmd1YWdlc2IxczIwCnBlcnNpc3Rfc3RvcmVkX2ZpbGVzaTAKczcKdmVyc2lvbmIxczE2CnByaW1hcnlfcHJvdmlkZXJiMXM1CnByZWZzczE5ClBsZXggTW92aWUgKExlZ2FjeSlzNApuYW1lMQpzNQpNb3ZpZTEKczI5CmNvbS5wbGV4YXBwLmFnZW50cy5sb2NhbG1lZGlhMQpzMjkKY29tLnBsZXhhcHAuYWdlbnRzLnRoZW1vdmllZGIzMwpzMgplbnMyCnN2czIKZnJzMgplc3MyCm5sczIKZGVzMgppdHMyCmRhczIKYXJzMgpjYXMyCnpoczIKY3NzMgpldHMyCmZpczIKZWxzMgpoZXMyCmhpczIKaHVzMgppZHMyCmphczIKa29zMgpsdnMyCm5vczIKZmFzMgpwbHMyCnB0czIKcm9zMgpydXMyCnNrczIKdGhzMgp0cnMyCnVrczIKdmlyMAo_
Dec 03, 2025 19:55:29.907 [140732131881184] DEBUG - [Req#18/HCl#16] HTTP requesting GET http://127.0.0.1:40963/:/plugins/com.plexapp.system/messaging/function/X0FnZW50U2VydmljZTpVcGRhdGVJbmZv/Y2VyZWFsMQoxCmxpc3QKMApyMAo_/Y2VyZWFsMQo3CmRpY3QKbGlzdApkaWN0Cmxpc3QKbGlzdApsaXN0Cmxpc3QKMgpzMjMKY29tLnBsZXhhcHAuYWdlbnRzLmltZGJzMTAKaWRlbnRpZmllcnIxCnMxMAphZ2VudF9pbmZvMQpyMgoxMApyMwpzMTEKbWVkaWFfdHlwZXNyNApzMTIKYWNjZXB0c19mcm9tbnMxNApmYWxsYmFja19hZ2VudHI1CnMxNApjb250cmlidXRlc190b3I2CnM5Cmxhbmd1YWdlc2IxczIwCnBlcnNpc3Rfc3RvcmVkX2ZpbGVzaTAKczcKdmVyc2lvbmIxczE2CnByaW1hcnlfcHJvdmlkZXJiMXM1CnByZWZzczE5ClBsZXggTW92aWUgKExlZ2FjeSlzNApuYW1lMQpzNQpNb3ZpZTEKczI5CmNvbS5wbGV4YXBwLmFnZW50cy5sb2NhbG1lZGlhMQpzMjkKY29tLnBsZXhhcHAuYWdlbnRzLnRoZW1vdmllZGIzMwpzMgplbnMyCnN2czIKZnJzMgplc3MyCm5sczIKZGVzMgppdHMyCmRhczIKYXJzMgpjYXMyCnpoczIKY3NzMgpldHMyCmZpczIKZWxzMgpoZXMyCmhpczIKaHVzMgppZHMyCmphczIKa29zMgpsdnMyCm5vczIKZmFzMgpwbHMyCnB0czIKcm9zMgpydXMyCnNrczIKdGhzMgp0cnMyCnVrczIKdmlyMAo_
Dec 03, 2025 19:55:29.913 [140732144972000] DEBUG - [HttpClient/HCl#16] HTTP/1.1 (0.0s) 200 response from GET http://127.0.0.1:40963/:/plugins/com.plexapp.system/messaging/function/X0FnZW50U2VydmljZTpVcGRhdGVJbmZv/Y2VyZWFsMQoxCmxpc3QKMApyMAo_/Y2VyZWFsMQo3CmRpY3QKbGlzdApkaWN0Cmxpc3QKbGlzdApsaXN0Cmxpc3QKMgpzMjMKY29tLnBsZXhhcHAuYWdlbnRzLmltZGJzMTAKaWRlbnRpZmllcnIxCnMxMAphZ2VudF9pbmZvMQpyMgoxMApyMwpzMTEKbWVkaWFfdHlwZXNyNApzMTIKYWNjZXB0c19mcm9tbnMxNApmYWxsYmFja19hZ2VudHI1CnMxNApjb250cmlidXRlc190b3I2CnM5Cmxhbmd1YWdlc2IxczIwCnBlcnNpc3Rfc3RvcmVkX2ZpbGVzaTAKczcKdmVyc2lvbmIxczE2CnByaW1hcnlfcHJvdmlkZXJiMXM1CnByZWZzczE5ClBsZXggTW92aWUgKExlZ2FjeSlzNApuYW1lMQpzNQpNb3ZpZTEKczI5CmNvbS5wbGV4YXBwLmFnZW50cy5sb2NhbG1lZGlhMQpzMjkKY29tLnBsZXhhcHAuYWdlbnRzLnRoZW1vdmllZGIzMwpzMgplbnMyCnN2czIKZnJzMgplc3MyCm5sczIKZGVzMgppdHMyCmRhczIKYXJzMgpjYXMyCnpoczIKY3NzMgpldHMyCmZpczIKZWxzMgpoZXMyCmhpczIKaHVzMgppZHMyCmphczIKa29zMgpsdnMyCm5vczIKZmFzMgpwbHMyCnB0czIKcm9zMgpydXMyCnNrczIKdGhzMgp0cnMyCnVrczIKdmlyMAo_
Dec 03, 2025 19:55:29.913 [140732131881184] DEBUG - [Req#18] [com.plexapp.system] HTTP reply status 200, with 16 bytes of content.
Dec 03, 2025 19:55:29.913 [140732161503456] DEBUG - Completed: [127.0.0.1:41362] 200 GET /:/plugins/com.plexapp.system/messaging/function/X0FnZW50U2VydmljZTpVcGRhdGVJbmZv/Y2VyZWFsMQoxCmxpc3QKMApyMAo_/Y2VyZWFsMQo3CmRpY3QKbGlzdApkaWN0Cmxpc3QKbGlzdApsaXN0Cmxpc3QKMgpzMjMKY29tLnBsZXhhcHAuYWdlbnRzLmltZGJzMTAKaWRlbnRpZmllcnIxCnMxMAphZ2VudF9pbmZvMQpyMgoxMApyMwpzMTEKbWVkaWFfdHlwZXNyNApzMTIKYWNjZXB0c19mcm9tbnMxNApmYWxsYmFja19hZ2VudHI1CnMxNApjb250cmlidXRlc190b3I2CnM5Cmxhbmd1YWdlc2IxczIwCnBlcnNpc3Rfc3RvcmVkX2ZpbGVzaTAKczcKdmVyc2lvbmIxczE2CnByaW1hcnlfcHJvdmlkZXJiMXM1CnByZWZzczE5ClBsZXggTW92aWUgKExlZ2FjeSlzNApuYW1lMQpzNQpNb3ZpZTEKczI5CmNvbS5wbGV4YXBwLmFnZW50cy5sb2NhbG1lZGlhMQpzMjkKY29tLnBsZXhhcHAuYWdlbnRzLnRoZW1vdmllZGIzMwpzMgplbnMyCnN2czIKZnJzMgplc3MyCm5sczIKZGVzMgppdHMyCmRhczIKYXJzMgpjYXMyCnpoczIKY3NzMgpldHMyCmZpczIKZWxzMgpoZXMyCmhpczIKaHVzMgppZHMyCmphczIKa29zMgpsdnMyCm5vczIKZmFzMgpwbHMyCnB0czIKcm9zMgpydXMyCnNrczIKdGhzMgp0cnMyCnVrczIKdmlyMAo_ (3 live) #18 GZIP 7ms 415 bytes
Dec 03, 2025 19:55:29.919 [140732108452064] DEBUG - [Req#b] Reading 148 bytes in the body, code is 200
Dec 03, 2025 19:55:29.919 [140732108452064] DEBUG - [Req#b] [com.plexapp.agents.imdb] Plug-in running on port 35723.
Dec 03, 2025 19:55:29.919 [140732108452064] DEBUG - [Req#b] Read configuration for [com.plexapp.agents.imdb], had 0 prefixes
Dec 03, 2025 19:55:29.919 [140732108452064] DEBUG - [Req#b] [com.plexapp.agents.imdb] Sending command over HTTP (GET): /:/plugins/com.plexapp.agents.imdb/prefs
Dec 03, 2025 19:55:29.920 [140732108452064] DEBUG - [Req#b/HCl#17] HTTP requesting GET http://127.0.0.1:35723/:/plugins/com.plexapp.agents.imdb/prefs
Dec 03, 2025 19:55:29.939 [140732144972000] DEBUG - [HttpClient/HCl#17] HTTP/1.1 (0.0s) 200 response from GET http://127.0.0.1:35723/:/plugins/com.plexapp.agents.imdb/prefs
Dec 03, 2025 19:55:29.939 [140732108452064] DEBUG - [Req#b] [com.plexapp.agents.imdb] HTTP reply status 200, with 2224 bytes of content.
Dec 03, 2025 19:55:29.940 [140732108452064] DEBUG - Caching document http://127.0.0.1:32400/:/plugins/com.plexapp.agents.imdb/prefs as 59832e6f050831f1262dcb84e52a7f7abfdea7c4
Dec 03, 2025 19:55:29.940 [140732108452064] DEBUG - IVA: Downloading trailer lists.
Dec 03, 2025 19:55:30.025 [140732108452064] DEBUG - IVA: Downloaded 45 trailers for source 1.
Dec 03, 2025 19:55:30.056 [140732108452064] DEBUG - IVA: Downloaded 28 trailers for source 2.
Dec 03, 2025 19:55:31.234 [140732110581984] DEBUG - [MediaProviderManager] Refreshing media providers
Dec 03, 2025 19:55:31.234 [140732110581984] DEBUG - [MediaProviderManager/Response::fetch/HCl#1a] HTTP requesting GET https://plex.tv/media/providers
Dec 03, 2025 19:55:31.335 [140732144972000] DEBUG - [HttpClient/HCl#1a] HTTP/1.1 (0.1s) 200 response from GET https://plex.tv/media/providers (reused)
Dec 03, 2025 19:55:31.335 [140732110581984] DEBUG - [MediaProviderManager] discovered cloud provider (Movies & Shows)
Dec 03, 2025 19:55:31.335 [140732110581984] DEBUG - [MediaProviderManager] discovered cloud provider (Metadata)
Dec 03, 2025 19:55:31.335 [140732110581984] DEBUG - [MediaProviderManager] loading cloud provider details (Metadata) (alive: 0)
Dec 03, 2025 19:55:31.335 [140732119101664] DEBUG - [MediaProviderManager/HCl#1d] HTTP requesting GET https://vod.provider.plex.tv?includePreferences=1
Dec 03, 2025 19:55:31.415 [140732144972000] DEBUG - [HttpClient/HCl#1d] HTTP/2.0 (0.1s) 200 response from GET https://vod.provider.plex.tv?includePreferences=1
Dec 03, 2025 19:55:32.962 [140732121231584] DEBUG - [NSB] NetworkServiceBrowser: SERVER arrived: 127.0.0.1 (raspberry)
Dec 03, 2025 19:55:32.962 [140732121231584] DEBUG - [NSB] Notifying the system bundle an update to server /system/notify/serverUpdated?host=127.0.0.1
Dec 03, 2025 19:55:32.962 [140732121231584] DEBUG - [NSB] [com.plexapp.system] Sending command over HTTP (GET): /system/notify/serverUpdated?host=127.0.0.1
Dec 03, 2025 19:55:32.962 [140732121231584] DEBUG - [NSB/HCl#20] HTTP requesting GET http://127.0.0.1:40963/system/notify/serverUpdated?host=127.0.0.1
Dec 03, 2025 19:55:33.234 [140732093542624] DEBUG - [PubsubServerManager/process/HCl#21] HTTP requesting GET https://plex.tv/services/pubsub/servers
Dec 03, 2025 19:55:33.846 [140732110581984] DEBUG - [MediaProviderManager] loading cloud provider details (Movies & Shows) (alive: 1)
Dec 03, 2025 19:55:33.846 [140732110581984] DEBUG - [MediaProviderManager] we had 0 cloud providers online, we now have 2
Dec 03, 2025 19:55:33.846 [140732110581984] DEBUG - [MediaProviderManager] cloud provider (Metadata) is online and available
Dec 03, 2025 19:55:33.846 [140732110581984] DEBUG - [MediaProviderManager] cloud provider (Movies & Shows) is online and available
Dec 03, 2025 19:55:33.846 [140732110581984] DEBUG - [MediaProviderManager/MetadataAgentManager] Found media provider for agent provider 'tv.plex.agents.movie' with source URI 'provider://tv.plex.provider.metadata'
Dec 03, 2025 19:55:33.846 [140732110581984] DEBUG - [MediaProviderManager/MetadataAgentManager] Found media provider for agent provider 'tv.plex.agents.series' with source URI 'provider://tv.plex.provider.metadata'
Dec 03, 2025 19:55:33.846 [140732110581984] DEBUG - [MediaProviderManager/MetadataAgentManager] Found media provider for agent provider 'tv.plex.agents.music' with source URI 'provider://tv.plex.provider.metadata'
Dec 03, 2025 19:55:33.846 [140732110581984] DEBUG - [MediaProviderManager/MetadataAgentManager] Found media provider for agent provider 'org.musicbrainz.agents.music' with source URI 'provider://tv.plex.provider.metadata'
Dec 03, 2025 19:55:33.846 [140732110581984] DEBUG - [MediaProviderManager] Media provider refresh complete
Dec 03, 2025 19:55:33.849 [140732131881184] DEBUG - Request: [127.0.0.1:57848 (Loopback)] GET /servers (3 live) #1a GZIP Signed-in Token (rostas44)
Dec 03, 2025 19:55:33.850 [140732161503456] DEBUG - Completed: [127.0.0.1:57848] 200 GET /servers (3 live) #1a GZIP 0ms 493 bytes
Dec 03, 2025 19:55:33.852 [140732144972000] DEBUG - [HttpClient/HCl#20] HTTP/1.1 (0.0s) 200 response from GET http://127.0.0.1:40963/system/notify/serverUpdated?host=127.0.0.1
Dec 03, 2025 19:55:33.852 [140732121231584] DEBUG - [NSB] [com.plexapp.system] HTTP reply status 200, with 0 bytes of content.
Dec 03, 2025 19:55:33.940 [140732144972000] DEBUG - [HttpClient/HCl#21] HTTP/1.1 (0.1s) 200 response from GET https://plex.tv/services/pubsub/servers (reused)
Dec 03, 2025 19:55:34.722 [140732093542624] DEBUG - [PubsubServerManager/process] Time to connect to 178.79.177.129 was 35 ms.
Dec 03, 2025 19:55:34.722 [140732093542624] DEBUG - [PubsubServerManager/process] Time to connect to 178.79.179.11 was 39 ms.
Dec 03, 2025 19:55:34.722 [140732093542624] DEBUG - [PubsubServerManager/process] Time to connect to 172.105.245.168 was 67 ms.
Dec 03, 2025 19:55:34.723 [140732093542624] DEBUG - [PubsubServerManager/process] Time to connect to 172.104.218.101 was 237 ms.
Dec 03, 2025 19:55:34.723 [140732093542624] DEBUG - [PubsubServerManager/process] Time to connect to 45.79.211.188 was 285 ms.
Dec 03, 2025 19:55:34.723 [140732093542624] DEBUG - [PubsubServerManager/process] Time to connect to 172.105.99.32 was 298 ms.
Dec 03, 2025 19:55:34.723 [140732093542624] DEBUG - [PubsubServerManager/process] Time to connect to 45.79.23.169 was 343 ms.
Dec 03, 2025 19:55:34.723 [140732093542624] DEBUG - [PubsubServerManager/process] Time to connect to 45.56.82.212 was 430 ms.
Dec 03, 2025 19:55:34.723 [140732093542624] DEBUG - [PubsubServerManager/process] Time to connect to 139.162.75.196 was 733 ms.
Dec 03, 2025 19:55:34.723 [140732093542624] DEBUG - [PubsubServerManager/process] Time to connect to 139.162.40.38 was 781 ms.
Dec 03, 2025 19:55:34.723 [140732093542624] DEBUG - [PubsubServerManager/process] Updating best ping time for 178.79.177.129 to 35 ms.
Dec 03, 2025 19:55:35.904 [140732084957408] DEBUG - DVR:Device: Discovering and refreshing all devices.
Dec 03, 2025 19:55:35.904 [140732084957408] DEBUG - Grabber: HDHomerun discovered 0 compatible devices.
Dec 03, 2025 19:55:35.904 [140732084957408] DEBUG - [HCl#22] HTTP requesting POST http://127.0.0.1:32600/devices/discover
Dec 03, 2025 19:55:37.978 [140732104192224] DEBUG - Grabber: Cleaning up orphaned grabs.
Dec 03, 2025 19:55:37.978 [140732104192224] DEBUG - Grabber: Cleaned up 0 decrepit directories in 0.0 sec.
Dec 03, 2025 19:55:37.978 [140732104192224] DEBUG - Activity: registered new activity 03218b8f-9c62-4fc4-a7db-1370c52f8016 - "Processing subscriptions"
Dec 03, 2025 19:55:37.978 [140732104192224] DEBUG - Subscription: Scheduling subscriptions.
Dec 03, 2025 19:55:37.979 [140732104192224] DEBUG - Subscription: Initialized 0 schedulers.
Dec 03, 2025 19:55:37.979 [140732104192224] DEBUG - Subscription: Starting with 0 grabs, scheduled 0 active ones preemptively.
Dec 03, 2025 19:55:37.979 [140732104192224] DEBUG - Subscription: Scheduled all subscriptions in 0 ms.
Dec 03, 2025 19:55:37.979 [140732104192224] DEBUG - Activity: Ended activity 03218b8f-9c62-4fc4-a7db-1370c52f8016.
Dec 03, 2025 19:55:37.979 [140732104192224] DEBUG - Subscription: There are 0 active grabs at the end.
Dec 03, 2025 19:55:37.979 [140732104192224] DEBUG - Activity: Ended activity 56ad5211-23a2-4fbd-9c16-976979a67a0c.
Dec 03, 2025 19:55:37.979 [140732104192224] DEBUG - Subscription: Refreshed all content in 0 ms.
Dec 03, 2025 19:55:38.078 [140732121231584] DEBUG - [NSB/SSDP] Parsing SSDP schema for http://192.168.1.146:9197/dmr
Dec 03, 2025 19:55:38.093 [140732144972000] DEBUG - [HttpClient/HCl#23] HTTP/1.1 (0.0s) 200 response from GET http://192.168.1.146:9197/dmr
Dec 03, 2025 19:55:38.093 [140732121231584] DEBUG - [NSB/SSDP] found 1 SSDP devices via http://192.168.1.146:9197/dmr
Dec 03, 2025 19:55:38.093 [140732121231584] DEBUG - [NSB/SSDP] SSDP arrived: 192.168.1.146 (Szemkprztat Szuperszrny)
Dec 03, 2025 19:55:38.234 [140732102062304] DEBUG - [HCl#24] HTTP requesting GET https://plex.tv/api/resources.xml?includeHttps=1&includeRelay=1&auth_token=xxxxxxxxxxxxxxxxxxxx
Dec 03, 2025 19:55:38.331 [140732144972000] DEBUG - [HttpClient/HCl#22] HTTP/1.1 (2.4s) 200 response from POST http://127.0.0.1:32600/devices/discover
Dec 03, 2025 19:55:38.361 [140732144972000] DEBUG - [HttpClient/HCl#24] HTTP/1.1 (0.1s) 200 response from GET https://plex.tv/api/resources.xml?includeHttps=1&includeRelay=1&auth_token=xxxxxxxxxxxxxxxxxxxx (reused)
Dec 03, 2025 19:55:38.361 [140732102062304] DEBUG - Media Server: Tested all servers in 0.0 seconds.
Dec 03, 2025 19:55:39.670 [140732125491424] DEBUG - NetworkInterface: received Netlink message len=440, type=RTM_NEWLINK, flags=0x0
Dec 03, 2025 19:55:39.670 [140732125491424] DEBUG - NetworkInterface: Netlink information message family=7, type=1, index=8, flags=0x11043, change=0x0
Dec 03, 2025 19:55:39.670 [140732125491424] DEBUG - Network change.
Dec 03, 2025 19:55:39.670 [140732125491424] DEBUG - NetworkInterface: Notified of network changed (force=0)
Dec 03, 2025 19:55:39.670 [140732125491424] DEBUG - Network change notification but nothing changed.
Dec 03, 2025 19:55:39.974 [140732121231584] DEBUG - [NSB/SSDP] Parsing SSDP schema for http://192.168.1.1:49152/wps_device.xml
Dec 03, 2025 19:55:39.979 [140732144972000] DEBUG - [HttpClient/HCl#25] HTTP/1.1 (0.0s) 200 response from GET http://192.168.1.1:49152/wps_device.xml
Dec 03, 2025 19:55:39.979 [140732121231584] DEBUG - [NSB/SSDP] found 1 SSDP devices via http://192.168.1.1:49152/wps_device.xml
Dec 03, 2025 19:55:39.979 [140732121231584] DEBUG - [NSB/SSDP] SSDP arrived: 192.168.1.1 (WPS Access Point)
Dec 03, 2025 19:55:40.070 [140732134011104] DEBUG - NAT: UPnP, found device <http://192.168.1.146:9119/screen_sharing> with private address <192.168.1.121>
Dec 03, 2025 19:55:40.070 [140732134011104] DEBUG - NAT: UPnP, not an IGD: <http://192.168.1.146:9119/screen_sharing>.
Dec 03, 2025 19:55:40.083 [140732134011104] DEBUG - NAT: UPnP, found device <http://192.168.1.146:7678/nservice/> with private address <192.168.1.121>
Dec 03, 2025 19:55:40.083 [140732134011104] DEBUG - NAT: UPnP, not an IGD: <http://192.168.1.146:7678/nservice/>.
Dec 03, 2025 19:55:40.095 [140732134011104] DEBUG - NAT: UPnP, found device <http://192.168.1.146:9197/dmr> with private address <192.168.1.121>
Dec 03, 2025 19:55:40.095 [140732134011104] DEBUG - NAT: UPnP, not an IGD: <http://192.168.1.146:9197/dmr>.
Dec 03, 2025 19:55:40.102 [140732134011104] DEBUG - NAT: UPnP, found device <http://192.168.1.1:49152/wps_device.xml> with private address <192.168.1.121>
Dec 03, 2025 19:55:40.102 [140732134011104] DEBUG - NAT: UPnP, not an IGD: <http://192.168.1.1:49152/wps_device.xml>.
Dec 03, 2025 19:55:40.109 [140732134011104] DEBUG - NAT: UPnP, found device <http://192.168.1.1:49152/wps_device.xml> with private address <192.168.1.121>
Dec 03, 2025 19:55:40.109 [140732134011104] DEBUG - NAT: UPnP, not an IGD: <http://192.168.1.1:49152/wps_device.xml>.
Dec 03, 2025 19:55:40.115 [140732134011104] DEBUG - NAT: UPnP, found device <http://192.168.1.1:49152/wps_device.xml> with private address <192.168.1.121>
Dec 03, 2025 19:55:40.115 [140732134011104] DEBUG - NAT: UPnP, not an IGD: <http://192.168.1.1:49152/wps_device.xml>.
Dec 03, 2025 19:55:40.122 [140732134011104] DEBUG - NAT: UPnP, found device <http://192.168.1.1:49152/wps_device.xml> with private address <192.168.1.121>
Dec 03, 2025 19:55:40.122 [140732134011104] DEBUG - NAT: UPnP, not an IGD: <http://192.168.1.1:49152/wps_device.xml>.
Dec 03, 2025 19:55:40.122 [140732134011104] DEBUG - NAT: UPnP, didn't find usable IGD.
Dec 03, 2025 19:55:40.122 [140732134011104] DEBUG - NAT: PMP, attempting mapping.
Dec 03, 2025 19:55:40.373 [140732134011104] WARN - NAT: PMP, got an error: Not Supported by gateway.
Dec 03, 2025 19:55:40.373 [140732134011104] DEBUG - NAT: UPnP, attempting port mapping.
Dec 03, 2025 19:55:40.373 [140732134011104] DEBUG - NAT: UPnP, not an IGD: <http://192.168.1.146:9119/screen_sharing>.
Dec 03, 2025 19:55:40.373 [140732134011104] DEBUG - NAT: UPnP, not an IGD: <http://192.168.1.146:7678/nservice/>.
Dec 03, 2025 19:55:40.373 [140732134011104] DEBUG - NAT: UPnP, not an IGD: <http://192.168.1.146:9197/dmr>.
Dec 03, 2025 19:55:40.373 [140732134011104] DEBUG - NAT: UPnP, not an IGD: <http://192.168.1.1:49152/wps_device.xml>.
Dec 03, 2025 19:55:40.373 [140732134011104] DEBUG - NAT: UPnP, not an IGD: <http://192.168.1.1:49152/wps_device.xml>.
Dec 03, 2025 19:55:40.373 [140732134011104] DEBUG - NAT: UPnP, not an IGD: <http://192.168.1.1:49152/wps_device.xml>.
Dec 03, 2025 19:55:40.373 [140732134011104] DEBUG - NAT: UPnP, not an IGD: <http://192.168.1.1:49152/wps_device.xml>.
Dec 03, 2025 19:55:40.373 [140732134011104] DEBUG - NAT: UPnP, didn't find usable IGD.
Dec 03, 2025 19:55:40.373 [140732134011104] DEBUG - PublicAddressManager: Mapping failed.
Dec 03, 2025 19:55:40.373 [140732134011104] DEBUG - MyPlex: mapping state set to 'Failed'.
Dec 03, 2025 19:55:40.373 [140732134011104] DEBUG - MyPlex: Updating device connections (from timer: 0)
Dec 03, 2025 19:55:40.373 [140732134011104] DEBUG - [HCl#26] HTTP requesting PUT https://plex.tv/devices/23cd5ae240c6f4722845bb5b0293884128c30b3d?Connection[][uri]=http://192.168.1.121:32400&Connection[][uri]=http://172.17.0.1:32400&Connection[][uri]=http://172.18.0.1:32400&Connection[][uri]=http://[2a0a:ef40:180b:db01:6716:8969:bceb:ada]:32400&httpsEnabled=1&httpsRequired=0&dnsRebindingProtection=1&natLoopbackSupported=0&X-Plex-Token=xxxxxxxxxxxxxxxxxxxx
Dec 03, 2025 19:55:40.480 [140732144972000] DEBUG - [HttpClient/HCl#26] HTTP/1.1 (0.1s) 200 response from PUT https://plex.tv/devices/23cd5ae240c6f4722845bb5b0293884128c30b3d?Connection[][uri]=http://192.168.1.121:32400&Connection[][uri]=http://172.17.0.1:32400&Connection[][uri]=http://172.18.0.1:32400&Connection[][uri]=http://[2a0a:ef40:180b:db01:6716:8969:bceb:ada]:32400&httpsEnabled=1&httpsRequired=0&dnsRebindingProtection=1&natLoopbackSupported=0&X-Plex-Token=xxxxxxxxxxxxxxxxxxxx (reused)
Dec 03, 2025 19:55:42.271 [140732168892640] DEBUG - NAT: UPnP, found device <http://192.168.1.146:9119/screen_sharing> with private address <192.168.1.121>
Dec 03, 2025 19:55:42.271 [140732168892640] DEBUG - NAT: UPnP, not an IGD: <http://192.168.1.146:9119/screen_sharing>.
Dec 03, 2025 19:55:42.286 [140732168892640] DEBUG - NAT: UPnP, found device <http://192.168.1.146:7678/nservice/> with private address <192.168.1.121>
Dec 03, 2025 19:55:42.286 [140732168892640] DEBUG - NAT: UPnP, not an IGD: <http://192.168.1.146:7678/nservice/>.
Dec 03, 2025 19:55:42.299 [140732168892640] DEBUG - NAT: UPnP, found device <http://192.168.1.146:9197/dmr> with private address <192.168.1.121>
Dec 03, 2025 19:55:42.300 [140732168892640] DEBUG - NAT: UPnP, not an IGD: <http://192.168.1.146:9197/dmr>.
Dec 03, 2025 19:55:42.306 [140732168892640] DEBUG - NAT: UPnP, found device <http://192.168.1.1:49152/wps_device.xml> with private address <192.168.1.121>
Dec 03, 2025 19:55:42.306 [140732168892640] DEBUG - NAT: UPnP, not an IGD: <http://192.168.1.1:49152/wps_device.xml>.
Dec 03, 2025 19:55:42.312 [140732168892640] DEBUG - NAT: UPnP, found device <http://192.168.1.1:49152/wps_device.xml> with private address <192.168.1.121>
Dec 03, 2025 19:55:42.312 [140732168892640] DEBUG - NAT: UPnP, not an IGD: <http://192.168.1.1:49152/wps_device.xml>.
Dec 03, 2025 19:55:42.319 [140732168892640] DEBUG - NAT: UPnP, found device <http://192.168.1.1:49152/wps_device.xml> with private address <192.168.1.121>
Dec 03, 2025 19:55:42.319 [140732168892640] DEBUG - NAT: UPnP, not an IGD: <http://192.168.1.1:49152/wps_device.xml>.
Dec 03, 2025 19:55:42.326 [140732168892640] DEBUG - NAT: UPnP, found device <http://192.168.1.1:49152/wps_device.xml> with private address <192.168.1.121>
Dec 03, 2025 19:55:42.326 [140732168892640] DEBUG - NAT: UPnP, not an IGD: <http://192.168.1.1:49152/wps_device.xml>.
Dec 03, 2025 19:55:42.326 [140732168892640] DEBUG - NAT: UPnP, getPublicIP didn't find usable IGD.
Dec 03, 2025 19:55:42.576 [140732168892640] WARN - NAT: PMP, got an error: Not Supported by gateway.
Dec 03, 2025 19:55:42.577 [140732168892640] DEBUG - [HCl#27] HTTP requesting GET https://90-243-247-235.c3bc5a2b79d840cb8670740fa0cc0232.plex.direct:0/identity
Dec 03, 2025 19:55:42.585 [140732144972000] WARN - [HttpClient/HCl#27] HTTP error requesting GET https://90-243-247-235.c3bc5a2b79d840cb8670740fa0cc0232.plex.direct:0/identity (7, Couldn't connect to server) (Failed to connect to 90-243-247-235.c3bc5a2b79d840cb8670740fa0cc0232.plex.direct port 0 after 7 ms: Couldn't connect to server)
Dec 03, 2025 19:55:42.585 [140732168892640] DEBUG - MyPlex: mapping state set to 'Mapped - Not Published'.
Dec 03, 2025 19:55:42.585 [140732168892640] DEBUG - MyPlex: sendMapping resetting state - previous mapping state: 'Mapped - Not Published'.
Dec 03, 2025 19:55:42.585 [140732168892640] DEBUG - MyPlex: mapping state set to 'Unknown'.
Dec 03, 2025 19:55:42.587 [140732168892640] DEBUG - MyPlex: Sending Server Info to myPlex (user=rostas881122@gmail.com, ip=90.243.247.235, port=0)
Dec 03, 2025 19:55:42.588 [140732168892640] DEBUG - [HCl#28] HTTP requesting POST https://plex.tv/servers.xml?auth_token=xxxxxxxxxxxxxxxxxxxx
Dec 03, 2025 19:55:42.698 [140732144972000] DEBUG - [HttpClient/HCl#28] HTTP/1.1 (0.1s) 422 response from POST https://plex.tv/servers.xml?auth_token=xxxxxxxxxxxxxxxxxxxx (reused)
Dec 03, 2025 19:55:42.698 [140732168892640] DEBUG - MyPlex: Published Mapping State response was 422
Dec 03, 2025 19:55:42.698 [140732168892640] DEBUG - MyPlex: Got response for 23cd5ae240c6f4722845bb5b0293884128c30b3d ~ registered :0
Dec 03, 2025 19:55:42.698 [140732168892640] DEBUG - MyPlex: updating mapped state - current state: 'Mapped - Not Published'
Dec 03, 2025 19:55:42.698 [140732168892640] DEBUG - MyPlex: mapping state set to 'Mapped - Publishing'.
Dec 03, 2025 19:55:42.698 [140732168892640] DEBUG - MyPlex: async reachability check - current mapped state: 'Mapped - Publishing'.
Dec 03, 2025 19:55:42.698 [140732168892640] DEBUG - MyPlex: Requesting reachability check.
Dec 03, 2025 19:55:42.698 [140732168892640] DEBUG - [HCl#29] HTTP requesting PUT https://plex.tv/api/servers/23cd5ae240c6f4722845bb5b0293884128c30b3d/connectivity?X-Plex-Token=xxxxxxxxxxxxxxxxxxxx&asyncIdentifier=b1fc9606-c5d2-4e1d-945a-2bd57a1a33ba
Dec 03, 2025 19:55:42.794 [140732144972000] DEBUG - [HttpClient/HCl#29] HTTP/1.1 (0.1s) 200 response from PUT https://plex.tv/api/servers/23cd5ae240c6f4722845bb5b0293884128c30b3d/connectivity?X-Plex-Token=xxxxxxxxxxxxxxxxxxxx&asyncIdentifier=b1fc9606-c5d2-4e1d-945a-2bd57a1a33ba (reused)
Dec 03, 2025 19:55:42.795 [140732168892640] DEBUG - MyPlex: Last published value didn't change, we're done.
Dec 03, 2025 19:55:42.887 [140732161503456] DEBUG - [EventSourceClient/pubsub/178.79.177.129:443] EventSource: Got event [data] '<Message address="" port="0" asyncIdentifier="b1fc9606-c5d2-4e1d-945a-2bd57a1a33ba" connectivity="0" command="notifyConnectivity"/>'
Dec 03, 2025 19:55:42.887 [140732161503456] DEBUG - [EventSourceClient/pubsub/178.79.177.129:443] PubSub: Got notified of reachability for async identifier b1fc9606-c5d2-4e1d-945a-2bd57a1a33ba: 0 for :0 (responded in 92 ms)
Dec 03, 2025 19:55:42.887 [140732161503456] DEBUG - [EventSourceClient/pubsub/178.79.177.129:443] MyPlex: reachability check - current mapping state: 'Mapped - Publishing'.
Dec 03, 2025 19:55:42.887 [140732161503456] DEBUG - [EventSourceClient/pubsub/178.79.177.129:443] MyPlex: mapping state set to 'Mapped - Not Published (Not Reachable)'.
Dec 03, 2025 19:55:55.872 [140732102062304] DEBUG - [HCl#2a] HTTP requesting GET https://plex.tv/api/v2/shared_sources/owned?machineIdentifier=23cd5ae240c6f4722845bb5b0293884128c30b3d
Dec 03, 2025 19:55:56.149 [140732144972000] DEBUG - [HttpClient/HCl#2a] HTTP/1.1 (0.3s) 200 response from GET https://plex.tv/api/v2/shared_sources/owned?machineIdentifier=23cd5ae240c6f4722845bb5b0293884128c30b3d
Dec 03, 2025 19:55:56.150 [140732102062304] DEBUG - [HCl#2b] HTTP requesting GET https://plex.tv/api/v2/server/access_tokens?auth_token=xxxxxxxxxxxxxxxxxxxx
Dec 03, 2025 19:55:56.256 [140732144972000] DEBUG - [HttpClient/HCl#2b] HTTP/1.1 (0.1s) 200 response from GET https://plex.tv/api/v2/server/access_tokens?auth_token=xxxxxxxxxxxxxxxxxxxx (reused)
Dec 03, 2025 19:55:56.257 [140732102062304] DEBUG - MyPlex: updating with 6 access tokens
Dec 03, 2025 19:55:56.257 [140732102062304] DEBUG - [HCl#2c] HTTP requesting GET https://plex.tv/api/v2/server/users?auth_token=xxxxxxxxxxxxxxxxxxxx
Dec 03, 2025 19:55:56.362 [140732144972000] DEBUG - [HttpClient/HCl#2c] HTTP/1.1 (0.1s) 200 response from GET https://plex.tv/api/v2/server/users?auth_token=xxxxxxxxxxxxxxxxxxxx (reused)
Dec 03, 2025 19:55:56.363 [140732136141024] DEBUG - [HCl#2d] HTTP requesting GET https://plex.tv/api/v2/server/users/subscriptions?auth_token=xxxxxxxxxxxxxxxxxxxx
Dec 03, 2025 19:55:56.471 [140732144972000] DEBUG - [HttpClient/HCl#2d] HTTP/1.1 (0.1s) 200 response from GET https://plex.tv/api/v2/server/users/subscriptions?auth_token=xxxxxxxxxxxxxxxxxxxx (reused)
Dec 03, 2025 19:55:56.471 [140732136141024] DEBUG - MyPlex: using cached data for request for https://plex.tv/api/v2/server/users/services?auth_token=xxxxxxxxxxxxxxxxxxxx
Dec 03, 2025 19:55:59.258 [140732108452064] DEBUG - [MediaProviderManager] Refreshing media providers
Dec 03, 2025 19:55:59.258 [140732108452064] DEBUG - [MediaProviderManager/Response::fetch/HCl#2e] HTTP requesting GET https://plex.tv/media/providers
Dec 03, 2025 19:55:59.373 [140732144972000] DEBUG - [HttpClient/HCl#2e] HTTP/1.1 (0.1s) 200 response from GET https://plex.tv/media/providers (reused)
Dec 03, 2025 19:55:59.373 [140732108452064] DEBUG - [MediaProviderManager] discovered cloud provider (Movies & Shows)
Dec 03, 2025 19:55:59.373 [140732108452064] DEBUG - [MediaProviderManager] discovered cloud provider (Metadata)
Dec 03, 2025 19:55:59.373 [140732108452064] DEBUG - [MediaProviderManager] loading cloud provider details (Metadata) (alive: 1)
Dec 03, 2025 19:55:59.373 [140732108452064] DEBUG - [MediaProviderManager] loading cloud provider details (Movies & Shows) (alive: 1)
Dec 03, 2025 19:55:59.373 [140732108452064] DEBUG - [MediaProviderManager] we had 2 cloud providers online, we now have 2
Dec 03, 2025 19:55:59.373 [140732108452064] DEBUG - [MediaProviderManager] cloud provider (Metadata) is online and available
Dec 03, 2025 19:55:59.373 [140732108452064] DEBUG - [MediaProviderManager] cloud provider (Movies & Shows) is online and available
Dec 03, 2025 19:55:59.373 [140732108452064] DEBUG - [MediaProviderManager] Media provider refresh complete
Dec 03, 2025 19:56:30.235 [140732099932384] DEBUG - [ViewStateSync] Starting
Dec 03, 2025 19:56:30.235 [140732099932384] DEBUG - [ViewStateSync] Fetching user tokens
Dec 03, 2025 19:56:30.235 [140732099932384] DEBUG - [ViewStateSync/HCl#2f] HTTP requesting GET https://plex.tv/api/v2/server/users/services?auth_token=xxxxxxxxxxxxxxxxxxxx
Dec 03, 2025 19:56:30.524 [140732144972000] DEBUG - [HttpClient/HCl#2f] HTTP/1.1 (0.3s) 200 response from GET https://plex.tv/api/v2/server/users/services?auth_token=xxxxxxxxxxxxxxxxxxxx
Dec 03, 2025 19:56:30.525 [140732136141024] DEBUG - [ViewStateSync] No user tokens found; stopping
Dec 03, 2025 19:57:25.774 [140732136141024] DEBUG - BPQ: [Starting] -> [Processing]
Dec 03, 2025 19:57:25.774 [140732136141024] DEBUG - BPQ: generating queue items from 0 generator(s)
Dec 03, 2025 19:57:25.774 [140732136141024] DEBUG - BPQ: generated 0 item(s) for queue
Dec 03, 2025 19:57:25.775 [140732136141024] DEBUG - BPQ: [Processing] -> [Idle]
Dec 03, 2025 19:57:27.931 [140732131881184] DEBUG - Request: [127.0.0.1:38170 (Loopback)] GET /servers (2 live) #1d GZIP Signed-in Token (rostas44)
Dec 03, 2025 19:57:27.931 [140732161503456] DEBUG - Completed: [127.0.0.1:38170] 200 GET /servers (2 live) #1d GZIP 0ms 493 bytes
Dec 03, 2025 19:57:27.933 [140732131881184] DEBUG - Request: [127.0.0.1:38174 (Loopback)] GET / (2 live) #28 GZIP Signed-in Token (rostas44)
Dec 03, 2025 19:57:27.934 [140732159373536] DEBUG - Completed: [127.0.0.1:38174] 200 GET / (2 live) #28 GZIP 0ms 3900 bytes
Dec 03, 2025 19:57:27.937 [140732131881184] DEBUG - Request: [127.0.0.1:38180 (Loopback)] GET /library/sections (2 live) #2a GZIP Signed-in Token (rostas44)
Dec 03, 2025 19:57:27.939 [140732161503456] DEBUG - Completed: [127.0.0.1:38180] 200 GET /library/sections (2 live) #2a GZIP 1ms 737 bytes
Dec 03, 2025 19:57:27.941 [140732131881184] DEBUG - Request: [127.0.0.1:38196 (Loopback)] GET /channels/all (2 live) #2c GZIP Signed-in Token (rostas44)
Dec 03, 2025 19:57:27.941 [140732161503456] DEBUG - Completed: [127.0.0.1:38196] 200 GET /channels/all (2 live) #2c GZIP 0ms 387 bytes
Dec 03, 2025 19:57:27.944 [140732131881184] DEBUG - Request: [127.0.0.1:38208 (Loopback)] GET /library/sections (2 live) #2e GZIP Signed-in Token (rostas44)
Dec 03, 2025 19:57:27.944 [140732161503456] DEBUG - Completed: [127.0.0.1:38208] 200 GET /library/sections (2 live) #2e GZIP 0ms 737 bytes
Dec 03, 2025 19:57:27.946 [140732131881184] DEBUG - Request: [127.0.0.1:38224 (Loopback)] GET /channels/all (2 live) #30 GZIP Signed-in Token (rostas44)
Dec 03, 2025 19:57:27.947 [140732161503456] DEBUG - Completed: [127.0.0.1:38224] 200 GET /channels/all (2 live) #30 GZIP 0ms 387 bytes
Dec 03, 2025 20:05:44.573 [140732171301088] DEBUG - Shutting down with signal 15 (Terminated)
Dec 03, 2025 20:05:44.573 [140732171301088] DEBUG - Ordered to stop server.
Dec 03, 2025 20:05:44.573 [140732171301088] DEBUG - [JobRunner] Job running: /usr/lib/plexmediaserver/CrashUploader --sessionStatus=exited --sessionStart=1764791725 --sessionDuration=619 --version=1.42.2.10156-f737b826c --userId=rostas881122@gmail.com --sentryUrl=https://o17675.ingest.sentry.io/api/1233455/ --sentryKey=xxxxxxxxxxxxxxxxxxxxxxxxxxxxxxxx
Dec 03, 2025 20:05:44.574 [140732171301088] DEBUG - [JobRunner] Jobs: Starting child process with pid 372
Dec 03, 2025 20:05:44.575 [140732236738176] DEBUG - Stopping server...
Dec 03, 2025 20:05:44.575 [140732236738176] DEBUG - HttpServer: Stopping server.
Dec 03, 2025 20:05:44.576 [140732091412704] DEBUG - TranscodeJobManager: [Running] onServerShutdown
Dec 03, 2025 20:05:44.576 [140732091412704] DEBUG - TranscodeJobManager: [Running] -> [Shutdown]
Dec 03, 2025 20:05:44.576 [140732099932384] DEBUG - MetadataItemClusterRequestHandler: a shutdown event has been received
Dec 03, 2025 20:05:44.576 [140732236738176] DEBUG - Server stopped.
Dec 03, 2025 20:05:44.576 [140732236738176] DEBUG - NetworkService: Stopping advertisement.
Dec 03, 2025 20:05:44.576 [140732121231584] ERROR - Network Service: Error in advertiser handle read: 125 (Operation canceled) socket=72
Dec 03, 2025 20:05:44.577 [140732236738176] DEBUG - Killing plug-ins.
Dec 03, 2025 20:05:44.605 [140732236738176] DEBUG - [com.plexapp.agents.imdb] Killing.
Dec 03, 2025 20:05:44.609 [140732171301088] WARN - JobManager: Could not find job for handle 311
Dec 03, 2025 20:05:44.610 [140732236738176] DEBUG - [com.plexapp.system] Killing.
Dec 03, 2025 20:05:44.618 [140732236738176] DEBUG - ChildProcessMonitor: Waiting for Plex Tuner Service to exit.
Dec 03, 2025 20:05:44.618 [140732236738176] DEBUG - [JobRunner] Signalling job ID 278 with 2
Dec 03, 2025 20:05:44.619 [140732171301088] WARN - JobManager: Could not find job for handle 211
Dec 03, 2025 20:05:44.630 [140732171301088] DEBUG - Jobs: '/usr/lib/plexmediaserver/Plex Tuner Service' exit code for process 278 is 0 (success)
Dec 03, 2025 20:05:44.631 [140732114841824] DEBUG - [ChildProcessMonitor] Plex Tuner Service exited.
Dec 03, 2025 20:05:44.632 [140732236738176] DEBUG - Database: Shutting down.
Dec 03, 2025 20:05:44.650 [140732236738176] DEBUG - Database: Shutting down.
