<SessionReport version="2" startTime="0" startTimestamp="Dec 24, 2025 14:16:07.561" key="/library/metadata/390" session="kq2g1movx2fzah7558ewwznc" transcode="1v9rm9bcsank34rcla0wn3gc">
<User id="1" thumb="https://plex.tv/users/a4b2edb13f508413/avatar?c=1766473066" title="rostas44" />
<Player address="192.168.1.137" device="OSX" machineIdentifier="1n5l82qnliqyklyrncc2oi35" model="bundled" platform="Safari" platformVersion="18.6" playbackId="29ba222b-7d9f-44f9-8ed9-cbc24da05c5a" product="Plex Web" remotePublicAddress="3.99.160.149" title="Safari" version="4.147.1" local="1" relayed="0" secure="1" userID="1" />
<Variants>
<Variant id="eec238d6-d937-4db2-8e0b-e7789198c8c3" targetBitrate="21092" context="streaming" sourceVideoCodec="h264" sourceAudioCodec="aac" videoDecision="transcode" audioDecision="copy" protocol="dash" container="mp4" videoCodec="h264" audioCodec="aac" audioChannels="2" transcodeHwRequested="0" transcodeHwFullPipeline="0">
<Media audioProfile="lc" id="411" videoProfile="high" audioChannels="2" audioCodec="aac" bitrate="20191" container="mp4" duration="4182" height="1920" optimizedForStreaming="1" protocol="dash" videoCodec="h264" videoFrameRate="NTSC" videoResolution="1080p" width="1080" selected="1">
<Part audioProfile="lc" deepAnalysisVersion="6" id="411" requiredBandwidths="7324,7245,7245,7245,7245,7245,7245,7245" videoProfile="high" bitrate="20191" container="mp4" duration="4182" height="1920" optimizedForStreaming="1" protocol="dash" width="1080" decision="transcode" selected="1">
<Stream bitDepth="8" bitrate="20000" codec="h264" colorTrc="bt709" default="1" displayTitle="1080p" extendedDisplayTitle="1080p (H.264)" frameRate="29.988" height="1920" id="372" requiredBandwidths="7148,7148,7148,7148,7148,7148,7148,7148" streamType="1" width="1080" decision="transcode" location="segments-video" />
<Stream bitrate="191" bitrateMode="cbr" channels="2" codec="aac" default="1" displayTitle="Unknown (AAC Stereo)" extendedDisplayTitle="Unknown (AAC Stereo)" id="371" profile="lc" requiredBandwidths="87,87,87,87,87,87,87,87" samplingRate="44100" selected="1" streamType="2" decision="copy" location="segments-audio" />
</Part>
</Media>
</Variant>
</Variants>
<SegmentList>
<Segment duration="4134" startOffset="0" endOffset="4134">
<File name="chunk-stream0-00001.m4s" type="video">
<FileVariant size="12288517" variant="eec238d6-d937-4db2-8e0b-e7789198c8c3" />
</File>
<File name="chunk-stream1-00001.m4s" type="audio">
<FileVariant size="100225" variant="eec238d6-d937-4db2-8e0b-e7789198c8c3" />
</File>
<Timelines>
<Transcode startTime="61" endTime="3174" complete="1" fileType="video" variant="eec238d6-d937-4db2-8e0b-e7789198c8c3" />
<Transcode startTime="61" endTime="3174" complete="1" fileType="audio" variant="eec238d6-d937-4db2-8e0b-e7789198c8c3" />
<Download startTime="3292" endTime="3786" complete="1" fileType="video" variant="eec238d6-d937-4db2-8e0b-e7789198c8c3" />
<Download startTime="3298" endTime="3298" complete="1" fileType="audio" variant="eec238d6-d937-4db2-8e0b-e7789198c8c3" />
</Timelines>
</Segment>
</SegmentList>
<PlaybackReports>
<Playback startTime="4391" endTime="4400" state="stopped" progress="0" />
<Playback startTime="4400" endTime="6361" state="playing" progress="0" />
<Playback startTime="6361" endTime="6373" state="stopped" progress="0" />
<Playback startTime="6373" endTime="7452" state="playing" progress="0" />
<Playback startTime="7452" endTime="7462" state="stopped" progress="0" />
<Playback startTime="7462" endTime="9163" state="playing" progress="0" />
<Playback startTime="9163" endTime="9171" state="stopped" progress="0" />
<Playback startTime="9171" endTime="10504" state="playing" progress="0" />
<Playback startTime="10504" endTime="10514" state="stopped" progress="0" />
<Playback startTime="10514" endTime="11947" state="playing" progress="0" />
<Playback startTime="11947" endTime="12012" state="stopped" progress="0" />
<Playback startTime="12012" state="playing" progress="0" />
</PlaybackReports>
<StateReports />
<StateReports />
</SessionReport>
