Dec 23, 2025 02:02:36.577 [140735440711160] INFO - Plex Media Scanner v1.42.2.10156-f737b826c - Docker Docker Container (LinuxServer.io) aarch64 - build: linux-aarch64 - GMT 00:00
Dec 23, 2025 02:02:36.577 [140735440711160] INFO - Linux version: 6.12.47+rpt-rpi-2712, language: en-US
Dec 23, 2025 02:02:36.577 [140735440711160] INFO - Processor: 4-core ARM Cortex-A76
Dec 23, 2025 02:02:36.577 [140735440711160] INFO - /usr/lib/plexmediaserver/Plex Media Scanner --analyze-deeply --item 555 --log-file-suffix  Deep Analysis
Dec 23, 2025 02:02:36.577 [140735521466680] DEBUG - Opening 20 database sessions to library (com.plexapp.plugins.library), SQLite 3.39.4, threadsafe=1
Dec 23, 2025 02:02:36.659 [140735521466680] DEBUG - [MI] Opening input file: "/data/Filmek/Bugonia.2025.MA.WEBRip.x264.HUN-FULCRUM/fulcrum-bugonia.2025.webrip.ma.mkv"
Dec 23, 2025 02:02:36.659 [140735521466680] DEBUG - [FFMPEG] - Opening '/data/Filmek/Bugonia.2025.MA.WEBRip.x264.HUN-FULCRUM/fulcrum-bugonia.2025.webrip.ma.mkv' for reading
Dec 23, 2025 02:02:36.659 [140735521466680] DEBUG - [FFMPEG] - Setting default whitelist 'file,crypto,data'
Dec 23, 2025 02:02:36.659 [140735521466680] DEBUG - [FFMPEG] - Format matroska,webm probed with size=2048 and score=100
Dec 23, 2025 02:02:36.659 [140735521466680] DEBUG - [FFMPEG] - Unknown entry 0x22B59D at pos. 4427
Dec 23, 2025 02:02:36.659 [140735521466680] DEBUG - [FFMPEG] - Unknown entry 0x22B59D at pos. 4513
Dec 23, 2025 02:02:36.659 [140735521466680] DEBUG - [FFMPEG] - Unknown entry 0x22B59D at pos. 4586
Dec 23, 2025 02:02:36.659 [140735521466680] DEBUG - [FFMPEG] - Unknown entry 0x22B59D at pos. 4646
Dec 23, 2025 02:02:36.659 [140735521466680] DEBUG - [FFMPEG] - Unknown entry 0x22B59D at pos. 4690
Dec 23, 2025 02:02:36.659 [140735521466680] DEBUG - [FFMPEG] - Unknown entry 0x22B59D at pos. 4734
Dec 23, 2025 02:02:36.659 [140735521466680] DEBUG - [FFMPEG] - Unknown entry 0x437D at pos. 6027
Dec 23, 2025 02:02:36.659 [140735521466680] DEBUG - [FFMPEG] - Unknown entry 0x437D at pos. 6079
Dec 23, 2025 02:02:36.659 [140735521466680] DEBUG - [FFMPEG] - Unknown entry 0x437D at pos. 6131
Dec 23, 2025 02:02:36.659 [140735521466680] DEBUG - [FFMPEG] - Unknown entry 0x437D at pos. 6183
Dec 23, 2025 02:02:36.659 [140735521466680] DEBUG - [FFMPEG] - Unknown entry 0x437D at pos. 6236
Dec 23, 2025 02:02:36.659 [140735521466680] DEBUG - [FFMPEG] - Unknown entry 0x437D at pos. 6289
Dec 23, 2025 02:02:36.659 [140735521466680] DEBUG - [FFMPEG] - Unknown entry 0x437D at pos. 6342
Dec 23, 2025 02:02:36.659 [140735521466680] DEBUG - [FFMPEG] - Unknown entry 0x437D at pos. 6395
Dec 23, 2025 02:02:36.659 [140735521466680] DEBUG - [FFMPEG] - Unknown entry 0x437D at pos. 6448
Dec 23, 2025 02:02:36.659 [140735521466680] DEBUG - [FFMPEG] - Unknown entry 0x437D at pos. 6501
Dec 23, 2025 02:02:36.659 [140735521466680] DEBUG - [FFMPEG] - Unknown entry 0x437D at pos. 6554
Dec 23, 2025 02:02:36.659 [140735521466680] DEBUG - [FFMPEG] - Unknown entry 0x437D at pos. 6607
Dec 23, 2025 02:02:36.659 [140735521466680] DEBUG - [FFMPEG] - Unknown entry 0x437D at pos. 6660
Dec 23, 2025 02:02:36.659 [140735521466680] DEBUG - [FFMPEG] - Unknown entry 0x437D at pos. 6713
Dec 23, 2025 02:02:36.659 [140735521466680] DEBUG - [FFMPEG] - Unknown entry 0x437D at pos. 6766
Dec 23, 2025 02:02:36.659 [140735521466680] DEBUG - [FFMPEG] - Unknown entry 0x437D at pos. 6819
Dec 23, 2025 02:02:36.659 [140735521466680] DEBUG - [FFMPEG] - Unknown entry 0x437D at pos. 6872
Dec 23, 2025 02:02:36.659 [140735521466680] DEBUG - [FFMPEG] - Unknown entry 0x437D at pos. 6925
Dec 23, 2025 02:02:36.659 [140735521466680] DEBUG - [FFMPEG] - Unknown entry 0x437D at pos. 6978
Dec 23, 2025 02:02:36.659 [140735521466680] DEBUG - [FFMPEG] - Unknown entry 0x437D at pos. 7031
Dec 23, 2025 02:02:36.659 [140735521466680] DEBUG - [FFMPEG] - Unknown entry 0x437D at pos. 7084
Dec 23, 2025 02:02:36.659 [140735521466680] DEBUG - [FFMPEG] - st:0 removing common factor 1000000 from timebase
Dec 23, 2025 02:02:36.659 [140735521466680] DEBUG - [FFMPEG] - st:1 removing common factor 1000000 from timebase
Dec 23, 2025 02:02:36.659 [140735521466680] DEBUG - [FFMPEG] - st:2 removing common factor 1000000 from timebase
Dec 23, 2025 02:02:36.659 [140735521466680] DEBUG - [FFMPEG] - st:3 removing common factor 1000000 from timebase
Dec 23, 2025 02:02:36.659 [140735521466680] DEBUG - [FFMPEG] - st:4 removing common factor 1000000 from timebase
Dec 23, 2025 02:02:36.659 [140735521466680] DEBUG - [FFMPEG] - st:5 removing common factor 1000000 from timebase
Dec 23, 2025 02:02:36.659 [140735521466680] DEBUG - [FFMPEG] - Before avformat_find_stream_info() pos: 7196 bytes read:34722 seeks:2 nb_streams:6
Dec 23, 2025 02:02:36.660 [140735521466680] DEBUG - [FFMPEG] - nal_unit_type: 7(SPS), nal_ref_idc: 3
Dec 23, 2025 02:02:36.660 [140735521466680] DEBUG - [FFMPEG] - nal_unit_type: 8(PPS), nal_ref_idc: 3
Dec 23, 2025 02:02:36.661 [140735521466680] DEBUG - [FFMPEG] - nal_unit_type: 7(SPS), nal_ref_idc: 3
Dec 23, 2025 02:02:36.661 [140735521466680] DEBUG - [FFMPEG] - nal_unit_type: 8(PPS), nal_ref_idc: 3
Dec 23, 2025 02:02:36.661 [140735521466680] DEBUG - [FFMPEG] - nal_unit_type: 6(SEI), nal_ref_idc: 0
Dec 23, 2025 02:02:36.661 [140735521466680] DEBUG - [FFMPEG] - nal_unit_type: 5(IDR), nal_ref_idc: 3
Dec 23, 2025 02:02:36.661 [140735521466680] DEBUG - [FFMPEG] - Format yuv420p chosen by get_format().
Dec 23, 2025 02:02:36.661 [140735521466680] DEBUG - [FFMPEG] - no picture 
Dec 23, 2025 02:02:36.662 [140735521466680] DEBUG - [FFMPEG] - nal_unit_type: 1(Coded slice of a non-IDR picture), nal_ref_idc: 2
Dec 23, 2025 02:02:36.662 [140735521466680] DEBUG - [FFMPEG] - no picture 
Dec 23, 2025 02:02:36.663 [140735521466680] DEBUG - [FFMPEG] - nal_unit_type: 1(Coded slice of a non-IDR picture), nal_ref_idc: 2
Dec 23, 2025 02:02:36.664 [140735521466680] DEBUG - [FFMPEG] - nal_unit_type: 1(Coded slice of a non-IDR picture), nal_ref_idc: 0
Dec 23, 2025 02:02:36.665 [140735521466680] DEBUG - [FFMPEG] - nal_unit_type: 1(Coded slice of a non-IDR picture), nal_ref_idc: 0
Dec 23, 2025 02:02:36.665 [140735521466680] DEBUG - [FFMPEG] - nal_unit_type: 1(Coded slice of a non-IDR picture), nal_ref_idc: 0
Dec 23, 2025 02:02:36.666 [140735521466680] DEBUG - [FFMPEG] - nal_unit_type: 1(Coded slice of a non-IDR picture), nal_ref_idc: 0
Dec 23, 2025 02:02:36.667 [140735521466680] DEBUG - [FFMPEG] - nal_unit_type: 1(Coded slice of a non-IDR picture), nal_ref_idc: 0
Dec 23, 2025 02:02:36.667 [140735521466680] DEBUG - [FFMPEG] - nal_unit_type: 1(Coded slice of a non-IDR picture), nal_ref_idc: 0
Dec 23, 2025 02:02:36.668 [140735521466680] DEBUG - [FFMPEG] - All info found
Dec 23, 2025 02:02:36.668 [140735521466680] DEBUG - [FFMPEG] - After avformat_find_stream_info() pos: 9032 bytes read:67490 seeks:2 frames:50
Dec 23, 2025 02:02:36.715 [140735521466680] DEBUG - Deep Analysis: Read 10000 packets at 140.098000
Dec 23, 2025 02:02:36.762 [140735521466680] DEBUG - Deep Analysis: Read 20000 packets at 279.893000
Dec 23, 2025 02:02:36.820 [140735521466680] DEBUG - Deep Analysis: Read 30000 packets at 419.626000
Dec 23, 2025 02:02:36.865 [140735521466680] DEBUG - Deep Analysis: Read 40000 packets at 559.401000
Dec 23, 2025 02:02:36.925 [140735521466680] DEBUG - Deep Analysis: Read 50000 packets at 698.773000
Dec 23, 2025 02:02:36.967 [140735521466680] DEBUG - Deep Analysis: Read 60000 packets at 838.079000
Dec 23, 2025 02:02:37.016 [140735521466680] DEBUG - Deep Analysis: Read 70000 packets at 977.215000
Dec 23, 2025 02:02:37.069 [140735521466680] DEBUG - Deep Analysis: Read 80000 packets at 1117.461000
Dec 23, 2025 02:02:37.114 [140735521466680] DEBUG - Deep Analysis: Read 90000 packets at 1256.505000
Dec 23, 2025 02:02:37.168 [140735521466680] DEBUG - Deep Analysis: Read 100000 packets at 1396.394000
Dec 23, 2025 02:02:37.216 [140735521466680] DEBUG - Deep Analysis: Read 110000 packets at 1534.992000
Dec 23, 2025 02:02:37.265 [140735521466680] DEBUG - Deep Analysis: Read 120000 packets at 1674.432000
Dec 23, 2025 02:02:37.310 [140735521466680] DEBUG - Deep Analysis: Read 130000 packets at 1814.186000
Dec 23, 2025 02:02:37.362 [140735521466680] DEBUG - Deep Analysis: Read 140000 packets at 1953.599000
Dec 23, 2025 02:02:37.411 [140735521466680] DEBUG - Deep Analysis: Read 150000 packets at 2093.801000
Dec 23, 2025 02:02:37.464 [140735521466680] DEBUG - Deep Analysis: Read 160000 packets at 2233.002000
Dec 23, 2025 02:02:37.516 [140735521466680] DEBUG - Deep Analysis: Read 170000 packets at 2371.946000
Dec 23, 2025 02:02:37.563 [140735521466680] DEBUG - Deep Analysis: Read 180000 packets at 2511.765000
Dec 23, 2025 02:02:37.609 [140735521466680] DEBUG - Deep Analysis: Read 190000 packets at 2650.815000
Dec 23, 2025 02:02:37.656 [140735521466680] DEBUG - Deep Analysis: Read 200000 packets at 2789.662000
Dec 23, 2025 02:02:37.702 [140735521466680] DEBUG - Deep Analysis: Read 210000 packets at 2929.940000
Dec 23, 2025 02:02:37.747 [140735521466680] DEBUG - Deep Analysis: Read 220000 packets at 3069.358000
Dec 23, 2025 02:02:37.785 [140735521466680] DEBUG - Deep Analysis: Read 230000 packets at 3209.386000
Dec 23, 2025 02:02:37.829 [140735521466680] DEBUG - Deep Analysis: Read 240000 packets at 3348.842000
Dec 23, 2025 02:02:37.891 [140735521466680] DEBUG - Deep Analysis: Read 250000 packets at 3488.029000
Dec 23, 2025 02:02:37.947 [140735521466680] DEBUG - Deep Analysis: Read 260000 packets at 3627.666000
Dec 23, 2025 02:02:37.997 [140735521466680] DEBUG - Deep Analysis: Read 270000 packets at 3766.805000
Dec 23, 2025 02:02:38.050 [140735521466680] DEBUG - Deep Analysis: Read 280000 packets at 3906.517000
Dec 23, 2025 02:02:38.102 [140735521466680] DEBUG - Deep Analysis: Read 290000 packets at 4045.482000
Dec 23, 2025 02:02:38.157 [140735521466680] DEBUG - Deep Analysis: Read 300000 packets at 4185.129000
Dec 23, 2025 02:02:38.202 [140735521466680] DEBUG - Deep Analysis: Read 310000 packets at 4324.992000
Dec 23, 2025 02:02:38.246 [140735521466680] DEBUG - Deep Analysis: Read 320000 packets at 4463.936000
Dec 23, 2025 02:02:38.291 [140735521466680] DEBUG - Deep Analysis: Read 330000 packets at 4603.477000
Dec 23, 2025 02:02:38.341 [140735521466680] DEBUG - Deep Analysis: Read 340000 packets at 4742.655000
Dec 23, 2025 02:02:38.395 [140735521466680] DEBUG - Deep Analysis: Read 350000 packets at 4881.813000
Dec 23, 2025 02:02:38.458 [140735521466680] DEBUG - Deep Analysis: Read 360000 packets at 5021.546000
Dec 23, 2025 02:02:38.519 [140735521466680] DEBUG - Deep Analysis: Read 370000 packets at 5161.066000
Dec 23, 2025 02:02:38.579 [140735521466680] DEBUG - Deep Analysis: Read 380000 packets at 5301.588000
Dec 23, 2025 02:02:38.663 [140735521466680] DEBUG - Deep Analysis: Read 390000 packets at 5442.346000
Dec 23, 2025 02:02:38.718 [140735521466680] DEBUG - Deep Analysis: Read 400000 packets at 5581.866000
Dec 23, 2025 02:02:38.775 [140735521466680] DEBUG - Deep Analysis: Read 410000 packets at 5720.874000
Dec 23, 2025 02:02:38.821 [140735521466680] DEBUG - Deep Analysis: Read 420000 packets at 5860.605000
Dec 23, 2025 02:02:38.867 [140735521466680] DEBUG - Deep Analysis: Read 430000 packets at 6000.255000
Dec 23, 2025 02:02:38.914 [140735521466680] DEBUG - Deep Analysis: Read 440000 packets at 6139.258000
Dec 23, 2025 02:02:38.967 [140735521466680] DEBUG - Deep Analysis: Read 450000 packets at 6279.722000
Dec 23, 2025 02:02:39.016 [140735521466680] DEBUG - Deep Analysis: Read 460000 packets at 6420.073000
Dec 23, 2025 02:02:39.060 [140735521466680] DEBUG - Deep Analysis: Read 470000 packets at 6560.387000
Dec 23, 2025 02:02:39.111 [140735521466680] DEBUG - Deep Analysis: Read 480000 packets at 6701.033000
Dec 23, 2025 02:02:39.134 [140735521466680] DEBUG - Deep Analysis: Read 490000 packets at 6841.812000
Dec 23, 2025 02:02:39.152 [140735521466680] DEBUG - Deep Analysis: Read 500000 packets at 6982.517000
Dec 23, 2025 02:02:39.168 [140735521466680] DEBUG - Deep Analysis: Sorting packets
Dec 23, 2025 02:02:39.187 [140735521466680] DEBUG - Deep Analysis: Performing file bitrate analysis
Dec 23, 2025 02:02:39.286 [140735521466680] DEBUG - Deep Analysis: Performing stream bitrate analysis on stream 0
Dec 23, 2025 02:02:39.321 [140735521466680] DEBUG - Deep Analysis: Performing stream bitrate analysis on stream 1
Dec 23, 2025 02:02:39.349 [140735521466680] DEBUG - Deep Analysis: Performing stream bitrate analysis on stream 2
Dec 23, 2025 02:02:39.350 [140735521466680] DEBUG - Deep Analysis: Performing stream bitrate analysis on stream 3
Dec 23, 2025 02:02:39.351 [140735521466680] DEBUG - Deep Analysis: Performing stream bitrate analysis on stream 4
Dec 23, 2025 02:02:39.351 [140735521466680] DEBUG - Deep Analysis: Performing stream bitrate analysis on stream 5
Dec 23, 2025 02:02:39.352 [140735521466680] DEBUG - Deep Analysis: Saving GoP analysis for stream 0
Dec 23, 2025 02:02:39.353 [140735521466680] DEBUG - Deep Analysis: Saving bitrate analysis
Dec 23, 2025 02:02:39.354 [140735521466680] DEBUG - Updating part with ID=662 [/data/Filmek/Bugonia.2025.MA.WEBRip.x264.HUN-FULCRUM/fulcrum-bugonia.2025.webrip.ma.mkv]
Dec 23, 2025 02:02:39.354 [140735521466680] DEBUG - [MI] Closing input file: "/data/Filmek/Bugonia.2025.MA.WEBRip.x264.HUN-FULCRUM/fulcrum-bugonia.2025.webrip.ma.mkv"
Dec 23, 2025 02:02:39.355 [140735521466680] DEBUG - Updating media item 662, size=2898613824, metadata_item_id=555
Dec 23, 2025 02:02:39.355 [140735521466680] DEBUG - Updating part with ID=662 [/data/Filmek/Bugonia.2025.MA.WEBRip.x264.HUN-FULCRUM/fulcrum-bugonia.2025.webrip.ma.mkv]
