<SessionReport version="2" startTime="0" startTimestamp="Dec 24, 2025 14:15:53.194" key="/library/metadata/39" session="kq2g1movx2fzah7558ewwznc" transcode="dd3204ax1qi6jetzxhj6y6ho">
<User id="1" thumb="https://plex.tv/users/a4b2edb13f508413/avatar?c=1766473066" title="rostas44" />
<Player address="192.168.1.137" device="OSX" machineIdentifier="1n5l82qnliqyklyrncc2oi35" model="bundled" platform="Safari" platformVersion="18.6" playbackId="287d85fd-a41b-48bd-8903-231f34dec2ee" product="Plex Web" remotePublicAddress="3.99.160.149" title="Safari" version="4.147.1" local="1" relayed="0" secure="1" userID="1" />
<Variants>
<Variant id="48120355-127e-4db3-97ed-542bc3337d33" targetBitrate="21269" context="streaming" sourceVideoCodec="hevc" sourceAudioCodec="aac" videoDecision="transcode" audioDecision="transcode" protocol="dash" container="mp4" videoCodec="h264" audioCodec="aac" audioChannels="2" transcodeHwRequested="0" transcodeHwFullPipeline="0">
<Media audioProfile="lc" id="66" videoProfile="main 10" audioChannels="2" audioCodec="aac" bitrate="20256" container="mp4" duration="11249" height="1920" optimizedForStreaming="1" protocol="dash" videoCodec="h264" videoFrameRate="NTSC" videoResolution="1080p" width="1080" selected="1">
<Part audioProfile="lc" deepAnalysisVersion="6" id="66" requiredBandwidths="6355,6355,6355,6355,6355,6355,6355,6355" videoProfile="main 10" bitrate="20256" container="mp4" duration="11249" height="1920" optimizedForStreaming="1" protocol="dash" width="1080" decision="transcode" selected="1">
<Stream bitDepth="8" bitrate="20000" codec="h264" default="1" displayTitle="1080p DoVi/HLG" extendedDisplayTitle="1080p DoVi/HLG (HEVC Main 10)" frameRate="29.996000289916992" height="1920" id="141" requiredBandwidths="6193,6193,6193,6193,6193,6193,6193,6193" streamType="1" width="1080" decision="transcode" location="segments-video" />
<Stream bitrate="256" bitrateMode="cbr" channels="2" codec="aac" default="1" displayTitle="Unknown (AAC Stereo)" extendedDisplayTitle="Unknown (AAC Stereo)" id="142" requiredBandwidths="139,139,139,139,139,139,139,139" selected="1" streamType="2" decision="transcode" location="segments-audio" />
</Part>
</Media>
</Variant>
</Variants>
<SegmentList>
<Segment duration="5000" startOffset="0" endOffset="5000">
<File name="chunk-stream0-00001.m4s" type="video">
<FileVariant size="14223822" variant="48120355-127e-4db3-97ed-542bc3337d33" />
</File>
<File name="chunk-stream1-00001.m4s" type="audio">
<FileVariant size="159279" variant="48120355-127e-4db3-97ed-542bc3337d33" />
</File>
<Timelines>
<Transcode startTime="18" endTime="7122" complete="1" fileType="video" variant="48120355-127e-4db3-97ed-542bc3337d33" />
<Transcode startTime="18" endTime="7122" complete="1" fileType="audio" variant="48120355-127e-4db3-97ed-542bc3337d33" />
</Timelines>
</Segment>
</SegmentList>
<PlaybackReports>
<Playback startTime="5464" endTime="5471" state="stopped" progress="0" />
<Playback startTime="5471" endTime="7796" state="playing" progress="0" />
<Playback startTime="7796" endTime="7888" state="stopped" progress="0" />
<Playback startTime="7888" endTime="7889" state="playing" progress="0" />
</PlaybackReports>
<StateReports />
<StateReports />
</SessionReport>
