Dec 25, 2025 02:02:34.153 [140732585831928] INFO - Plex Media Scanner v1.42.2.10156-f737b826c - Docker Docker Container (LinuxServer.io) aarch64 - build: linux-aarch64 - GMT 00:00
Dec 25, 2025 02:02:34.153 [140732585831928] INFO - Linux version: 6.12.47+rpt-rpi-2712, language: en-US
Dec 25, 2025 02:02:34.153 [140732585831928] INFO - Processor: 4-core ARM Cortex-A76
Dec 25, 2025 02:02:34.153 [140732585831928] INFO - /usr/lib/plexmediaserver/Plex Media Scanner --generate --chapter-thumbs-only --item 555 --log-file-suffix  Chapter Thumbnails
Dec 25, 2025 02:02:34.154 [140732666587448] DEBUG - Opening 20 database sessions to library (com.plexapp.plugins.library), SQLite 3.39.4, threadsafe=1
Dec 25, 2025 02:02:34.239 [140732666587448] DEBUG - Created chapter thumbnail for metadata item 555, media item 662 for chapter number 1:0 at "/config/Library/Application Support/Plex Media Server/Media/localhost/8/05b8eae8fc1a7338258a17c8f85cca73e8a8097.bundle/Contents/Chapters/chapter1.jpg"
Dec 25, 2025 02:02:34.239 [140732666587448] DEBUG - Created chapter thumbnail for metadata item 555, media item 662 for chapter number 2:335169 at "/config/Library/Application Support/Plex Media Server/Media/localhost/8/05b8eae8fc1a7338258a17c8f85cca73e8a8097.bundle/Contents/Chapters/chapter2.jpg"
Dec 25, 2025 02:02:34.239 [140732666587448] DEBUG - Created chapter thumbnail for metadata item 555, media item 662 for chapter number 3:736319 at "/config/Library/Application Support/Plex Media Server/Media/localhost/8/05b8eae8fc1a7338258a17c8f85cca73e8a8097.bundle/Contents/Chapters/chapter3.jpg"
Dec 25, 2025 02:02:34.239 [140732666587448] DEBUG - Created chapter thumbnail for metadata item 555, media item 662 for chapter number 4:1071110 at "/config/Library/Application Support/Plex Media Server/Media/localhost/8/05b8eae8fc1a7338258a17c8f85cca73e8a8097.bundle/Contents/Chapters/chapter4.jpg"
Dec 25, 2025 02:02:34.239 [140732666587448] DEBUG - Created chapter thumbnail for metadata item 555, media item 662 for chapter number 5:1328330 at "/config/Library/Application Support/Plex Media Server/Media/localhost/8/05b8eae8fc1a7338258a17c8f85cca73e8a8097.bundle/Contents/Chapters/chapter5.jpg"
Dec 25, 2025 02:02:34.239 [140732666587448] DEBUG - Created chapter thumbnail for metadata item 555, media item 662 for chapter number 6:1798130 at "/config/Library/Application Support/Plex Media Server/Media/localhost/8/05b8eae8fc1a7338258a17c8f85cca73e8a8097.bundle/Contents/Chapters/chapter6.jpg"
Dec 25, 2025 02:02:34.239 [140732666587448] DEBUG - Created chapter thumbnail for metadata item 555, media item 662 for chapter number 7:2095800 at "/config/Library/Application Support/Plex Media Server/Media/localhost/8/05b8eae8fc1a7338258a17c8f85cca73e8a8097.bundle/Contents/Chapters/chapter7.jpg"
Dec 25, 2025 02:02:34.239 [140732666587448] DEBUG - Created chapter thumbnail for metadata item 555, media item 662 for chapter number 8:2428050 at "/config/Library/Application Support/Plex Media Server/Media/localhost/8/05b8eae8fc1a7338258a17c8f85cca73e8a8097.bundle/Contents/Chapters/chapter8.jpg"
Dec 25, 2025 02:02:34.239 [140732666587448] DEBUG - Created chapter thumbnail for metadata item 555, media item 662 for chapter number 9:2892770 at "/config/Library/Application Support/Plex Media Server/Media/localhost/8/05b8eae8fc1a7338258a17c8f85cca73e8a8097.bundle/Contents/Chapters/chapter9.jpg"
Dec 25, 2025 02:02:34.239 [140732666587448] DEBUG - Created chapter thumbnail for metadata item 555, media item 662 for chapter number 10:3206620 at "/config/Library/Application Support/Plex Media Server/Media/localhost/8/05b8eae8fc1a7338258a17c8f85cca73e8a8097.bundle/Contents/Chapters/chapter10.jpg"
Dec 25, 2025 02:02:34.239 [140732666587448] DEBUG - Created chapter thumbnail for metadata item 555, media item 662 for chapter number 11:3504170 at "/config/Library/Application Support/Plex Media Server/Media/localhost/8/05b8eae8fc1a7338258a17c8f85cca73e8a8097.bundle/Contents/Chapters/chapter11.jpg"
Dec 25, 2025 02:02:34.239 [140732666587448] DEBUG - Created chapter thumbnail for metadata item 555, media item 662 for chapter number 12:4203740 at "/config/Library/Application Support/Plex Media Server/Media/localhost/8/05b8eae8fc1a7338258a17c8f85cca73e8a8097.bundle/Contents/Chapters/chapter12.jpg"
Dec 25, 2025 02:02:34.239 [140732666587448] DEBUG - Created chapter thumbnail for metadata item 555, media item 662 for chapter number 13:4515760 at "/config/Library/Application Support/Plex Media Server/Media/localhost/8/05b8eae8fc1a7338258a17c8f85cca73e8a8097.bundle/Contents/Chapters/chapter13.jpg"
Dec 25, 2025 02:02:34.239 [140732666587448] DEBUG - Created chapter thumbnail for metadata item 555, media item 662 for chapter number 14:4976430 at "/config/Library/Application Support/Plex Media Server/Media/localhost/8/05b8eae8fc1a7338258a17c8f85cca73e8a8097.bundle/Contents/Chapters/chapter14.jpg"
Dec 25, 2025 02:02:34.239 [140732666587448] DEBUG - Created chapter thumbnail for metadata item 555, media item 662 for chapter number 15:5196570 at "/config/Library/Application Support/Plex Media Server/Media/localhost/8/05b8eae8fc1a7338258a17c8f85cca73e8a8097.bundle/Contents/Chapters/chapter15.jpg"
