Dec 03, 2025 06:58:57.600 [0x7fff2797bb08] INFO - Plex Tuner Service v1.42.2.10156-f737b826c - Docker Docker Container (LinuxServer.io) aarch64 - build: 
Dec 03, 2025 06:58:57.600 [0x7fff2797bb08] INFO - Linux version: 6.12.47+rpt-rpi-2712 (#1 SMP PREEMPT Debian 1:6.12.47-1+rpt1~bookworm (2025-09-16)), language: en-US
Dec 03, 2025 06:58:57.600 [0x7fff2797bb08] INFO - Processor Unknown architecture
Dec 03, 2025 06:58:57.600 [0x7fff2797bb08] INFO - /usr/lib/plexmediaserver/Plex Tuner Service /usr/lib/plexmediaserver/Resources/Tuner/Private /usr/lib/plexmediaserver/Resources/Tuner/Shared 1.42.2.10156-f737b826c 32600
Dec 03, 2025 06:58:57.600 [0x7fff2993d890] INFO - [I] broker_t::start...
Dec 03, 2025 06:58:57.607 [0x7fff2993d890] INFO - [I] device_manager_t::init.
Dec 03, 2025 06:58:57.607 [0x7fff2993d890] INFO - [I] device_manager_t::init. Initialize provider manager
Dec 03, 2025 06:58:57.607 [0x7fff2993d890] INFO - [I] device_manager_t::init. Initialize all device auxes
Dec 03, 2025 06:58:57.607 [0x7fff2993d890] INFO - [I] dvb_device_factory_t::get_aux_list
Dec 03, 2025 06:58:57.607 [0x7fff2993d890] INFO - [I] tvbutler_aux_t::init
Dec 03, 2025 06:58:57.609 [0x7fff2993d890] INFO - [I] web_server_t::start. Starting web server on port 32600
Dec 03, 2025 06:59:05.562 [0x7fff2775bb08] INFO - [I] web_service_t::process_device_discovery
Dec 03, 2025 06:59:05.562 [0x7fff2775bb08] INFO - [I] device_reactor_t::get_device_list ()
Dec 03, 2025 06:59:07.565 [0x7fff2775bb08] INFO - [I] SAT2IP - discover_satip_servers(): no servers found
Dec 03, 2025 06:59:07.984 [0x7fff2775bb08] INFO - [I] v4l::DeviceGetList_impl. getting v4l device list
Dec 03, 2025 06:59:07.985 [0x7fff2775bb08] INFO - [I] onetv_factory::DeviceGetListEx >>
Dec 03, 2025 06:59:07.986 [0x7fff2775bb08] WARN - [W] onetv_factory::DeviceGetListEx. libusb_init returned an error -99
Dec 03, 2025 07:04:45.951 [0x7fff2993d890] INFO - Received SIGINT: Interrupt from keyboard.
Dec 03, 2025 07:04:45.966 [0x7fff2993d890] INFO - [I] device_manager_t::term
Dec 03, 2025 07:04:45.966 [0x7fff2993d890] INFO - [I] device_manager_t::term. Stop all devices
Dec 03, 2025 07:04:45.966 [0x7fff2993d890] INFO - [I] device_manager_t::term. Shut down all device auxes
Dec 03, 2025 07:04:45.966 [0x7fff2993d890] INFO - [I] tvbutler_aux_t::term
Dec 03, 2025 07:04:45.967 [0x7fff2993d890] INFO - [I] web_server_t::stop. Web server is stopped
Dec 03, 2025 07:04:45.967 [0x7fff2993d890] INFO - [I] device_manager_t::term
Dec 03, 2025 07:04:45.967 [0x7fff2993d890] INFO - [I] device_manager_t::term. Stop all devices
Dec 03, 2025 07:04:45.967 [0x7fff2993d890] INFO - [I] device_manager_t::term. Shut down all device auxes
Dec 03, 2025 07:04:45.968 [0x7fff2993d890] INFO - [I] broker_t::shutdown. Shutdown is completed.
