2025-12-21 17:57:31,448 (7fff6b3cd890) :  INFO (core:349) - Starting framework core - Version: 2.6.3, Build: f737b82 (Thu Sep 18 14:18:21 UTC 2025)
2025-12-21 17:57:31,449 (7fff6b3cd890) :  DEBUG (core:361) - Using the elevated policy
2025-12-21 17:57:31,449 (7fff6b3cd890) :  DEBUG (core:365) - Extending whitelist: ['cgi', 'tempfile']
2025-12-21 17:57:31,449 (7fff6b3cd890) :  DEBUG (core:450) - Starting runtime component.
2025-12-21 17:57:31,463 (7fff6b3cd890) :  DEBUG (core:450) - Starting caching component.
2025-12-21 17:57:31,464 (7fff6b3cd890) :  DEBUG (core:450) - Starting data component.
2025-12-21 17:57:31,464 (7fff6b3cd890) :  DEBUG (core:450) - Starting networking component.
2025-12-21 17:57:31,466 (7fff6b3cd890) :  DEBUG (networking:262) - Loaded HTTP cookies
2025-12-21 17:57:31,473 (7fff6b3cd890) :  DEBUG (networking:434) - Setting the default network timeout to 20.0
2025-12-21 17:57:31,475 (7fff6b3cd890) :  DEBUG (core:450) - Starting localization component.
2025-12-21 17:57:31,475 (7fff6b3cd890) :  INFO (localization:409) - Setting the default locale to en-us
2025-12-21 17:57:31,477 (7fff6b3cd890) :  WARNING (data:179) - Error decoding with simplejson, using demjson instead (this will cause a performance hit) - Expecting property name enclosed in double quotes: line 26 column 1 (char 1078)
2025-12-21 17:57:31,480 (7fff6b3cd890) :  DEBUG (localization:427) - Loaded en strings
2025-12-21 17:57:31,480 (7fff6b3cd890) :  DEBUG (core:450) - Starting messaging component.
2025-12-21 17:57:31,480 (7fff6b3cd890) :  DEBUG (core:450) - Starting debugging component.
2025-12-21 17:57:31,480 (7fff6b3cd890) :  DEBUG (core:450) - Starting services component.
2025-12-21 17:57:31,481 (7fff6b3cd890) :  DEBUG (core:450) - Starting myplex component.
2025-12-21 17:57:31,481 (7fff6b3cd890) :  DEBUG (core:450) - Starting notifications component.
2025-12-21 17:57:31,646 (7fff6b3cd890) :  DEBUG (accessor:68) - Creating a new model access point for provider com.plexapp.system in namespace 'metadata'
2025-12-21 17:57:31,660 (7fff67d3fb08) :  DEBUG (services:265) - Plug-in is not daemonized - loading services from system
2025-12-21 17:57:31,661 (7fff6b3cd890) :  DEBUG (runtime:1117) - Created a thread named 'load_all_services'
2025-12-21 17:57:31,664 (7fff6b3cd890) :  DEBUG (runtime:1117) - Created a thread named 'get_server_info'
2025-12-21 17:57:31,665 (7fff6b3cd890) :  DEBUG (core:150) - Finished starting framework core
2025-12-21 17:57:31,665 (7fff6b3cd890) :  DEBUG (core:560) - Loading plug-in code
2025-12-21 17:57:31,665 (7fff67cefb08) :  DEBUG (networking:144) - Requesting 'http://127.0.0.1:32400'
2025-12-21 17:57:31,669 (7fff67d3fb08) :  DEBUG (networking:144) - Requesting 'http://127.0.0.1:32400/:/plugins/com.plexapp.system/messaging/function/X0J1bmRsZVNlcnZpY2U6QWxsU2VydmljZXM_/Y2VyZWFsMQoxCmxpc3QKMApyMAo_/Y2VyZWFsMQoxCmRpY3QKMApyMAo_'
2025-12-21 17:57:31,692 (7fff6b3cd890) :  DEBUG (core:566) - Finished loading plug-in code
2025-12-21 17:57:31,692 (7fff6b3cd890) :  DEBUG (runtime:640) - Adding a prefix handler for 'System' ('/system')
2025-12-21 17:57:31,767 (7fff67cefb08) :  ERROR (networking:197) - Error opening URL 'http://127.0.0.1:32400'
2025-12-21 17:57:31,786 (7fff67cefb08) :  WARNING (core:541) - Unable to retrieve the machine identifier or server version.
2025-12-21 17:57:31,769 (7fff67d3fb08) :  ERROR (networking:197) - Error opening URL 'http://127.0.0.1:32400/:/plugins/com.plexapp.system/messaging/function/X0J1bmRsZVNlcnZpY2U6QWxsU2VydmljZXM_/Y2VyZWFsMQoxCmxpc3QKMApyMAo_/Y2VyZWFsMQoxCmRpY3QKMApyMAo_'
2025-12-21 17:57:31,843 (7fff67d3fb08) :  ERROR (services:272) - Unable to load services from system. Loading from the current bundle only.
2025-12-21 17:57:31,856 (7fff67d3fb08) :  DEBUG (services:362) - Loaded services
2025-12-21 17:57:31,860 (7fff67d17b08) :  DEBUG (services:438) - No shared code to load
2025-12-21 17:57:32,639 (7fff6b3cd890) :  INFO (__init__:35) - Starting System f737b82 (Thu Sep 18 14:18:21 UTC 2025)
2025-12-21 17:57:32,639 (7fff6b3cd890) :  DEBUG (runtime:640) - Adding a prefix handler for 'Player' ('/player')
2025-12-21 17:57:32,647 (7fff6b3cd890) :  INFO (datakit:93) - Loaded the dictionary file
2025-12-21 17:57:32,648 (7fff6b3cd890) :  DEBUG (agentservice:52) - Starting the agent service
2025-12-21 17:57:32,773 (7fff6b3cd890) :  DEBUG (accessor:68) - Creating a new model access point for provider com.plexapp.system in namespace 'metadata'
2025-12-21 17:57:32,781 (7fff6b3cd890) :  DEBUG (bundleservice:65) - Starting the bundle service
2025-12-21 17:57:32,782 (7fff6b3cd890) :  DEBUG (runtime:1117) - Created a thread named 'start'
2025-12-21 17:57:32,782 (7fff6b3cd890) :  DEBUG (playerservice:12) - Starting the player service
2025-12-21 17:57:32,783 (7fff6b3cd890) :  DEBUG (flagservice:13) - Starting the media flag service
2025-12-21 17:57:32,783 (7fff6b3cd890) :  DEBUG (runtime:1117) - Created a thread named 'start'
2025-12-21 17:57:32,783 (7fff6b3cd890) :  DEBUG (peerservice:141) - Starting the peer service
2025-12-21 17:57:32,785 (7fff67b13b08) :  DEBUG (peerservice:164) - Fetching the current list of servers
2025-12-21 17:57:32,785 (7fff6b3cd890) :  DEBUG (runtime:1117) - Created a thread named 'refresh_servers'
2025-12-21 17:57:32,785 (7fff67b63b08) :  DEBUG (runtime:1117) - Created a thread named 'ensure_agent_info_exists_inner'
2025-12-21 17:57:32,786 (7fff67b13b08) :  DEBUG (networking:144) - Requesting 'http://127.0.0.1:32400/servers'
2025-12-21 17:57:32,786 (7fff6b3cd890) :  DEBUG (runtime:1150) - Scheduled a timed thread named 'refresh_servers'
2025-12-21 17:57:32,786 (7fff6b3cd890) :  DEBUG (streamservice:18) - Starting the stream service
2025-12-21 17:57:32,787 (7fff6b3cd890) :  CRITICAL (runtime:709) - Private handlers are no longer supported; couldn't register <bound method StreamService.token_handler of <streamservice.StreamService object at 0x7fff6770ca90>>
2025-12-21 17:57:32,787 (7fff6b3cd890) :  DEBUG (runtime:1150) - Scheduled a timed thread named 'invalidation_timer'
2025-12-21 17:57:32,788 (7fff6b3cd890) :  DEBUG (proxyservice:12) - Starting the proxy service
2025-12-21 17:57:32,790 (7fff67b13b08) :  ERROR (networking:197) - Error opening URL 'http://127.0.0.1:32400/servers'
2025-12-21 17:57:32,791 (7fff6b3cd890) :  DEBUG (runtime:1117) - Created a thread named 'update_attribution_flags_inner'
2025-12-21 17:57:32,791 (7fff6b3cd890) :  INFO (core:611) - Started plug-in
2025-12-21 17:57:32,792 (7fff6b3cd890) :  DEBUG (socketinterface:160) - Starting socket server
2025-12-21 17:57:32,793 (7fff6b3cd890) :  DEBUG (runtime:1117) - Created a thread named 'start'
2025-12-21 17:57:32,794 (7fff6b3cd890) :  INFO (socketinterface:184) - Socket server started on port 39447
2025-12-21 17:57:32,794 (7fff6b3cd890) :  INFO (pipeinterface:25) - Entering run loop
2025-12-21 17:57:32,794 (7fff6b3cd890) :  DEBUG (runtime:717) - Handling request GET /:/prefixes
2025-12-21 17:57:32,796 (7fff6b3cd890) :  DEBUG (runtime:814) - Found route matching /:/prefixes
2025-12-21 17:57:32,798 (7fff67b13b08) :  CRITICAL (runtime:1128) - Exception in thread named 'refresh_servers' (most recent call last):
  File "/usr/lib/plexmediaserver/Resources/Plug-ins-f737b826c/Framework.bundle/Contents/Resources/Versions/2/Python/Framework/components/runtime.py", line 1126, in _start_thread
    f(*args, **kwargs)
  File "/usr/lib/plexmediaserver/Resources/Plug-ins-f737b826c/System.bundle/Contents/Code/peerservice.py", line 169, in refresh_servers
    servers_el = self.get_servers_el()
  File "/usr/lib/plexmediaserver/Resources/Plug-ins-f737b826c/System.bundle/Contents/Code/peerservice.py", line 165, in get_servers_el
    return XML.ElementFromURL('http://127.0.0.1:32400/servers', cacheTime = 0)
  File "/usr/lib/plexmediaserver/Resources/Plug-ins-f737b826c/Framework.bundle/Contents/Resources/Versions/2/Python/Framework/api/parsekit.py", line 344, in ElementFromURL
    method=method,
  File "/usr/lib/plexmediaserver/Resources/Plug-ins-f737b826c/Framework.bundle/Contents/Resources/Versions/2/Python/Framework/api/networkkit.py", line 67, in _http_request
    req = self._core.networking.http_request(url, *args, **kwargs)
  File "/usr/lib/plexmediaserver/Resources/Plug-ins-f737b826c/Framework.bundle/Contents/Resources/Versions/2/Python/Framework/components/networking.py", line 352, in http_request
    return HTTPRequest(self._core, url, data, h, url_cache, encoding, errors, timeout, immediate, sleep, opener, follow_redirects, method)
  File "/usr/lib/plexmediaserver/Resources/Plug-ins-f737b826c/Framework.bundle/Contents/Resources/Versions/2/Python/Framework/components/networking.py", line 119, in __init__
    self.load()
  File "/usr/lib/plexmediaserver/Resources/Plug-ins-f737b826c/Framework.bundle/Contents/Resources/Versions/2/Python/Framework/components/networking.py", line 159, in load
    f = self._opener.open(req, timeout=self._timeout)
  File "/usr/lib/plexmediaserver/Resources/Python/python27.zip/urllib2.py", line 435, in open
    response = meth(req, response)
  File "/usr/lib/plexmediaserver/Resources/Python/python27.zip/urllib2.py", line 548, in http_response
    'http', request, response, code, msg, hdrs)
  File "/usr/lib/plexmediaserver/Resources/Python/python27.zip/urllib2.py", line 473, in error
    return self._call_chain(*args)
  File "/usr/lib/plexmediaserver/Resources/Python/python27.zip/urllib2.py", line 407, in _call_chain
    result = func(*args)
  File "/usr/lib/plexmediaserver/Resources/Python/python27.zip/urllib2.py", line 556, in http_error_default
    raise HTTPError(req.get_full_url(), code, msg, hdrs, fp)
HTTPError: HTTP Error 503: Service Unavailable

2025-12-21 17:57:32,799 (7fff6b3cd890) :  DEBUG (runtime:924) - Response: [200] MediaContainer, 486 bytes
2025-12-21 17:57:32,799 (7fff67b63b08) :  DEBUG (runtime:1117) - Created a thread named 'ensure_agent_info_exists_inner'
2025-12-21 17:57:32,801 (7fff67b13b08) :  DEBUG (runtime:717) - Handling request GET /system/agents
2025-12-21 17:57:32,815 (7fff67b13b08) :  DEBUG (runtime:814) - Found route matching /system/agents
2025-12-21 17:57:32,816 (7fff67b63b08) :  DEBUG (runtime:1117) - Created a thread named 'ensure_agent_info_exists_inner'
2025-12-21 17:57:32,825 (7fff67b63b08) :  DEBUG (runtime:1117) - Created a thread named 'ensure_agent_info_exists_inner'
2025-12-21 17:57:32,895 (7fff67b63b08) :  DEBUG (runtime:1117) - Created a thread named 'ensure_agent_info_exists_inner'
2025-12-21 17:57:32,899 (7fff67b63b08) :  DEBUG (runtime:1117) - Created a thread named 'ensure_agent_info_exists_inner'
2025-12-21 17:57:32,903 (7fff67b63b08) :  DEBUG (runtime:1117) - Created a thread named 'ensure_agent_info_exists_inner'
2025-12-21 17:57:32,907 (7fff67b63b08) :  DEBUG (runtime:1117) - Created a thread named 'ensure_agent_info_exists_inner'
2025-12-21 17:57:32,909 (7fff67b63b08) :  DEBUG (runtime:1117) - Created a thread named 'ensure_agent_info_exists_inner'
2025-12-21 17:57:32,911 (7fff67b63b08) :  DEBUG (runtime:1117) - Created a thread named 'ensure_agent_info_exists_inner'
2025-12-21 17:57:32,912 (7fff67b63b08) :  INFO (bundleservice:131) - Found duplicate identifier at /usr/lib/plexmediaserver/Resources/Plug-ins-f737b826c/TheTVDBv4.bundle for bundled plugin (com.plexapp.agents.thetvdb), ignoring duplicate plugin.
2025-12-21 17:57:32,913 (7fff67b63b08) :  DEBUG (runtime:1117) - Created a thread named 'ensure_agent_info_exists_inner'
2025-12-21 17:57:32,916 (7fff67b63b08) :  DEBUG (runtime:1117) - Created a thread named 'ensure_agent_info_exists_inner'
2025-12-21 17:57:32,921 (7fff67b63b08) :  DEBUG (runtime:1117) - Created a thread named 'ensure_agent_info_exists_inner'
2025-12-21 17:57:32,924 (7fff67b63b08) :  DEBUG (runtime:1117) - Created a thread named 'remove_unavailable_agents'
2025-12-21 17:57:32,924 (7fff67b63b08) :  DEBUG (bundleservice:81) - Started the bundle service
2025-12-21 17:57:32,928 (7fff67b3bb08) :  DEBUG (flagservice:46) - Started the media flag service
2025-12-21 17:57:32,930 (7fff67a43b08) :  INFO (agentservice:129) - Agent info: {'com.plexapp.agents.fanarttv': [{'media_types': ['Movie'], 'primary_provider': False, 'fallback_agent': None, 'contributes_to': ['com.plexapp.agents.imdb', 'com.plexapp.agents.themoviedb'], 'has_attribution': True, 'languages': ['xn'], 'persist_stored_files': True, 'version': 0, 'accepts_from': None, 'prefs': True, 'name': 'Fanart.tv'}, {'media_types': ['TV_Show'], 'primary_provider': False, 'fallback_agent': None, 'contributes_to': ['com.plexapp.agents.thetvdb', 'com.plexapp.agents.themoviedb'], 'has_attribution': True, 'languages': ['xn'], 'persist_stored_files': True, 'version': 0, 'accepts_from': None, 'prefs': True, 'name': 'Fanart.tv'}, {'media_types': ['Artist'], 'primary_provider': False, 'fallback_agent': None, 'contributes_to': ['com.plexapp.agents.lastfm'], 'has_attribution': True, 'languages': ['xn'], 'persist_stored_files': True, 'version': 0, 'accepts_from': None, 'prefs': True, 'name': 'Fanart.tv'}, {'media_types': ['Album'], 'primary_provider': False, 'fallback_agent': None, 'contributes_to': ['com.plexapp.agents.lastfm'], 'has_attribution': True, 'languages': ['xn'], 'persist_stored_files': True, 'version': 0, 'accepts_from': None, 'prefs': True, 'name': 'Fanart.tv'}], 'com.plexapp.agents.none': [{'media_types': ['Movie'], 'primary_provider': True, 'fallback_agent': None, 'contributes_to': None, 'has_attribution': False, 'languages': ['xn'], 'persist_stored_files': True, 'version': 0, 'accepts_from': None, 'prefs': False, 'name': 'Personal Media'}, {'media_types': ['TV_Show'], 'primary_provider': True, 'fallback_agent': None, 'contributes_to': None, 'has_attribution': False, 'languages': ['xn'], 'persist_stored_files': True, 'version': 0, 'accepts_from': None, 'prefs': False, 'name': 'Personal Media Shows'}, {'media_types': ['Artist'], 'primary_provider': True, 'fallback_agent': None, 'contributes_to': None, 'has_attribution': False, 'languages': ['xn'], 'persist_stored_files': True, 'version': 0, 'accepts_from': None, 'prefs': False, 'name': 'Personal Media Artists'}, {'media_types': ['Album'], 'primary_provider': True, 'fallback_agent': None, 'contributes_to': None, 'has_attribution': False, 'languages': ['xn'], 'persist_stored_files': True, 'version': 0, 'accepts_from': None, 'prefs': False, 'name': 'Personal Media Albums'}, {'media_types': ['Photo'], 'primary_provider': True, 'fallback_agent': None, 'contributes_to': None, 'has_attribution': False, 'languages': ['en', 'ar', 'bg', 'ca', 'cs', 'cy', 'da', 'de', 'el', 'es', 'et', 'fa', 'fi', 'fr', 'he', 'hi', 'hr', 'ht', 'hu', 'id', 'it', 'ja', 'ko', 'lt', 'lv', 'ms', 'mt', 'nl', 'no', 'pl', 'pt', 'ro', 'ru', 'sk', 'sv', 'sl', 'sr', 'th', 'tr', 'uk', 'ur', 'vi', 'zh', 'xn'], 'persist_stored_files': True, 'version': 0, 'accepts_from': None, 'prefs': False, 'name': 'Photos'}], 'com.plexapp.agents.htbackdrops': [{'media_types': ['Artist'], 'primary_provider': False, 'fallback_agent': None, 'contributes_to': ['com.plexapp.agents.lastfm'], 'has_attribution': True, 'languages': ['ab', 'aa', 'af', 'ak', 'sq', 'am', 'ar', 'an', 'hy', 'as', 'av', 'ae', 'ay', 'az', 'bm', 'ba', 'eu', 'be', 'bn', 'bh', 'bi', 'bs', 'pb', 'br', 'bg', 'my', 'ca', 'ch', 'ce', 'ny', 'zh', 'cu', 'cv', 'kw', 'co', 'cr', 'hr', 'cs', 'da', 'dv', 'nl', 'dz', 'en', 'eo', 'et', 'ee', 'fo', 'fj', 'fi', 'fr', 'fy', 'ff', 'gd', 'gl', 'lg', 'ka', 'de', 'el', 'gn', 'gu', 'ht', 'ha', 'he', 'hz', 'hi', 'ho', 'hu', 'is', 'io', 'ig', 'id', 'ia', 'ie', 'iu', 'ik', 'ga', 'it', 'ja', 'jv', 'kl', 'kn', 'kr', 'ks', 'kk', 'km', 'ki', 'rw', 'ky', 'kv', 'kg', 'ko', 'kj', 'ku', 'lo', 'la', 'lv', 'li', 'ln', 'lt', 'lu', 'lb', 'mk', 'mg', 'ms', 'ml', 'mt', 'gv', 'mi', 'mr', 'mh', 'mo', 'mn', 'na', 'nv', 'ng', 'ne', 'xn', 'nd', 'no', 'nb', 'nn', 'oc', 'oj', 'or', 'om', 'os', 'pi', 'pa', 'fa', 'pl', 'pt', 'ps', 'qu', 'rm', 'ro', 'rn', 'ru', 'se', 'sm', 'sg', 'sa', 'sc', 'sr', 'sn', 'ii', 'sd', 'si', 'sk', 'sl', 'so', 'st', 'nr', 'es', 'su', 'sw', 'ss', 'sv', 'tl', 'ty', 'tg', 'ta', 'tt', 'te', 'th', 'bo', 'ti', 'to', 'ts', 'tn', 'tr', 'tk', 'tw', 'ug', 'uk', 'ur', 'uz', 've', 'vi', 'vo', 'wa', 'cy', 'wo', 'xh', 'yi', 'yo', 'za', 'zu'], 'persist_stored_files': True, 'version': 0, 'accepts_from': None, 'prefs': False, 'name': 'Home Theater Backdrops'}], 'com.plexapp.agents.imdb': [{'media_types': ['Movie'], 'accepts_from': ['com.plexapp.agents.localmedia'], 'fallback_agent': None, 'contributes_to': ['com.plexapp.agents.themoviedb'], 'has_attribution': True, 'languages': ['en', 'sv', 'fr', 'es', 'nl', 'de', 'it', 'da', 'ar', 'ca', 'zh', 'cs', 'et', 'fi', 'el', 'he', 'hi', 'hu', 'id', 'ja', 'ko', 'lv', 'no', 'fa', 'pl', 'pt', 'ro', 'ru', 'sk', 'th', 'tr', 'uk', 'vi'], 'persist_stored_files': True, 'version': 0, 'primary_provider': True, 'prefs': True, 'name': 'Plex Movie (Legacy)'}], 'com.plexapp.agents.lyricfind': [{'media_types': ['Album'], 'primary_provider': False, 'fallback_agent': None, 'contributes_to': ['com.plexapp.agents.lastfm', 'tv.plex.agents.music', 'org.musicbrainz.agents.music'], 'has_attribution': True, 'languages': ['xn'], 'persist_stored_files': True, 'version': 0, 'accepts_from': None, 'prefs': False, 'name': 'LyricFind'}], 'com.plexapp.agents.thetvdb': [{'media_types': ['TV_Show'], 'primary_provider': True, 'fallback_agent': None, 'contributes_to': None, 'has_attribution': True, 'languages': ['en', 'fr', 'zh', 'sv', 'no', 'da', 'fi', 'nl', 'de', 'it', 'es', 'pl', 'hu', 'el', 'tr', 'ru', 'he', 'ja', 'pt', 'cs', 'ko', 'sl', 'hr'], 'persist_stored_files': True, 'version': 0, 'accepts_from': None, 'prefs': True, 'name': 'TheTVDB'}], 'com.plexapp.agents.lastfm': [{'media_types': ['Artist'], 'primary_provider': True, 'fallback_agent': None, 'contributes_to': None, 'has_attribution': True, 'languages': ['en', 'sv', 'fr', 'es', 'de', 'pl', 'it', 'pt', 'ja', 'tr', 'ru', 'zh'], 'persist_stored_files': True, 'version': 0, 'accepts_from': None, 'prefs': True, 'name': 'Last.fm'}, {'media_types': ['Album'], 'primary_provider': True, 'fallback_agent': None, 'contributes_to': None, 'has_attribution': True, 'languages': ['en', 'sv', 'fr', 'es', 'de', 'pl', 'it', 'pt', 'ja', 'tr', 'ru', 'zh'], 'persist_stored_files': True, 'version': 0, 'accepts_from': None, 'prefs': True, 'name': 'Last.fm'}], 'org.musicbrainz.agents.music': [{'media_types': ['Artist'], 'primary_provider': True, 'fallback_agent': None, 'contributes_to': None, 'has_attribution': True, 'languages': ['en', 'ar', 'bg', 'zh', 'hr', 'cs', 'da', 'nl', 'fi', 'fr', 'de', 'el', 'hu', 'id', 'it', 'ja', 'ko', 'nn', 'pl', 'pt', 'ro', 'ru', 'sr', 'sk', 'es', 'sv', 'th', 'tr', 'vi', 'xx'], 'persist_stored_files': True, 'version': 0, 'accepts_from': None, 'prefs': True, 'name': 'Musicbrainz'}, {'media_types': ['Album'], 'primary_provider': True, 'fallback_agent': None, 'contributes_to': None, 'has_attribution': True, 'languages': ['en', 'ar', 'bg', 'zh', 'hr', 'cs', 'da', 'nl', 'fi', 'fr', 'de', 'el', 'hu', 'id', 'it', 'ja', 'ko', 'nn', 'pl', 'pt', 'ro', 'ru', 'sr', 'sk', 'es', 'sv', 'th', 'tr', 'vi', 'xx'], 'persist_stored_files': True, 'version': 0, 'accepts_from': None, 'prefs': True, 'name': 'Musicbrainz'}], 'com.plexapp.agents.themoviedb': [{'media_types': ['Movie'], 'primary_provider': True, 'fallback_agent': None, 'contributes_to': None, 'has_attribution': True, 'languages': ['en', 'cs', 'da', 'de', 'el', 'es', 'fi', 'fr', 'he', 'hr', 'hu', 'it', 'lv', 'lt', 'nl', 'no', 'pl', 'pt', 'ru', 'sk', 'sv', 'th', 'tr', 'vi', 'zh', 'ko'], 'persist_stored_files': True, 'version': 0, 'accepts_from': ['com.plexapp.agents.localmedia'], 'prefs': True, 'name': 'The Movie Database'}, {'media_types': ['TV_Show'], 'primary_provider': True, 'fallback_agent': None, 'contributes_to': ['com.plexapp.agents.thetvdb'], 'has_attribution': True, 'languages': ['en', 'cs', 'da', 'de', 'el', 'es', 'fi', 'fr', 'he', 'hr', 'hu', 'it', 'lv', 'lt', 'nl', 'no', 'pl', 'pt', 'ru', 'sk', 'sv', 'th', 'tr', 'vi', 'zh', 'ko'], 'persist_stored_files': True, 'version': 0, 'accepts_from': ['com.plexapp.agents.localmedia', 'com.plexapp.agents.thetvdb'], 'prefs': True, 'name': 'The Movie Database'}], 'com.plexapp.agents.movieposterdb': [{'media_types': ['Movie'], 'primary_provider': False, 'fallback_agent': None, 'contributes_to': ['com.plexapp.agents.imdb'], 'has_attribution': True, 'languages': ['xn'], 'persist_stored_files': True, 'version': 0, 'accepts_from': None, 'prefs': False, 'name': 'CineMaterial'}], 'com.plexapp.agents.localmedia': [{'media_types': ['Movie'], 'primary_provider': False, 'fallback_agent': None, 'contributes_to': ['com.plexapp.agents.imdb', 'com.plexapp.agents.none'], 'has_attribution': False, 'languages': ['xn'], 'persist_stored_files': False, 'version': 0, 'accepts_from': None, 'prefs': True, 'name': 'Local Media Assets (Movies)'}, {'media_types': ['TV_Show'], 'primary_provider': False, 'fallback_agent': None, 'contributes_to': ['com.plexapp.agents.thetvdb', 'com.plexapp.agents.none'], 'has_attribution': False, 'languages': ['xn'], 'persist_stored_files': False, 'version': 0, 'accepts_from': None, 'prefs': True, 'name': 'Local Media Assets (TV)'}, {'media_types': ['Artist'], 'primary_provider': False, 'fallback_agent': None, 'contributes_to': ['com.plexapp.agents.discogs', 'com.plexapp.agents.lastfm', 'com.plexapp.agents.plexmusic', 'com.plexapp.agents.none', 'tv.plex.agents.music', 'org.musicbrainz.agents.music'], 'has_attribution': False, 'languages': ['xn'], 'persist_stored_files': False, 'version': 0, 'accepts_from': None, 'prefs': True, 'name': 'Local Media Assets (Artists)'}, {'media_types': ['Artist'], 'primary_provider': False, 'fallback_agent': None, 'contributes_to': ['com.plexapp.agents.plexmusic'], 'has_attribution': False, 'languages': ['xn'], 'persist_stored_files': False, 'version': 2, 'accepts_from': None, 'prefs': True, 'name': 'Local Media Assets (Artists)'}, {'media_types': ['Album'], 'primary_provider': False, 'fallback_agent': None, 'contributes_to': ['com.plexapp.agents.discogs', 'com.plexapp.agents.lastfm', 'com.plexapp.agents.plexmusic', 'com.plexapp.agents.none', 'tv.plex.agents.music', 'org.musicbrainz.agents.music'], 'has_attribution': False, 'languages': ['xn'], 'persist_stored_files': False, 'version': 0, 'accepts_from': None, 'prefs': True, 'name': 'Local Media Assets (Albums)'}], 'com.plexapp.agents.plexthememusic': [{'media_types': ['TV_Show'], 'primary_provider': False, 'fallback_agent': None, 'contributes_to': ['com.plexapp.agents.thetvdb', 'com.plexapp.agents.thetvdbdvdorder', 'com.plexapp.agents.themoviedb'], 'has_attribution': False, 'languages': ['xn'], 'persist_stored_files': True, 'version': 0, 'accepts_from': None, 'prefs': False, 'name': 'Plex Theme Music'}]}
2025-12-21 17:57:32,937 (7fff67a43b08) :  INFO (datakit:131) - Saved the dictionary file
2025-12-21 17:57:32,937 (7fff67b13b08) :  DEBUG (runtime:1117) - Created a thread named 'ensure_agent_info_exists_inner'
2025-12-21 17:57:32,939 (7fff673fbb08) :  DEBUG (runtime:1117) - Created a thread named 'ensure_agent_info_exists_inner'
2025-12-21 17:57:32,946 (7fff67b13b08) :  DEBUG (runtime:924) - Response: [200] MediaContainer, 8986 bytes
2025-12-21 17:57:33,969 (7fff67b2bb08) :  DEBUG (runtime:717) - Handling request GET /system/messaging/clear_events/com.plexapp.agents.imdb
2025-12-21 17:57:33,995 (7fff67b2bb08) :  DEBUG (runtime:814) - Found route matching /system/messaging/clear_events/com.plexapp.agents.imdb
2025-12-21 17:57:33,997 (7fff67b2bb08) :  DEBUG (runtime:88) - Sending packed state data (99 bytes)
2025-12-21 17:57:33,997 (7fff67b2bb08) :  DEBUG (runtime:924) - Response: [200] str, 0 bytes
2025-12-21 17:57:34,121 (7fff67b2bb08) :  DEBUG (runtime:717) - Handling request GET /:/plugins/com.plexapp.system/resourceHashes
2025-12-21 17:57:34,134 (7fff67b2bb08) :  DEBUG (runtime:814) - Found route matching /:/plugins/com.plexapp.system/resourceHashes
2025-12-21 17:57:34,134 (7fff67b2bb08) :  DEBUG (networking:144) - Requesting 'http://resources-cdn.plexapp.com/hashes.json'
2025-12-21 17:57:34,239 (7fff67b2bb08) :  ERROR (networking:197) - Error opening URL 'http://resources-cdn.plexapp.com/hashes.json'
2025-12-21 17:57:34,240 (7fff67b2bb08) :  CRITICAL (runtime:1299) - Exception getting hosted resource hashes (most recent call last):
  File "/usr/lib/plexmediaserver/Resources/Plug-ins-f737b826c/Framework.bundle/Contents/Resources/Versions/2/Python/Framework/components/runtime.py", line 1291, in get_resource_hashes
    json = self._core.networking.http_request("http://resources-cdn.plexapp.com/hashes.json", timeout=5).content
  File "/usr/lib/plexmediaserver/Resources/Plug-ins-f737b826c/Framework.bundle/Contents/Resources/Versions/2/Python/Framework/components/networking.py", line 243, in content
    return self.__str__()
  File "/usr/lib/plexmediaserver/Resources/Plug-ins-f737b826c/Framework.bundle/Contents/Resources/Versions/2/Python/Framework/components/networking.py", line 221, in __str__
    self.load()
  File "/usr/lib/plexmediaserver/Resources/Plug-ins-f737b826c/Framework.bundle/Contents/Resources/Versions/2/Python/Framework/components/networking.py", line 159, in load
    f = self._opener.open(req, timeout=self._timeout)
  File "/usr/lib/plexmediaserver/Resources/Python/python27.zip/urllib2.py", line 435, in open
    response = meth(req, response)
  File "/usr/lib/plexmediaserver/Resources/Python/python27.zip/urllib2.py", line 548, in http_response
    'http', request, response, code, msg, hdrs)
  File "/usr/lib/plexmediaserver/Resources/Python/python27.zip/urllib2.py", line 473, in error
    return self._call_chain(*args)
  File "/usr/lib/plexmediaserver/Resources/Python/python27.zip/urllib2.py", line 407, in _call_chain
    result = func(*args)
  File "/usr/lib/plexmediaserver/Resources/Python/python27.zip/urllib2.py", line 556, in http_error_default
    raise HTTPError(req.get_full_url(), code, msg, hdrs, fp)
HTTPError: HTTP Error 404: Not Found

2025-12-21 17:57:34,242 (7fff67b2bb08) :  DEBUG (runtime:88) - Sending packed state data (99 bytes)
2025-12-21 17:57:34,242 (7fff67b2bb08) :  DEBUG (runtime:924) - Response: [404] NoneType, 0 bytes
2025-12-21 17:57:34,276 (7fff67b2bb08) :  DEBUG (runtime:717) - Handling request GET /:/plugins/com.plexapp.system/messaging/function/X0J1bmRsZVNlcnZpY2U6QWxsU2VydmljZXM_/Y2VyZWFsMQoxCmxpc3QKMApyMAo_/Y2VyZWFsMQoxCmRpY3QKMApyMAo_
2025-12-21 17:57:34,278 (7fff67b2bb08) :  DEBUG (runtime:49) - Received packed state data (80 bytes)
2025-12-21 17:57:34,279 (7fff67b2bb08) :  DEBUG (runtime:814) - Found route matching /:/plugins/com.plexapp.system/messaging/function/X0J1bmRsZVNlcnZpY2U6QWxsU2VydmljZXM_/Y2VyZWFsMQoxCmxpc3QKMApyMAo_/Y2VyZWFsMQoxCmRpY3QKMApyMAo_
2025-12-21 17:57:34,281 (7fff67b2bb08) :  DEBUG (runtime:88) - Sending packed state data (99 bytes)
2025-12-21 17:57:34,282 (7fff67b2bb08) :  DEBUG (runtime:924) - Response: [200] str, 516 bytes
2025-12-21 17:57:35,014 (7fff67b2bb08) :  DEBUG (runtime:717) - Handling request GET /:/plugins/com.plexapp.system/messaging/function/X0FnZW50U2VydmljZTpVcGRhdGVJbmZv/Y2VyZWFsMQoxCmxpc3QKMApyMAo_/Y2VyZWFsMQo3CmRpY3QKbGlzdApkaWN0Cmxpc3QKbGlzdApsaXN0Cmxpc3QKMgpzMjMKY29tLnBsZXhhcHAuYWdlbnRzLmltZGJzMTAKaWRlbnRpZmllcnIxCnMxMAphZ2VudF9pbmZvMQpyMgoxMApyMwpzMTEKbWVkaWFfdHlwZXNyNApzMTIKYWNjZXB0c19mcm9tbnMxNApmYWxsYmFja19hZ2VudHI1CnMxNApjb250cmlidXRlc190b3I2CnM5Cmxhbmd1YWdlc2IxczIwCnBlcnNpc3Rfc3RvcmVkX2ZpbGVzaTAKczcKdmVyc2lvbmIxczE2CnByaW1hcnlfcHJvdmlkZXJiMXM1CnByZWZzczE5ClBsZXggTW92aWUgKExlZ2FjeSlzNApuYW1lMQpzNQpNb3ZpZTEKczI5CmNvbS5wbGV4YXBwLmFnZW50cy5sb2NhbG1lZGlhMQpzMjkKY29tLnBsZXhhcHAuYWdlbnRzLnRoZW1vdmllZGIzMwpzMgplbnMyCnN2czIKZnJzMgplc3MyCm5sczIKZGVzMgppdHMyCmRhczIKYXJzMgpjYXMyCnpoczIKY3NzMgpldHMyCmZpczIKZWxzMgpoZXMyCmhpczIKaHVzMgppZHMyCmphczIKa29zMgpsdnMyCm5vczIKZmFzMgpwbHMyCnB0czIKcm9zMgpydXMyCnNrczIKdGhzMgp0cnMyCnVrczIKdmlyMAo_
2025-12-21 17:57:35,015 (7fff67b2bb08) :  DEBUG (runtime:49) - Received packed state data (80 bytes)
2025-12-21 17:57:35,016 (7fff67b2bb08) :  DEBUG (runtime:814) - Found route matching /:/plugins/com.plexapp.system/messaging/function/X0FnZW50U2VydmljZTpVcGRhdGVJbmZv/Y2VyZWFsMQoxCmxpc3QKMApyMAo_/Y2VyZWFsMQo3CmRpY3QKbGlzdApkaWN0Cmxpc3QKbGlzdApsaXN0Cmxpc3QKMgpzMjMKY29tLnBsZXhhcHAuYWdlbnRzLmltZGJzMTAKaWRlbnRpZmllcnIxCnMxMAphZ2VudF9pbmZvMQpyMgoxMApyMwpzMTEKbWVkaWFfdHlwZXNyNApzMTIKYWNjZXB0c19mcm9tbnMxNApmYWxsYmFja19hZ2VudHI1CnMxNApjb250cmlidXRlc190b3I2CnM5Cmxhbmd1YWdlc2IxczIwCnBlcnNpc3Rfc3RvcmVkX2ZpbGVzaTAKczcKdmVyc2lvbmIxczE2CnByaW1hcnlfcHJvdmlkZXJiMXM1CnByZWZzczE5ClBsZXggTW92aWUgKExlZ2FjeSlzNApuYW1lMQpzNQpNb3ZpZTEKczI5CmNvbS5wbGV4YXBwLmFnZW50cy5sb2NhbG1lZGlhMQpzMjkKY29tLnBsZXhhcHAuYWdlbnRzLnRoZW1vdmllZGIzMwpzMgplbnMyCnN2czIKZnJzMgplc3MyCm5sczIKZGVzMgppdHMyCmRhczIKYXJzMgpjYXMyCnpoczIKY3NzMgpldHMyCmZpczIKZWxzMgpoZXMyCmhpczIKaHVzMgppZHMyCmphczIKa29zMgpsdnMyCm5vczIKZmFzMgpwbHMyCnB0czIKcm9zMgpydXMyCnNrczIKdGhzMgp0cnMyCnVrczIKdmlyMAo_
2025-12-21 17:57:35,016 (7fff67b2bb08) :  INFO (agentservice:175) - Receiving agent info from com.plexapp.agents.imdb: [{'media_types': ['Movie'], 'primary_provider': True, 'fallback_agent': None, 'contributes_to': ['com.plexapp.agents.themoviedb'], 'languages': ['en', 'sv', 'fr', 'es', 'nl', 'de', 'it', 'da', 'ar', 'ca', 'zh', 'cs', 'et', 'fi', 'el', 'he', 'hi', 'hu', 'id', 'ja', 'ko', 'lv', 'no', 'fa', 'pl', 'pt', 'ro', 'ru', 'sk', 'th', 'tr', 'uk', 'vi'], 'persist_stored_files': True, 'version': 0, 'accepts_from': ['com.plexapp.agents.localmedia'], 'prefs': True, 'name': 'Plex Movie (Legacy)'}]
2025-12-21 17:57:35,017 (7fff67b2bb08) :  DEBUG (runtime:88) - Sending packed state data (99 bytes)
2025-12-21 17:57:35,018 (7fff67b2bb08) :  DEBUG (runtime:924) - Response: [200] str, 16 bytes
2025-12-21 17:57:37,815 (7fff67b2bb08) :  DEBUG (runtime:717) - Handling request GET /system/notify/serverUpdated?host=127.0.0.1
2025-12-21 17:57:37,816 (7fff67b2bb08) :  DEBUG (runtime:814) - Found route matching /system/notify/serverUpdated
2025-12-21 17:57:37,816 (7fff67b2bb08) :  DEBUG (peerservice:386) - Handling server update notification (127.0.0.1)
2025-12-21 17:57:37,817 (7fff67b2bb08) :  DEBUG (peerservice:189) - Updating servers (True/False True/True/True)
2025-12-21 17:57:37,817 (7fff67b2bb08) :  DEBUG (peerservice:164) - Fetching the current list of servers
2025-12-21 17:57:37,817 (7fff67b2bb08) :  DEBUG (networking:144) - Requesting 'http://127.0.0.1:32400/servers'
2025-12-21 17:57:37,819 (7fff67b2bb08) :  DEBUG (peerservice:198) - Found 1 servers
2025-12-21 17:57:37,819 (7fff67b2bb08) :  DEBUG (peerservice:214) - Ignoring 23cd5ae240c6f4722845bb5b0293884128c30b3d because host != 127.0.0.1 (192.168.1.121)
2025-12-21 17:57:37,820 (7fff67b2bb08) :  DEBUG (runtime:924) - Response: [200] str, 0 bytes
2025-12-21 17:57:37,952 (7fff67b53b08) :  INFO (datakit:131) - Saved the dictionary file
2025-12-21 17:59:32,787 (7fff67aebb08) :  DEBUG (runtime:1156) - Starting timed thread named 'refresh_servers'
2025-12-21 17:59:32,787 (7fff67aebb08) :  DEBUG (peerservice:164) - Fetching the current list of servers
2025-12-21 17:59:32,787 (7fff67aebb08) :  DEBUG (networking:144) - Requesting 'http://127.0.0.1:32400/servers'
2025-12-21 17:59:32,789 (7fff67aebb08) :  DEBUG (peerservice:171) - Refreshing local server
2025-12-21 17:59:32,789 (7fff67aebb08) :  DEBUG (peerservice:189) - Updating servers (True/False True/True/True)
2025-12-21 17:59:32,790 (7fff67aebb08) :  DEBUG (peerservice:198) - Found 1 servers
2025-12-21 17:59:32,790 (7fff67aebb08) :  DEBUG (networking:144) - Requesting 'http://127.0.0.1:32400'
2025-12-21 17:59:32,792 (7fff67aebb08) :  DEBUG (core:521) - Attribute 'machineIdentifier' set to '23cd5ae240c6f4722845bb5b0293884128c30b3d'
2025-12-21 17:59:32,792 (7fff67aebb08) :  DEBUG (peerservice:230) - Creating new server raspberry (23cd5ae240c6f4722845bb5b0293884128c30b3d)
2025-12-21 17:59:32,793 (7fff67aebb08) :  DEBUG (networking:144) - Requesting 'http://127.0.0.1:32400/library/sections'
2025-12-21 17:59:32,797 (7fff67aebb08) :  DEBUG (networking:144) - Requesting 'http://127.0.0.1:32400/channels/all'
2025-12-21 17:59:32,799 (7fff67b27b08) :  DEBUG (peerservice:176) - Background-refreshing remote servers
2025-12-21 17:59:32,799 (7fff67aebb08) :  DEBUG (runtime:1117) - Created a thread named 'background_refresh'
2025-12-21 17:59:32,799 (7fff67b27b08) :  DEBUG (peerservice:189) - Updating servers (True/False True/True/True)
2025-12-21 17:59:32,799 (7fff67b27b08) :  DEBUG (peerservice:198) - Found 1 servers
2025-12-21 17:59:32,800 (7fff67b27b08) :  DEBUG (peerservice:233) - Updating existing server raspberry (23cd5ae240c6f4722845bb5b0293884128c30b3d)
2025-12-21 17:59:32,800 (7fff67b27b08) :  DEBUG (networking:144) - Requesting 'http://127.0.0.1:32400/library/sections'
2025-12-21 17:59:32,802 (7fff67b27b08) :  DEBUG (networking:144) - Requesting 'http://127.0.0.1:32400/channels/all'
2025-12-21 18:57:32,787 (7fff67ac3b08) :  DEBUG (runtime:1156) - Starting timed thread named 'invalidation_timer'
2025-12-23 17:57:33,729 (7fff67b27b08) :  DEBUG (runtime:717) - Handling request GET /system/messaging/clear_events/com.plexapp.agents.imdb
2025-12-23 17:57:33,740 (7fff67b27b08) :  DEBUG (runtime:814) - Found route matching /system/messaging/clear_events/com.plexapp.agents.imdb
2025-12-23 17:57:33,743 (7fff67b27b08) :  DEBUG (runtime:88) - Sending packed state data (99 bytes)
2025-12-23 17:57:33,744 (7fff67b27b08) :  DEBUG (runtime:924) - Response: [200] str, 0 bytes
2025-12-23 17:57:33,848 (7fff67b27b08) :  DEBUG (runtime:717) - Handling request GET /:/plugins/com.plexapp.system/resourceHashes
2025-12-23 17:57:33,850 (7fff67b27b08) :  DEBUG (runtime:814) - Found route matching /:/plugins/com.plexapp.system/resourceHashes
2025-12-23 17:57:33,852 (7fff67b27b08) :  DEBUG (networking:144) - Requesting 'http://resources-cdn.plexapp.com/hashes.json'
2025-12-23 17:57:34,336 (7fff67b27b08) :  ERROR (networking:197) - Error opening URL 'http://resources-cdn.plexapp.com/hashes.json'
2025-12-23 17:57:34,337 (7fff67b27b08) :  CRITICAL (runtime:1299) - Exception getting hosted resource hashes (most recent call last):
  File "/usr/lib/plexmediaserver/Resources/Plug-ins-f737b826c/Framework.bundle/Contents/Resources/Versions/2/Python/Framework/components/runtime.py", line 1291, in get_resource_hashes
    json = self._core.networking.http_request("http://resources-cdn.plexapp.com/hashes.json", timeout=5).content
  File "/usr/lib/plexmediaserver/Resources/Plug-ins-f737b826c/Framework.bundle/Contents/Resources/Versions/2/Python/Framework/components/networking.py", line 243, in content
    return self.__str__()
  File "/usr/lib/plexmediaserver/Resources/Plug-ins-f737b826c/Framework.bundle/Contents/Resources/Versions/2/Python/Framework/components/networking.py", line 221, in __str__
    self.load()
  File "/usr/lib/plexmediaserver/Resources/Plug-ins-f737b826c/Framework.bundle/Contents/Resources/Versions/2/Python/Framework/components/networking.py", line 159, in load
    f = self._opener.open(req, timeout=self._timeout)
  File "/usr/lib/plexmediaserver/Resources/Python/python27.zip/urllib2.py", line 435, in open
    response = meth(req, response)
  File "/usr/lib/plexmediaserver/Resources/Python/python27.zip/urllib2.py", line 548, in http_response
    'http', request, response, code, msg, hdrs)
  File "/usr/lib/plexmediaserver/Resources/Python/python27.zip/urllib2.py", line 473, in error
    return self._call_chain(*args)
  File "/usr/lib/plexmediaserver/Resources/Python/python27.zip/urllib2.py", line 407, in _call_chain
    result = func(*args)
  File "/usr/lib/plexmediaserver/Resources/Python/python27.zip/urllib2.py", line 556, in http_error_default
    raise HTTPError(req.get_full_url(), code, msg, hdrs, fp)
HTTPError: HTTP Error 404: Not Found

2025-12-23 17:57:34,338 (7fff67b27b08) :  DEBUG (runtime:88) - Sending packed state data (99 bytes)
2025-12-23 17:57:34,338 (7fff67b27b08) :  DEBUG (runtime:924) - Response: [404] NoneType, 0 bytes
2025-12-23 17:57:34,352 (7fff67b27b08) :  DEBUG (runtime:717) - Handling request GET /:/plugins/com.plexapp.system/messaging/function/X0J1bmRsZVNlcnZpY2U6QWxsU2VydmljZXM_/Y2VyZWFsMQoxCmxpc3QKMApyMAo_/Y2VyZWFsMQoxCmRpY3QKMApyMAo_
2025-12-23 17:57:34,353 (7fff67b27b08) :  DEBUG (runtime:49) - Received packed state data (80 bytes)
2025-12-23 17:57:34,355 (7fff67b27b08) :  DEBUG (runtime:814) - Found route matching /:/plugins/com.plexapp.system/messaging/function/X0J1bmRsZVNlcnZpY2U6QWxsU2VydmljZXM_/Y2VyZWFsMQoxCmxpc3QKMApyMAo_/Y2VyZWFsMQoxCmRpY3QKMApyMAo_
2025-12-23 17:57:34,357 (7fff67b27b08) :  DEBUG (runtime:88) - Sending packed state data (99 bytes)
2025-12-23 17:57:34,358 (7fff67b27b08) :  DEBUG (runtime:924) - Response: [200] str, 516 bytes
2025-12-23 17:57:35,084 (7fff67b27b08) :  DEBUG (runtime:717) - Handling request GET /:/plugins/com.plexapp.system/messaging/function/X0FnZW50U2VydmljZTpVcGRhdGVJbmZv/Y2VyZWFsMQoxCmxpc3QKMApyMAo_/Y2VyZWFsMQo3CmRpY3QKbGlzdApkaWN0Cmxpc3QKbGlzdApsaXN0Cmxpc3QKMgpzMjMKY29tLnBsZXhhcHAuYWdlbnRzLmltZGJzMTAKaWRlbnRpZmllcnIxCnMxMAphZ2VudF9pbmZvMQpyMgoxMApyMwpzMTEKbWVkaWFfdHlwZXNyNApzMTIKYWNjZXB0c19mcm9tbnMxNApmYWxsYmFja19hZ2VudHI1CnMxNApjb250cmlidXRlc190b3I2CnM5Cmxhbmd1YWdlc2IxczIwCnBlcnNpc3Rfc3RvcmVkX2ZpbGVzaTAKczcKdmVyc2lvbmIxczE2CnByaW1hcnlfcHJvdmlkZXJiMXM1CnByZWZzczE5ClBsZXggTW92aWUgKExlZ2FjeSlzNApuYW1lMQpzNQpNb3ZpZTEKczI5CmNvbS5wbGV4YXBwLmFnZW50cy5sb2NhbG1lZGlhMQpzMjkKY29tLnBsZXhhcHAuYWdlbnRzLnRoZW1vdmllZGIzMwpzMgplbnMyCnN2czIKZnJzMgplc3MyCm5sczIKZGVzMgppdHMyCmRhczIKYXJzMgpjYXMyCnpoczIKY3NzMgpldHMyCmZpczIKZWxzMgpoZXMyCmhpczIKaHVzMgppZHMyCmphczIKa29zMgpsdnMyCm5vczIKZmFzMgpwbHMyCnB0czIKcm9zMgpydXMyCnNrczIKdGhzMgp0cnMyCnVrczIKdmlyMAo_
2025-12-23 17:57:35,085 (7fff67b27b08) :  DEBUG (runtime:49) - Received packed state data (80 bytes)
2025-12-23 17:57:35,086 (7fff67b27b08) :  DEBUG (runtime:814) - Found route matching /:/plugins/com.plexapp.system/messaging/function/X0FnZW50U2VydmljZTpVcGRhdGVJbmZv/Y2VyZWFsMQoxCmxpc3QKMApyMAo_/Y2VyZWFsMQo3CmRpY3QKbGlzdApkaWN0Cmxpc3QKbGlzdApsaXN0Cmxpc3QKMgpzMjMKY29tLnBsZXhhcHAuYWdlbnRzLmltZGJzMTAKaWRlbnRpZmllcnIxCnMxMAphZ2VudF9pbmZvMQpyMgoxMApyMwpzMTEKbWVkaWFfdHlwZXNyNApzMTIKYWNjZXB0c19mcm9tbnMxNApmYWxsYmFja19hZ2VudHI1CnMxNApjb250cmlidXRlc190b3I2CnM5Cmxhbmd1YWdlc2IxczIwCnBlcnNpc3Rfc3RvcmVkX2ZpbGVzaTAKczcKdmVyc2lvbmIxczE2CnByaW1hcnlfcHJvdmlkZXJiMXM1CnByZWZzczE5ClBsZXggTW92aWUgKExlZ2FjeSlzNApuYW1lMQpzNQpNb3ZpZTEKczI5CmNvbS5wbGV4YXBwLmFnZW50cy5sb2NhbG1lZGlhMQpzMjkKY29tLnBsZXhhcHAuYWdlbnRzLnRoZW1vdmllZGIzMwpzMgplbnMyCnN2czIKZnJzMgplc3MyCm5sczIKZGVzMgppdHMyCmRhczIKYXJzMgpjYXMyCnpoczIKY3NzMgpldHMyCmZpczIKZWxzMgpoZXMyCmhpczIKaHVzMgppZHMyCmphczIKa29zMgpsdnMyCm5vczIKZmFzMgpwbHMyCnB0czIKcm9zMgpydXMyCnNrczIKdGhzMgp0cnMyCnVrczIKdmlyMAo_
2025-12-23 17:57:35,087 (7fff67b27b08) :  INFO (agentservice:175) - Receiving agent info from com.plexapp.agents.imdb: [{'media_types': ['Movie'], 'primary_provider': True, 'fallback_agent': None, 'contributes_to': ['com.plexapp.agents.themoviedb'], 'languages': ['en', 'sv', 'fr', 'es', 'nl', 'de', 'it', 'da', 'ar', 'ca', 'zh', 'cs', 'et', 'fi', 'el', 'he', 'hi', 'hu', 'id', 'ja', 'ko', 'lv', 'no', 'fa', 'pl', 'pt', 'ro', 'ru', 'sk', 'th', 'tr', 'uk', 'vi'], 'persist_stored_files': True, 'version': 0, 'accepts_from': ['com.plexapp.agents.localmedia'], 'prefs': True, 'name': 'Plex Movie (Legacy)'}]
2025-12-23 17:57:35,089 (7fff67b27b08) :  DEBUG (runtime:88) - Sending packed state data (99 bytes)
2025-12-23 17:57:35,089 (7fff67b27b08) :  DEBUG (runtime:924) - Response: [200] str, 16 bytes
2025-12-23 17:57:40,098 (7fff67affb08) :  INFO (datakit:131) - Saved the dictionary file
